[0.215s] DEBUG:colcon:Command line arguments: ['/usr/bin/colcon', 'build', '--packages-select', 'disco_slam']
[0.216s] DEBUG:colcon:Parsed command line arguments: Namespace(log_base=None, log_level=None, verb_name='build', build_base='build', install_base='install', merge_install=False, symlink_install=False, test_result_base=None, continue_on_error=False, executor='parallel', parallel_workers=20, event_handlers=None, ignore_user_meta=False, metas=['./colcon.meta'], base_paths=['.'], packages_ignore=None, packages_ignore_regex=None, paths=None, packages_up_to=None, packages_up_to_regex=None, packages_above=None, packages_above_and_dependencies=None, packages_above_depth=None, packages_select_by_dep=None, packages_skip_by_dep=None, packages_skip_up_to=None, packages_select_build_failed=False, packages_skip_build_finished=False, packages_select_test_failures=False, packages_skip_test_passed=False, packages_select=['disco_slam'], packages_skip=None, packages_select_regex=None, packages_skip_regex=None, packages_start=None, packages_end=None, allow_overriding=[], cmake_args=None, cmake_target=None, cmake_target_skip_unavailable=False, cmake_clean_cache=False, cmake_clean_first=False, cmake_force_configure=False, ament_cmake_args=None, catkin_cmake_args=None, catkin_skip_building_tests=False, mixin_files=None, mixin=None, verb_parser=<colcon_mixin.mixin.mixin_argument.MixinArgumentDecorator object at 0x79f5da035f00>, verb_extension=<colcon_core.verb.build.BuildVerb object at 0x79f5da12ee90>, main=<bound method BuildVerb.main of <colcon_core.verb.build.BuildVerb object at 0x79f5da12ee90>>, mixin_verb=('build',))
[0.358s] Level 1:colcon.colcon_core.package_discovery:discover_packages(colcon_meta) check parameters
[0.358s] Level 1:colcon.colcon_core.package_discovery:discover_packages(recursive) check parameters
[0.358s] Level 1:colcon.colcon_core.package_discovery:discover_packages(ignore) check parameters
[0.358s] Level 1:colcon.colcon_core.package_discovery:discover_packages(path) check parameters
[0.358s] Level 1:colcon.colcon_core.package_discovery:discover_packages(colcon_meta) discover
[0.358s] Level 1:colcon.colcon_core.package_discovery:discover_packages(recursive) discover
[0.358s] INFO:colcon.colcon_core.package_discovery:Crawling recursively for packages in '/home/john22/disco_origin/src/disco_slam_copy'
[0.358s] Level 1:colcon.colcon_core.package_identification:_identify(.) by extensions ['ignore', 'ignore_ament_install']
[0.358s] Level 1:colcon.colcon_core.package_identification:_identify(.) by extension 'ignore'
[0.358s] Level 1:colcon.colcon_core.package_identification:_identify(.) by extension 'ignore_ament_install'
[0.358s] Level 1:colcon.colcon_core.package_identification:_identify(.) by extensions ['colcon_pkg']
[0.358s] Level 1:colcon.colcon_core.package_identification:_identify(.) by extension 'colcon_pkg'
[0.359s] Level 1:colcon.colcon_core.package_identification:_identify(.) by extensions ['colcon_meta']
[0.359s] Level 1:colcon.colcon_core.package_identification:_identify(.) by extension 'colcon_meta'
[0.359s] Level 1:colcon.colcon_core.package_identification:_identify(.) by extensions ['ros']
[0.359s] Level 1:colcon.colcon_core.package_identification:_identify(.) by extension 'ros'
[0.373s] DEBUG:colcon.colcon_core.package_identification:Package '.' with type 'ros.ament_cmake' and name 'disco_slam'
[0.373s] Level 1:colcon.colcon_core.package_discovery:discover_packages(recursive) using defaults
[0.373s] Level 1:colcon.colcon_core.package_discovery:discover_packages(ignore) discover
[0.373s] Level 1:colcon.colcon_core.package_discovery:discover_packages(ignore) using defaults
[0.373s] Level 1:colcon.colcon_core.package_discovery:discover_packages(path) discover
[0.373s] Level 1:colcon.colcon_core.package_discovery:discover_packages(path) using defaults
[0.406s] Level 1:colcon.colcon_core.package_discovery:discover_packages(prefix_path) check parameters
[0.406s] Level 1:colcon.colcon_core.package_discovery:discover_packages(prefix_path) discover
[0.407s] DEBUG:colcon.colcon_installed_package_information.package_discovery:Found 1 installed packages in /home/john22/disco_origin/install
[0.408s] DEBUG:colcon.colcon_installed_package_information.package_discovery:Found 319 installed packages in /opt/ros/humble
[0.410s] Level 1:colcon.colcon_core.package_discovery:discover_packages(prefix_path) using defaults
[0.440s] Level 5:colcon.colcon_core.verb:set package 'disco_slam' build argument 'cmake_args' from command line to 'None'
[0.440s] Level 5:colcon.colcon_core.verb:set package 'disco_slam' build argument 'cmake_target' from command line to 'None'
[0.440s] Level 5:colcon.colcon_core.verb:set package 'disco_slam' build argument 'cmake_target_skip_unavailable' from command line to 'False'
[0.440s] Level 5:colcon.colcon_core.verb:set package 'disco_slam' build argument 'cmake_clean_cache' from command line to 'False'
[0.440s] Level 5:colcon.colcon_core.verb:set package 'disco_slam' build argument 'cmake_clean_first' from command line to 'False'
[0.440s] Level 5:colcon.colcon_core.verb:set package 'disco_slam' build argument 'cmake_force_configure' from command line to 'False'
[0.440s] Level 5:colcon.colcon_core.verb:set package 'disco_slam' build argument 'ament_cmake_args' from command line to 'None'
[0.440s] Level 5:colcon.colcon_core.verb:set package 'disco_slam' build argument 'catkin_cmake_args' from command line to 'None'
[0.440s] Level 5:colcon.colcon_core.verb:set package 'disco_slam' build argument 'catkin_skip_building_tests' from command line to 'False'
[0.440s] DEBUG:colcon.colcon_core.verb:Building package 'disco_slam' with the following arguments: {'ament_cmake_args': None, 'build_base': '/home/john22/disco_origin/src/disco_slam_copy/build/disco_slam', 'catkin_cmake_args': None, 'catkin_skip_building_tests': False, 'cmake_args': None, 'cmake_clean_cache': False, 'cmake_clean_first': False, 'cmake_force_configure': False, 'cmake_target': None, 'cmake_target_skip_unavailable': False, 'install_base': '/home/john22/disco_origin/src/disco_slam_copy/install/disco_slam', 'merge_install': False, 'path': '/home/john22/disco_origin/src/disco_slam_copy', 'symlink_install': False, 'test_result_base': None}
[0.440s] INFO:colcon.colcon_core.executor:Executing jobs using 'parallel' executor
[0.442s] DEBUG:colcon.colcon_parallel_executor.executor.parallel:run_until_complete
[0.442s] INFO:colcon.colcon_ros.task.ament_cmake.build:Building ROS package in '/home/john22/disco_origin/src/disco_slam_copy' with build type 'ament_cmake'
[0.442s] INFO:colcon.colcon_cmake.task.cmake.build:Building CMake package in '/home/john22/disco_origin/src/disco_slam_copy'
[0.445s] INFO:colcon.colcon_core.plugin_system:Skipping extension 'colcon_core.shell.bat': Not used on non-Windows systems
[0.445s] INFO:colcon.colcon_core.shell:Skip shell extension 'powershell' for command environment: Not usable outside of PowerShell
[0.445s] DEBUG:colcon.colcon_core.shell:Skip shell extension 'dsv' for command environment
[0.457s] DEBUG:colcon.colcon_core.event_handler.log_command:Invoking command in '/home/john22/disco_origin/src/disco_slam_copy/build/disco_slam': CMAKE_PREFIX_PATH=/opt/ros/humble PS1=\n(TraeAI-19) \w [$?] $ __trae_PS1=\n(TraeAI-19) \w [$?] $ /usr/bin/cmake /home/john22/disco_origin/src/disco_slam_copy -DCMAKE_INSTALL_PREFIX=/home/john22/disco_origin/src/disco_slam_copy/install/disco_slam
[23.592s] DEBUG:colcon.colcon_core.event_handler.log_command:Invoked command in '/home/john22/disco_origin/src/disco_slam_copy/build/disco_slam' returned '0': CMAKE_PREFIX_PATH=/opt/ros/humble PS1=\n(TraeAI-19) \w [$?] $ __trae_PS1=\n(TraeAI-19) \w [$?] $ /usr/bin/cmake /home/john22/disco_origin/src/disco_slam_copy -DCMAKE_INSTALL_PREFIX=/home/john22/disco_origin/src/disco_slam_copy/install/disco_slam
[23.596s] DEBUG:colcon.colcon_core.event_handler.log_command:Invoking command in '/home/john22/disco_origin/src/disco_slam_copy/build/disco_slam': CMAKE_PREFIX_PATH=/opt/ros/humble PS1=\n(TraeAI-19) \w [$?] $ __trae_PS1=\n(TraeAI-19) \w [$?] $ /usr/bin/cmake --build /home/john22/disco_origin/src/disco_slam_copy/build/disco_slam -- -j20 -l20
[114.907s] DEBUG:colcon.colcon_core.event_handler.log_command:Invoked command in '/home/john22/disco_origin/src/disco_slam_copy/build/disco_slam' returned '0': CMAKE_PREFIX_PATH=/opt/ros/humble PS1=\n(TraeAI-19) \w [$?] $ __trae_PS1=\n(TraeAI-19) \w [$?] $ /usr/bin/cmake --build /home/john22/disco_origin/src/disco_slam_copy/build/disco_slam -- -j20 -l20
[114.923s] DEBUG:colcon.colcon_core.event_handler.log_command:Invoking command in '/home/john22/disco_origin/src/disco_slam_copy/build/disco_slam': CMAKE_PREFIX_PATH=/opt/ros/humble PS1=\n(TraeAI-19) \w [$?] $ __trae_PS1=\n(TraeAI-19) \w [$?] $ /usr/bin/cmake --install /home/john22/disco_origin/src/disco_slam_copy/build/disco_slam
[115.413s] Level 1:colcon.colcon_core.environment:create_environment_scripts_only(disco_slam)
[115.414s] DEBUG:colcon.colcon_core.event_handler.log_command:Invoked command in '/home/john22/disco_origin/src/disco_slam_copy/build/disco_slam' returned '0': CMAKE_PREFIX_PATH=/opt/ros/humble PS1=\n(TraeAI-19) \w [$?] $ __trae_PS1=\n(TraeAI-19) \w [$?] $ /usr/bin/cmake --install /home/john22/disco_origin/src/disco_slam_copy/build/disco_slam
[115.427s] Level 1:colcon.colcon_core.environment:checking '/home/john22/disco_origin/src/disco_slam_copy/install/disco_slam' for CMake module files
[115.428s] Level 1:colcon.colcon_core.environment:checking '/home/john22/disco_origin/src/disco_slam_copy/install/disco_slam' for CMake config files
[115.429s] Level 1:colcon.colcon_core.shell:create_environment_hook('disco_slam', 'cmake_prefix_path')
[115.430s] INFO:colcon.colcon_core.shell:Creating environment hook '/home/john22/disco_origin/src/disco_slam_copy/install/disco_slam/share/disco_slam/hook/cmake_prefix_path.ps1'
[115.432s] INFO:colcon.colcon_core.shell:Creating environment descriptor '/home/john22/disco_origin/src/disco_slam_copy/install/disco_slam/share/disco_slam/hook/cmake_prefix_path.dsv'
[115.432s] INFO:colcon.colcon_core.shell:Creating environment hook '/home/john22/disco_origin/src/disco_slam_copy/install/disco_slam/share/disco_slam/hook/cmake_prefix_path.sh'
[115.434s] Level 1:colcon.colcon_core.environment:checking '/home/john22/disco_origin/src/disco_slam_copy/install/disco_slam/lib'
[115.434s] Level 1:colcon.colcon_core.shell:create_environment_hook('disco_slam', 'ld_library_path_lib')
[115.434s] INFO:colcon.colcon_core.shell:Creating environment hook '/home/john22/disco_origin/src/disco_slam_copy/install/disco_slam/share/disco_slam/hook/ld_library_path_lib.ps1'
[115.435s] INFO:colcon.colcon_core.shell:Creating environment descriptor '/home/john22/disco_origin/src/disco_slam_copy/install/disco_slam/share/disco_slam/hook/ld_library_path_lib.dsv'
[115.436s] INFO:colcon.colcon_core.shell:Creating environment hook '/home/john22/disco_origin/src/disco_slam_copy/install/disco_slam/share/disco_slam/hook/ld_library_path_lib.sh'
[115.436s] Level 1:colcon.colcon_core.environment:checking '/home/john22/disco_origin/src/disco_slam_copy/install/disco_slam/bin'
[115.437s] Level 1:colcon.colcon_core.environment:checking '/home/john22/disco_origin/src/disco_slam_copy/install/disco_slam/lib/pkgconfig/disco_slam.pc'
[115.437s] Level 1:colcon.colcon_core.environment:checking '/home/john22/disco_origin/src/disco_slam_copy/install/disco_slam/lib/python3.10/site-packages'
[115.437s] Level 1:colcon.colcon_core.environment:checking '/home/john22/disco_origin/src/disco_slam_copy/install/disco_slam/bin'
[115.438s] INFO:colcon.colcon_core.shell:Creating package script '/home/john22/disco_origin/src/disco_slam_copy/install/disco_slam/share/disco_slam/package.ps1'
[115.440s] INFO:colcon.colcon_core.shell:Creating package descriptor '/home/john22/disco_origin/src/disco_slam_copy/install/disco_slam/share/disco_slam/package.dsv'
[115.441s] INFO:colcon.colcon_core.shell:Creating package script '/home/john22/disco_origin/src/disco_slam_copy/install/disco_slam/share/disco_slam/package.sh'
[115.442s] INFO:colcon.colcon_core.shell:Creating package script '/home/john22/disco_origin/src/disco_slam_copy/install/disco_slam/share/disco_slam/package.bash'
[115.443s] INFO:colcon.colcon_core.shell:Creating package script '/home/john22/disco_origin/src/disco_slam_copy/install/disco_slam/share/disco_slam/package.zsh'
[115.445s] Level 1:colcon.colcon_core.environment:create_file_with_runtime_dependencies(/home/john22/disco_origin/src/disco_slam_copy/install/disco_slam/share/colcon-core/packages/disco_slam)
[115.446s] Level 1:colcon.colcon_core.environment:create_environment_scripts_only(disco_slam)
[115.447s] Level 1:colcon.colcon_core.environment:checking '/home/john22/disco_origin/src/disco_slam_copy/install/disco_slam' for CMake module files
[115.447s] Level 1:colcon.colcon_core.environment:checking '/home/john22/disco_origin/src/disco_slam_copy/install/disco_slam' for CMake config files
[115.448s] Level 1:colcon.colcon_core.shell:create_environment_hook('disco_slam', 'cmake_prefix_path')
[115.448s] INFO:colcon.colcon_core.shell:Creating environment hook '/home/john22/disco_origin/src/disco_slam_copy/install/disco_slam/share/disco_slam/hook/cmake_prefix_path.ps1'
[115.449s] INFO:colcon.colcon_core.shell:Creating environment descriptor '/home/john22/disco_origin/src/disco_slam_copy/install/disco_slam/share/disco_slam/hook/cmake_prefix_path.dsv'
[115.450s] INFO:colcon.colcon_core.shell:Creating environment hook '/home/john22/disco_origin/src/disco_slam_copy/install/disco_slam/share/disco_slam/hook/cmake_prefix_path.sh'
[115.450s] Level 1:colcon.colcon_core.environment:checking '/home/john22/disco_origin/src/disco_slam_copy/install/disco_slam/lib'
[115.451s] Level 1:colcon.colcon_core.shell:create_environment_hook('disco_slam', 'ld_library_path_lib')
[115.451s] INFO:colcon.colcon_core.shell:Creating environment hook '/home/john22/disco_origin/src/disco_slam_copy/install/disco_slam/share/disco_slam/hook/ld_library_path_lib.ps1'
[115.451s] INFO:colcon.colcon_core.shell:Creating environment descriptor '/home/john22/disco_origin/src/disco_slam_copy/install/disco_slam/share/disco_slam/hook/ld_library_path_lib.dsv'
[115.452s] INFO:colcon.colcon_core.shell:Creating environment hook '/home/john22/disco_origin/src/disco_slam_copy/install/disco_slam/share/disco_slam/hook/ld_library_path_lib.sh'
[115.453s] Level 1:colcon.colcon_core.environment:checking '/home/john22/disco_origin/src/disco_slam_copy/install/disco_slam/bin'
[115.453s] Level 1:colcon.colcon_core.environment:checking '/home/john22/disco_origin/src/disco_slam_copy/install/disco_slam/lib/pkgconfig/disco_slam.pc'
[115.453s] Level 1:colcon.colcon_core.environment:checking '/home/john22/disco_origin/src/disco_slam_copy/install/disco_slam/lib/python3.10/site-packages'
[115.454s] Level 1:colcon.colcon_core.environment:checking '/home/john22/disco_origin/src/disco_slam_copy/install/disco_slam/bin'
[115.454s] INFO:colcon.colcon_core.shell:Creating package script '/home/john22/disco_origin/src/disco_slam_copy/install/disco_slam/share/disco_slam/package.ps1'
[115.455s] INFO:colcon.colcon_core.shell:Creating package descriptor '/home/john22/disco_origin/src/disco_slam_copy/install/disco_slam/share/disco_slam/package.dsv'
[115.456s] INFO:colcon.colcon_core.shell:Creating package script '/home/john22/disco_origin/src/disco_slam_copy/install/disco_slam/share/disco_slam/package.sh'
[115.456s] INFO:colcon.colcon_core.shell:Creating package script '/home/john22/disco_origin/src/disco_slam_copy/install/disco_slam/share/disco_slam/package.bash'
[115.457s] INFO:colcon.colcon_core.shell:Creating package script '/home/john22/disco_origin/src/disco_slam_copy/install/disco_slam/share/disco_slam/package.zsh'
[115.457s] Level 1:colcon.colcon_core.environment:create_file_with_runtime_dependencies(/home/john22/disco_origin/src/disco_slam_copy/install/disco_slam/share/colcon-core/packages/disco_slam)
[115.458s] DEBUG:colcon.colcon_parallel_executor.executor.parallel:closing loop
[115.459s] DEBUG:colcon.colcon_parallel_executor.executor.parallel:loop closed
[115.459s] DEBUG:colcon.colcon_parallel_executor.executor.parallel:run_until_complete finished with '0'
[115.460s] DEBUG:colcon.colcon_core.event_reactor:joining thread
[115.523s] INFO:colcon.colcon_core.plugin_system:Skipping extension 'colcon_notification.desktop_notification.notify_send': Could not find 'notify-send'
[115.524s] INFO:colcon.colcon_core.plugin_system:Skipping extension 'colcon_notification.desktop_notification.terminal_notifier': Not used on non-Darwin systems
[115.524s] INFO:colcon.colcon_core.plugin_system:Skipping extension 'colcon_notification.desktop_notification.win32': Not used on non-Windows systems
[115.524s] INFO:colcon.colcon_notification.desktop_notification:Sending desktop notification using 'notify2'
[115.525s] DEBUG:colcon.colcon_notification.desktop_notification.notify2:Failed to initialize notify2: org.freedesktop.DBus.Error.FileNotFound: Failed to connect to socket /run/user/1000/bus: No such file or directory
[115.525s] DEBUG:colcon.colcon_core.event_reactor:joined thread
[115.525s] INFO:colcon.colcon_core.shell:Creating prefix script '/home/john22/disco_origin/src/disco_slam_copy/install/local_setup.ps1'
[115.526s] INFO:colcon.colcon_core.shell:Creating prefix util module '/home/john22/disco_origin/src/disco_slam_copy/install/_local_setup_util_ps1.py'
[115.528s] INFO:colcon.colcon_core.shell:Creating prefix chain script '/home/john22/disco_origin/src/disco_slam_copy/install/setup.ps1'
[115.529s] INFO:colcon.colcon_core.shell:Creating prefix script '/home/john22/disco_origin/src/disco_slam_copy/install/local_setup.sh'
[115.530s] INFO:colcon.colcon_core.shell:Creating prefix util module '/home/john22/disco_origin/src/disco_slam_copy/install/_local_setup_util_sh.py'
[115.531s] INFO:colcon.colcon_core.shell:Creating prefix chain script '/home/john22/disco_origin/src/disco_slam_copy/install/setup.sh'
[115.532s] INFO:colcon.colcon_core.shell:Creating prefix script '/home/john22/disco_origin/src/disco_slam_copy/install/local_setup.bash'
[115.532s] INFO:colcon.colcon_core.shell:Creating prefix chain script '/home/john22/disco_origin/src/disco_slam_copy/install/setup.bash'
[115.533s] INFO:colcon.colcon_core.shell:Creating prefix script '/home/john22/disco_origin/src/disco_slam_copy/install/local_setup.zsh'
[115.534s] INFO:colcon.colcon_core.shell:Creating prefix chain script '/home/john22/disco_origin/src/disco_slam_copy/install/setup.zsh'
