[0.198s] DEBUG:colcon:Command line arguments: ['/usr/bin/colcon', 'build', '--packages-select', 'disco_slam']
[0.199s] DEBUG:colcon:Parsed command line arguments: Namespace(log_base=None, log_level=None, verb_name='build', build_base='build', install_base='install', merge_install=False, symlink_install=False, test_result_base=None, continue_on_error=False, executor='parallel', parallel_workers=20, event_handlers=None, ignore_user_meta=False, metas=['./colcon.meta'], base_paths=['.'], packages_ignore=None, packages_ignore_regex=None, paths=None, packages_up_to=None, packages_up_to_regex=None, packages_above=None, packages_above_and_dependencies=None, packages_above_depth=None, packages_select_by_dep=None, packages_skip_by_dep=None, packages_skip_up_to=None, packages_select_build_failed=False, packages_skip_build_finished=False, packages_select_test_failures=False, packages_skip_test_passed=False, packages_select=['disco_slam'], packages_skip=None, packages_select_regex=None, packages_skip_regex=None, packages_start=None, packages_end=None, allow_overriding=[], cmake_args=None, cmake_target=None, cmake_target_skip_unavailable=False, cmake_clean_cache=False, cmake_clean_first=False, cmake_force_configure=False, ament_cmake_args=None, catkin_cmake_args=None, catkin_skip_building_tests=False, mixin_files=None, mixin=None, verb_parser=<colcon_mixin.mixin.mixin_argument.MixinArgumentDecorator object at 0x725d2d245f00>, verb_extension=<colcon_core.verb.build.BuildVerb object at 0x725d2d342e90>, main=<bound method BuildVerb.main of <colcon_core.verb.build.BuildVerb object at 0x725d2d342e90>>, mixin_verb=('build',))
[0.332s] Level 1:colcon.colcon_core.package_discovery:discover_packages(colcon_meta) check parameters
[0.332s] Level 1:colcon.colcon_core.package_discovery:discover_packages(recursive) check parameters
[0.332s] Level 1:colcon.colcon_core.package_discovery:discover_packages(ignore) check parameters
[0.332s] Level 1:colcon.colcon_core.package_discovery:discover_packages(path) check parameters
[0.332s] Level 1:colcon.colcon_core.package_discovery:discover_packages(colcon_meta) discover
[0.333s] Level 1:colcon.colcon_core.package_discovery:discover_packages(recursive) discover
[0.333s] INFO:colcon.colcon_core.package_discovery:Crawling recursively for packages in '/home/john22/disco_origin/src/disco_slam_copy'
[0.333s] Level 1:colcon.colcon_core.package_identification:_identify(.) by extensions ['ignore', 'ignore_ament_install']
[0.333s] Level 1:colcon.colcon_core.package_identification:_identify(.) by extension 'ignore'
[0.333s] Level 1:colcon.colcon_core.package_identification:_identify(.) by extension 'ignore_ament_install'
[0.333s] Level 1:colcon.colcon_core.package_identification:_identify(.) by extensions ['colcon_pkg']
[0.333s] Level 1:colcon.colcon_core.package_identification:_identify(.) by extension 'colcon_pkg'
[0.333s] Level 1:colcon.colcon_core.package_identification:_identify(.) by extensions ['colcon_meta']
[0.333s] Level 1:colcon.colcon_core.package_identification:_identify(.) by extension 'colcon_meta'
[0.333s] Level 1:colcon.colcon_core.package_identification:_identify(.) by extensions ['ros']
[0.333s] Level 1:colcon.colcon_core.package_identification:_identify(.) by extension 'ros'
[0.347s] DEBUG:colcon.colcon_core.package_identification:Package '.' with type 'ros.ament_cmake' and name 'disco_slam'
[0.347s] Level 1:colcon.colcon_core.package_discovery:discover_packages(recursive) using defaults
[0.347s] Level 1:colcon.colcon_core.package_discovery:discover_packages(ignore) discover
[0.347s] Level 1:colcon.colcon_core.package_discovery:discover_packages(ignore) using defaults
[0.347s] Level 1:colcon.colcon_core.package_discovery:discover_packages(path) discover
[0.347s] Level 1:colcon.colcon_core.package_discovery:discover_packages(path) using defaults
[0.378s] Level 1:colcon.colcon_core.package_discovery:discover_packages(prefix_path) check parameters
[0.378s] Level 1:colcon.colcon_core.package_discovery:discover_packages(prefix_path) discover
[0.380s] DEBUG:colcon.colcon_installed_package_information.package_discovery:Found 319 installed packages in /opt/ros/humble
[0.381s] Level 1:colcon.colcon_core.package_discovery:discover_packages(prefix_path) using defaults
[0.419s] Level 5:colcon.colcon_core.verb:set package 'disco_slam' build argument 'cmake_args' from command line to 'None'
[0.419s] Level 5:colcon.colcon_core.verb:set package 'disco_slam' build argument 'cmake_target' from command line to 'None'
[0.419s] Level 5:colcon.colcon_core.verb:set package 'disco_slam' build argument 'cmake_target_skip_unavailable' from command line to 'False'
[0.419s] Level 5:colcon.colcon_core.verb:set package 'disco_slam' build argument 'cmake_clean_cache' from command line to 'False'
[0.419s] Level 5:colcon.colcon_core.verb:set package 'disco_slam' build argument 'cmake_clean_first' from command line to 'False'
[0.419s] Level 5:colcon.colcon_core.verb:set package 'disco_slam' build argument 'cmake_force_configure' from command line to 'False'
[0.419s] Level 5:colcon.colcon_core.verb:set package 'disco_slam' build argument 'ament_cmake_args' from command line to 'None'
[0.419s] Level 5:colcon.colcon_core.verb:set package 'disco_slam' build argument 'catkin_cmake_args' from command line to 'None'
[0.419s] Level 5:colcon.colcon_core.verb:set package 'disco_slam' build argument 'catkin_skip_building_tests' from command line to 'False'
[0.419s] DEBUG:colcon.colcon_core.verb:Building package 'disco_slam' with the following arguments: {'ament_cmake_args': None, 'build_base': '/home/john22/disco_origin/src/disco_slam_copy/build/disco_slam', 'catkin_cmake_args': None, 'catkin_skip_building_tests': False, 'cmake_args': None, 'cmake_clean_cache': False, 'cmake_clean_first': False, 'cmake_force_configure': False, 'cmake_target': None, 'cmake_target_skip_unavailable': False, 'install_base': '/home/john22/disco_origin/src/disco_slam_copy/install/disco_slam', 'merge_install': False, 'path': '/home/john22/disco_origin/src/disco_slam_copy', 'symlink_install': False, 'test_result_base': None}
[0.419s] INFO:colcon.colcon_core.executor:Executing jobs using 'parallel' executor
[0.421s] DEBUG:colcon.colcon_parallel_executor.executor.parallel:run_until_complete
[0.421s] INFO:colcon.colcon_ros.task.ament_cmake.build:Building ROS package in '/home/john22/disco_origin/src/disco_slam_copy' with build type 'ament_cmake'
[0.422s] INFO:colcon.colcon_cmake.task.cmake.build:Building CMake package in '/home/john22/disco_origin/src/disco_slam_copy'
[0.425s] INFO:colcon.colcon_core.plugin_system:Skipping extension 'colcon_core.shell.bat': Not used on non-Windows systems
[0.425s] INFO:colcon.colcon_core.shell:Skip shell extension 'powershell' for command environment: Not usable outside of PowerShell
[0.425s] DEBUG:colcon.colcon_core.shell:Skip shell extension 'dsv' for command environment
[0.441s] DEBUG:colcon.colcon_core.event_handler.log_command:Invoking command in '/home/john22/disco_origin/src/disco_slam_copy/build/disco_slam': CMAKE_PREFIX_PATH=/opt/ros/humble PS1=\n(TraeAI-23) \w [$?] $ __trae_PS1=\n(TraeAI-23) \w [$?] $ /usr/bin/cmake --build /home/john22/disco_origin/src/disco_slam_copy/build/disco_slam -- -j20 -l20
[36.385s] DEBUG:colcon.colcon_core.event_handler.log_command:Invoked command in '/home/john22/disco_origin/src/disco_slam_copy/build/disco_slam' returned '0': CMAKE_PREFIX_PATH=/opt/ros/humble PS1=\n(TraeAI-23) \w [$?] $ __trae_PS1=\n(TraeAI-23) \w [$?] $ /usr/bin/cmake --build /home/john22/disco_origin/src/disco_slam_copy/build/disco_slam -- -j20 -l20
[36.398s] DEBUG:colcon.colcon_core.event_handler.log_command:Invoking command in '/home/john22/disco_origin/src/disco_slam_copy/build/disco_slam': CMAKE_PREFIX_PATH=/opt/ros/humble PS1=\n(TraeAI-23) \w [$?] $ __trae_PS1=\n(TraeAI-23) \w [$?] $ /usr/bin/cmake --install /home/john22/disco_origin/src/disco_slam_copy/build/disco_slam
[36.515s] Level 1:colcon.colcon_core.environment:create_environment_scripts_only(disco_slam)
[36.526s] DEBUG:colcon.colcon_core.event_handler.log_command:Invoked command in '/home/john22/disco_origin/src/disco_slam_copy/build/disco_slam' returned '0': CMAKE_PREFIX_PATH=/opt/ros/humble PS1=\n(TraeAI-23) \w [$?] $ __trae_PS1=\n(TraeAI-23) \w [$?] $ /usr/bin/cmake --install /home/john22/disco_origin/src/disco_slam_copy/build/disco_slam
[36.528s] Level 1:colcon.colcon_core.environment:checking '/home/john22/disco_origin/src/disco_slam_copy/install/disco_slam' for CMake module files
[36.528s] Level 1:colcon.colcon_core.environment:checking '/home/john22/disco_origin/src/disco_slam_copy/install/disco_slam' for CMake config files
[36.529s] Level 1:colcon.colcon_core.shell:create_environment_hook('disco_slam', 'cmake_prefix_path')
[36.530s] INFO:colcon.colcon_core.shell:Creating environment hook '/home/john22/disco_origin/src/disco_slam_copy/install/disco_slam/share/disco_slam/hook/cmake_prefix_path.ps1'
[36.531s] INFO:colcon.colcon_core.shell:Creating environment descriptor '/home/john22/disco_origin/src/disco_slam_copy/install/disco_slam/share/disco_slam/hook/cmake_prefix_path.dsv'
[36.531s] INFO:colcon.colcon_core.shell:Creating environment hook '/home/john22/disco_origin/src/disco_slam_copy/install/disco_slam/share/disco_slam/hook/cmake_prefix_path.sh'
[36.532s] Level 1:colcon.colcon_core.environment:checking '/home/john22/disco_origin/src/disco_slam_copy/install/disco_slam/lib'
[36.533s] Level 1:colcon.colcon_core.shell:create_environment_hook('disco_slam', 'ld_library_path_lib')
[36.533s] INFO:colcon.colcon_core.shell:Creating environment hook '/home/john22/disco_origin/src/disco_slam_copy/install/disco_slam/share/disco_slam/hook/ld_library_path_lib.ps1'
[36.533s] INFO:colcon.colcon_core.shell:Creating environment descriptor '/home/john22/disco_origin/src/disco_slam_copy/install/disco_slam/share/disco_slam/hook/ld_library_path_lib.dsv'
[36.534s] INFO:colcon.colcon_core.shell:Creating environment hook '/home/john22/disco_origin/src/disco_slam_copy/install/disco_slam/share/disco_slam/hook/ld_library_path_lib.sh'
[36.535s] Level 1:colcon.colcon_core.environment:checking '/home/john22/disco_origin/src/disco_slam_copy/install/disco_slam/bin'
[36.535s] Level 1:colcon.colcon_core.environment:checking '/home/john22/disco_origin/src/disco_slam_copy/install/disco_slam/lib/pkgconfig/disco_slam.pc'
[36.535s] Level 1:colcon.colcon_core.environment:checking '/home/john22/disco_origin/src/disco_slam_copy/install/disco_slam/lib/python3.10/site-packages'
[36.535s] Level 1:colcon.colcon_core.environment:checking '/home/john22/disco_origin/src/disco_slam_copy/install/disco_slam/bin'
[36.536s] INFO:colcon.colcon_core.shell:Creating package script '/home/john22/disco_origin/src/disco_slam_copy/install/disco_slam/share/disco_slam/package.ps1'
[36.537s] INFO:colcon.colcon_core.shell:Creating package descriptor '/home/john22/disco_origin/src/disco_slam_copy/install/disco_slam/share/disco_slam/package.dsv'
[36.537s] INFO:colcon.colcon_core.shell:Creating package script '/home/john22/disco_origin/src/disco_slam_copy/install/disco_slam/share/disco_slam/package.sh'
[36.538s] INFO:colcon.colcon_core.shell:Creating package script '/home/john22/disco_origin/src/disco_slam_copy/install/disco_slam/share/disco_slam/package.bash'
[36.539s] INFO:colcon.colcon_core.shell:Creating package script '/home/john22/disco_origin/src/disco_slam_copy/install/disco_slam/share/disco_slam/package.zsh'
[36.540s] Level 1:colcon.colcon_core.environment:create_file_with_runtime_dependencies(/home/john22/disco_origin/src/disco_slam_copy/install/disco_slam/share/colcon-core/packages/disco_slam)
[36.541s] Level 1:colcon.colcon_core.environment:create_environment_scripts_only(disco_slam)
[36.542s] Level 1:colcon.colcon_core.environment:checking '/home/john22/disco_origin/src/disco_slam_copy/install/disco_slam' for CMake module files
[36.542s] Level 1:colcon.colcon_core.environment:checking '/home/john22/disco_origin/src/disco_slam_copy/install/disco_slam' for CMake config files
[36.543s] Level 1:colcon.colcon_core.shell:create_environment_hook('disco_slam', 'cmake_prefix_path')
[36.543s] INFO:colcon.colcon_core.shell:Creating environment hook '/home/john22/disco_origin/src/disco_slam_copy/install/disco_slam/share/disco_slam/hook/cmake_prefix_path.ps1'
[36.544s] INFO:colcon.colcon_core.shell:Creating environment descriptor '/home/john22/disco_origin/src/disco_slam_copy/install/disco_slam/share/disco_slam/hook/cmake_prefix_path.dsv'
[36.545s] INFO:colcon.colcon_core.shell:Creating environment hook '/home/john22/disco_origin/src/disco_slam_copy/install/disco_slam/share/disco_slam/hook/cmake_prefix_path.sh'
[36.546s] Level 1:colcon.colcon_core.environment:checking '/home/john22/disco_origin/src/disco_slam_copy/install/disco_slam/lib'
[36.546s] Level 1:colcon.colcon_core.shell:create_environment_hook('disco_slam', 'ld_library_path_lib')
[36.546s] INFO:colcon.colcon_core.shell:Creating environment hook '/home/john22/disco_origin/src/disco_slam_copy/install/disco_slam/share/disco_slam/hook/ld_library_path_lib.ps1'
[36.547s] INFO:colcon.colcon_core.shell:Creating environment descriptor '/home/john22/disco_origin/src/disco_slam_copy/install/disco_slam/share/disco_slam/hook/ld_library_path_lib.dsv'
[36.547s] INFO:colcon.colcon_core.shell:Creating environment hook '/home/john22/disco_origin/src/disco_slam_copy/install/disco_slam/share/disco_slam/hook/ld_library_path_lib.sh'
[36.548s] Level 1:colcon.colcon_core.environment:checking '/home/john22/disco_origin/src/disco_slam_copy/install/disco_slam/bin'
[36.549s] Level 1:colcon.colcon_core.environment:checking '/home/john22/disco_origin/src/disco_slam_copy/install/disco_slam/lib/pkgconfig/disco_slam.pc'
[36.549s] Level 1:colcon.colcon_core.environment:checking '/home/john22/disco_origin/src/disco_slam_copy/install/disco_slam/lib/python3.10/site-packages'
[36.550s] Level 1:colcon.colcon_core.environment:checking '/home/john22/disco_origin/src/disco_slam_copy/install/disco_slam/bin'
[36.550s] INFO:colcon.colcon_core.shell:Creating package script '/home/john22/disco_origin/src/disco_slam_copy/install/disco_slam/share/disco_slam/package.ps1'
[36.551s] INFO:colcon.colcon_core.shell:Creating package descriptor '/home/john22/disco_origin/src/disco_slam_copy/install/disco_slam/share/disco_slam/package.dsv'
[36.552s] INFO:colcon.colcon_core.shell:Creating package script '/home/john22/disco_origin/src/disco_slam_copy/install/disco_slam/share/disco_slam/package.sh'
[36.552s] INFO:colcon.colcon_core.shell:Creating package script '/home/john22/disco_origin/src/disco_slam_copy/install/disco_slam/share/disco_slam/package.bash'
[36.553s] INFO:colcon.colcon_core.shell:Creating package script '/home/john22/disco_origin/src/disco_slam_copy/install/disco_slam/share/disco_slam/package.zsh'
[36.554s] Level 1:colcon.colcon_core.environment:create_file_with_runtime_dependencies(/home/john22/disco_origin/src/disco_slam_copy/install/disco_slam/share/colcon-core/packages/disco_slam)
[36.554s] DEBUG:colcon.colcon_parallel_executor.executor.parallel:closing loop
[36.556s] DEBUG:colcon.colcon_parallel_executor.executor.parallel:loop closed
[36.556s] DEBUG:colcon.colcon_parallel_executor.executor.parallel:run_until_complete finished with '0'
[36.556s] DEBUG:colcon.colcon_core.event_reactor:joining thread
[36.617s] INFO:colcon.colcon_core.plugin_system:Skipping extension 'colcon_notification.desktop_notification.notify_send': Could not find 'notify-send'
[36.617s] INFO:colcon.colcon_core.plugin_system:Skipping extension 'colcon_notification.desktop_notification.terminal_notifier': Not used on non-Darwin systems
[36.617s] INFO:colcon.colcon_core.plugin_system:Skipping extension 'colcon_notification.desktop_notification.win32': Not used on non-Windows systems
[36.617s] INFO:colcon.colcon_notification.desktop_notification:Sending desktop notification using 'notify2'
[36.618s] DEBUG:colcon.colcon_notification.desktop_notification.notify2:Failed to initialize notify2: org.freedesktop.DBus.Error.FileNotFound: Failed to connect to socket /run/user/1000/bus: No such file or directory
[36.618s] DEBUG:colcon.colcon_core.event_reactor:joined thread
[36.619s] INFO:colcon.colcon_core.shell:Creating prefix script '/home/john22/disco_origin/src/disco_slam_copy/install/local_setup.ps1'
[36.620s] INFO:colcon.colcon_core.shell:Creating prefix util module '/home/john22/disco_origin/src/disco_slam_copy/install/_local_setup_util_ps1.py'
[36.623s] INFO:colcon.colcon_core.shell:Creating prefix chain script '/home/john22/disco_origin/src/disco_slam_copy/install/setup.ps1'
[36.624s] INFO:colcon.colcon_core.shell:Creating prefix script '/home/john22/disco_origin/src/disco_slam_copy/install/local_setup.sh'
[36.625s] INFO:colcon.colcon_core.shell:Creating prefix util module '/home/john22/disco_origin/src/disco_slam_copy/install/_local_setup_util_sh.py'
[36.626s] INFO:colcon.colcon_core.shell:Creating prefix chain script '/home/john22/disco_origin/src/disco_slam_copy/install/setup.sh'
[36.627s] INFO:colcon.colcon_core.shell:Creating prefix script '/home/john22/disco_origin/src/disco_slam_copy/install/local_setup.bash'
[36.627s] INFO:colcon.colcon_core.shell:Creating prefix chain script '/home/john22/disco_origin/src/disco_slam_copy/install/setup.bash'
[36.629s] INFO:colcon.colcon_core.shell:Creating prefix script '/home/john22/disco_origin/src/disco_slam_copy/install/local_setup.zsh'
[36.629s] INFO:colcon.colcon_core.shell:Creating prefix chain script '/home/john22/disco_origin/src/disco_slam_copy/install/setup.zsh'
