[0.183s] DEBUG:colcon:Command line arguments: ['/usr/bin/colcon', 'build', '--packages-select', 'disco_slam']
[0.184s] DEBUG:colcon:Parsed command line arguments: Namespace(log_base=None, log_level=None, verb_name='build', build_base='build', install_base='install', merge_install=False, symlink_install=False, test_result_base=None, continue_on_error=False, executor='parallel', parallel_workers=20, event_handlers=None, ignore_user_meta=False, metas=['./colcon.meta'], base_paths=['.'], packages_ignore=None, packages_ignore_regex=None, paths=None, packages_up_to=None, packages_up_to_regex=None, packages_above=None, packages_above_and_dependencies=None, packages_above_depth=None, packages_select_by_dep=None, packages_skip_by_dep=None, packages_skip_up_to=None, packages_select_build_failed=False, packages_skip_build_finished=False, packages_select_test_failures=False, packages_skip_test_passed=False, packages_select=['disco_slam'], packages_skip=None, packages_select_regex=None, packages_skip_regex=None, packages_start=None, packages_end=None, allow_overriding=[], cmake_args=None, cmake_target=None, cmake_target_skip_unavailable=False, cmake_clean_cache=False, cmake_clean_first=False, cmake_force_configure=False, ament_cmake_args=None, catkin_cmake_args=None, catkin_skip_building_tests=False, mixin_files=None, mixin=None, verb_parser=<colcon_mixin.mixin.mixin_argument.MixinArgumentDecorator object at 0x774db3c4dd80>, verb_extension=<colcon_core.verb.build.BuildVerb object at 0x774db3d52d10>, main=<bound method BuildVerb.main of <colcon_core.verb.build.BuildVerb object at 0x774db3d52d10>>, mixin_verb=('build',))
[0.342s] Level 1:colcon.colcon_core.package_discovery:discover_packages(colcon_meta) check parameters
[0.342s] Level 1:colcon.colcon_core.package_discovery:discover_packages(recursive) check parameters
[0.342s] Level 1:colcon.colcon_core.package_discovery:discover_packages(ignore) check parameters
[0.342s] Level 1:colcon.colcon_core.package_discovery:discover_packages(path) check parameters
[0.342s] Level 1:colcon.colcon_core.package_discovery:discover_packages(colcon_meta) discover
[0.342s] Level 1:colcon.colcon_core.package_discovery:discover_packages(recursive) discover
[0.342s] INFO:colcon.colcon_core.package_discovery:Crawling recursively for packages in '/home/john22/disco_origin/src/disco_slam_copy'
[0.343s] Level 1:colcon.colcon_core.package_identification:_identify(.) by extensions ['ignore', 'ignore_ament_install']
[0.343s] Level 1:colcon.colcon_core.package_identification:_identify(.) by extension 'ignore'
[0.343s] Level 1:colcon.colcon_core.package_identification:_identify(.) by extension 'ignore_ament_install'
[0.343s] Level 1:colcon.colcon_core.package_identification:_identify(.) by extensions ['colcon_pkg']
[0.343s] Level 1:colcon.colcon_core.package_identification:_identify(.) by extension 'colcon_pkg'
[0.343s] Level 1:colcon.colcon_core.package_identification:_identify(.) by extensions ['colcon_meta']
[0.343s] Level 1:colcon.colcon_core.package_identification:_identify(.) by extension 'colcon_meta'
[0.343s] Level 1:colcon.colcon_core.package_identification:_identify(.) by extensions ['ros']
[0.343s] Level 1:colcon.colcon_core.package_identification:_identify(.) by extension 'ros'
[0.357s] DEBUG:colcon.colcon_core.package_identification:Package '.' with type 'ros.ament_cmake' and name 'disco_slam'
[0.357s] Level 1:colcon.colcon_core.package_discovery:discover_packages(recursive) using defaults
[0.357s] Level 1:colcon.colcon_core.package_discovery:discover_packages(ignore) discover
[0.357s] Level 1:colcon.colcon_core.package_discovery:discover_packages(ignore) using defaults
[0.357s] Level 1:colcon.colcon_core.package_discovery:discover_packages(path) discover
[0.357s] Level 1:colcon.colcon_core.package_discovery:discover_packages(path) using defaults
[0.393s] Level 1:colcon.colcon_core.package_discovery:discover_packages(prefix_path) check parameters
[0.393s] Level 1:colcon.colcon_core.package_discovery:discover_packages(prefix_path) discover
[0.395s] DEBUG:colcon.colcon_installed_package_information.package_discovery:Found 319 installed packages in /opt/ros/humble
[0.397s] Level 1:colcon.colcon_core.package_discovery:discover_packages(prefix_path) using defaults
[0.429s] Level 5:colcon.colcon_core.verb:set package 'disco_slam' build argument 'cmake_args' from command line to 'None'
[0.429s] Level 5:colcon.colcon_core.verb:set package 'disco_slam' build argument 'cmake_target' from command line to 'None'
[0.429s] Level 5:colcon.colcon_core.verb:set package 'disco_slam' build argument 'cmake_target_skip_unavailable' from command line to 'False'
[0.429s] Level 5:colcon.colcon_core.verb:set package 'disco_slam' build argument 'cmake_clean_cache' from command line to 'False'
[0.429s] Level 5:colcon.colcon_core.verb:set package 'disco_slam' build argument 'cmake_clean_first' from command line to 'False'
[0.429s] Level 5:colcon.colcon_core.verb:set package 'disco_slam' build argument 'cmake_force_configure' from command line to 'False'
[0.429s] Level 5:colcon.colcon_core.verb:set package 'disco_slam' build argument 'ament_cmake_args' from command line to 'None'
[0.429s] Level 5:colcon.colcon_core.verb:set package 'disco_slam' build argument 'catkin_cmake_args' from command line to 'None'
[0.430s] Level 5:colcon.colcon_core.verb:set package 'disco_slam' build argument 'catkin_skip_building_tests' from command line to 'False'
[0.430s] DEBUG:colcon.colcon_core.verb:Building package 'disco_slam' with the following arguments: {'ament_cmake_args': None, 'build_base': '/home/john22/disco_origin/src/disco_slam_copy/build/disco_slam', 'catkin_cmake_args': None, 'catkin_skip_building_tests': False, 'cmake_args': None, 'cmake_clean_cache': False, 'cmake_clean_first': False, 'cmake_force_configure': False, 'cmake_target': None, 'cmake_target_skip_unavailable': False, 'install_base': '/home/john22/disco_origin/src/disco_slam_copy/install/disco_slam', 'merge_install': False, 'path': '/home/john22/disco_origin/src/disco_slam_copy', 'symlink_install': False, 'test_result_base': None}
[0.430s] INFO:colcon.colcon_core.executor:Executing jobs using 'parallel' executor
[0.431s] DEBUG:colcon.colcon_parallel_executor.executor.parallel:run_until_complete
[0.432s] INFO:colcon.colcon_ros.task.ament_cmake.build:Building ROS package in '/home/john22/disco_origin/src/disco_slam_copy' with build type 'ament_cmake'
[0.432s] INFO:colcon.colcon_cmake.task.cmake.build:Building CMake package in '/home/john22/disco_origin/src/disco_slam_copy'
[0.436s] INFO:colcon.colcon_core.plugin_system:Skipping extension 'colcon_core.shell.bat': Not used on non-Windows systems
[0.436s] INFO:colcon.colcon_core.shell:Skip shell extension 'powershell' for command environment: Not usable outside of PowerShell
[0.436s] DEBUG:colcon.colcon_core.shell:Skip shell extension 'dsv' for command environment
[0.452s] DEBUG:colcon.colcon_core.event_handler.log_command:Invoking command in '/home/john22/disco_origin/src/disco_slam_copy/build/disco_slam': CMAKE_PREFIX_PATH=/opt/ros/humble /usr/bin/cmake --build /home/john22/disco_origin/src/disco_slam_copy/build/disco_slam -- -j20 -l20
[0.844s] DEBUG:colcon.colcon_core.event_handler.log_command:Invoked command in '/home/john22/disco_origin/src/disco_slam_copy/build/disco_slam' returned '0': CMAKE_PREFIX_PATH=/opt/ros/humble /usr/bin/cmake --build /home/john22/disco_origin/src/disco_slam_copy/build/disco_slam -- -j20 -l20
[0.857s] DEBUG:colcon.colcon_core.event_handler.log_command:Invoking command in '/home/john22/disco_origin/src/disco_slam_copy/build/disco_slam': CMAKE_PREFIX_PATH=/opt/ros/humble /usr/bin/cmake --install /home/john22/disco_origin/src/disco_slam_copy/build/disco_slam
[0.932s] Level 1:colcon.colcon_core.environment:create_environment_scripts_only(disco_slam)
[0.933s] DEBUG:colcon.colcon_core.event_handler.log_command:Invoked command in '/home/john22/disco_origin/src/disco_slam_copy/build/disco_slam' returned '0': CMAKE_PREFIX_PATH=/opt/ros/humble /usr/bin/cmake --install /home/john22/disco_origin/src/disco_slam_copy/build/disco_slam
[0.936s] Level 1:colcon.colcon_core.environment:checking '/home/john22/disco_origin/src/disco_slam_copy/install/disco_slam' for CMake module files
[0.937s] Level 1:colcon.colcon_core.environment:checking '/home/john22/disco_origin/src/disco_slam_copy/install/disco_slam' for CMake config files
[0.938s] Level 1:colcon.colcon_core.shell:create_environment_hook('disco_slam', 'cmake_prefix_path')
[0.938s] INFO:colcon.colcon_core.shell:Creating environment hook '/home/john22/disco_origin/src/disco_slam_copy/install/disco_slam/share/disco_slam/hook/cmake_prefix_path.ps1'
[0.939s] INFO:colcon.colcon_core.shell:Creating environment descriptor '/home/john22/disco_origin/src/disco_slam_copy/install/disco_slam/share/disco_slam/hook/cmake_prefix_path.dsv'
[0.939s] INFO:colcon.colcon_core.shell:Creating environment hook '/home/john22/disco_origin/src/disco_slam_copy/install/disco_slam/share/disco_slam/hook/cmake_prefix_path.sh'
[0.941s] Level 1:colcon.colcon_core.environment:checking '/home/john22/disco_origin/src/disco_slam_copy/install/disco_slam/lib'
[0.941s] Level 1:colcon.colcon_core.shell:create_environment_hook('disco_slam', 'ld_library_path_lib')
[0.941s] INFO:colcon.colcon_core.shell:Creating environment hook '/home/john22/disco_origin/src/disco_slam_copy/install/disco_slam/share/disco_slam/hook/ld_library_path_lib.ps1'
[0.942s] INFO:colcon.colcon_core.shell:Creating environment descriptor '/home/john22/disco_origin/src/disco_slam_copy/install/disco_slam/share/disco_slam/hook/ld_library_path_lib.dsv'
[0.942s] INFO:colcon.colcon_core.shell:Creating environment hook '/home/john22/disco_origin/src/disco_slam_copy/install/disco_slam/share/disco_slam/hook/ld_library_path_lib.sh'
[0.943s] Level 1:colcon.colcon_core.environment:checking '/home/john22/disco_origin/src/disco_slam_copy/install/disco_slam/bin'
[0.943s] Level 1:colcon.colcon_core.environment:checking '/home/john22/disco_origin/src/disco_slam_copy/install/disco_slam/lib/pkgconfig/disco_slam.pc'
[0.943s] Level 1:colcon.colcon_core.environment:checking '/home/john22/disco_origin/src/disco_slam_copy/install/disco_slam/lib/python3.10/site-packages'
[0.943s] Level 1:colcon.colcon_core.environment:checking '/home/john22/disco_origin/src/disco_slam_copy/install/disco_slam/bin'
[0.944s] INFO:colcon.colcon_core.shell:Creating package script '/home/john22/disco_origin/src/disco_slam_copy/install/disco_slam/share/disco_slam/package.ps1'
[0.945s] INFO:colcon.colcon_core.shell:Creating package descriptor '/home/john22/disco_origin/src/disco_slam_copy/install/disco_slam/share/disco_slam/package.dsv'
[0.946s] INFO:colcon.colcon_core.shell:Creating package script '/home/john22/disco_origin/src/disco_slam_copy/install/disco_slam/share/disco_slam/package.sh'
[0.946s] INFO:colcon.colcon_core.shell:Creating package script '/home/john22/disco_origin/src/disco_slam_copy/install/disco_slam/share/disco_slam/package.bash'
[0.947s] INFO:colcon.colcon_core.shell:Creating package script '/home/john22/disco_origin/src/disco_slam_copy/install/disco_slam/share/disco_slam/package.zsh'
[0.948s] Level 1:colcon.colcon_core.environment:create_file_with_runtime_dependencies(/home/john22/disco_origin/src/disco_slam_copy/install/disco_slam/share/colcon-core/packages/disco_slam)
[0.949s] Level 1:colcon.colcon_core.environment:create_environment_scripts_only(disco_slam)
[0.949s] Level 1:colcon.colcon_core.environment:checking '/home/john22/disco_origin/src/disco_slam_copy/install/disco_slam' for CMake module files
[0.950s] Level 1:colcon.colcon_core.environment:checking '/home/john22/disco_origin/src/disco_slam_copy/install/disco_slam' for CMake config files
[0.950s] Level 1:colcon.colcon_core.shell:create_environment_hook('disco_slam', 'cmake_prefix_path')
[0.951s] INFO:colcon.colcon_core.shell:Creating environment hook '/home/john22/disco_origin/src/disco_slam_copy/install/disco_slam/share/disco_slam/hook/cmake_prefix_path.ps1'
[0.951s] INFO:colcon.colcon_core.shell:Creating environment descriptor '/home/john22/disco_origin/src/disco_slam_copy/install/disco_slam/share/disco_slam/hook/cmake_prefix_path.dsv'
[0.951s] INFO:colcon.colcon_core.shell:Creating environment hook '/home/john22/disco_origin/src/disco_slam_copy/install/disco_slam/share/disco_slam/hook/cmake_prefix_path.sh'
[0.952s] Level 1:colcon.colcon_core.environment:checking '/home/john22/disco_origin/src/disco_slam_copy/install/disco_slam/lib'
[0.952s] Level 1:colcon.colcon_core.shell:create_environment_hook('disco_slam', 'ld_library_path_lib')
[0.953s] INFO:colcon.colcon_core.shell:Creating environment hook '/home/john22/disco_origin/src/disco_slam_copy/install/disco_slam/share/disco_slam/hook/ld_library_path_lib.ps1'
[0.953s] INFO:colcon.colcon_core.shell:Creating environment descriptor '/home/john22/disco_origin/src/disco_slam_copy/install/disco_slam/share/disco_slam/hook/ld_library_path_lib.dsv'
[0.954s] INFO:colcon.colcon_core.shell:Creating environment hook '/home/john22/disco_origin/src/disco_slam_copy/install/disco_slam/share/disco_slam/hook/ld_library_path_lib.sh'
[0.954s] Level 1:colcon.colcon_core.environment:checking '/home/john22/disco_origin/src/disco_slam_copy/install/disco_slam/bin'
[0.954s] Level 1:colcon.colcon_core.environment:checking '/home/john22/disco_origin/src/disco_slam_copy/install/disco_slam/lib/pkgconfig/disco_slam.pc'
[0.955s] Level 1:colcon.colcon_core.environment:checking '/home/john22/disco_origin/src/disco_slam_copy/install/disco_slam/lib/python3.10/site-packages'
[0.955s] Level 1:colcon.colcon_core.environment:checking '/home/john22/disco_origin/src/disco_slam_copy/install/disco_slam/bin'
[0.955s] INFO:colcon.colcon_core.shell:Creating package script '/home/john22/disco_origin/src/disco_slam_copy/install/disco_slam/share/disco_slam/package.ps1'
[0.956s] INFO:colcon.colcon_core.shell:Creating package descriptor '/home/john22/disco_origin/src/disco_slam_copy/install/disco_slam/share/disco_slam/package.dsv'
[0.957s] INFO:colcon.colcon_core.shell:Creating package script '/home/john22/disco_origin/src/disco_slam_copy/install/disco_slam/share/disco_slam/package.sh'
[0.957s] INFO:colcon.colcon_core.shell:Creating package script '/home/john22/disco_origin/src/disco_slam_copy/install/disco_slam/share/disco_slam/package.bash'
[0.958s] INFO:colcon.colcon_core.shell:Creating package script '/home/john22/disco_origin/src/disco_slam_copy/install/disco_slam/share/disco_slam/package.zsh'
[0.958s] Level 1:colcon.colcon_core.environment:create_file_with_runtime_dependencies(/home/john22/disco_origin/src/disco_slam_copy/install/disco_slam/share/colcon-core/packages/disco_slam)
[0.959s] DEBUG:colcon.colcon_parallel_executor.executor.parallel:closing loop
[0.960s] DEBUG:colcon.colcon_parallel_executor.executor.parallel:loop closed
[0.960s] DEBUG:colcon.colcon_parallel_executor.executor.parallel:run_until_complete finished with '0'
[0.960s] DEBUG:colcon.colcon_core.event_reactor:joining thread
[1.012s] INFO:colcon.colcon_core.plugin_system:Skipping extension 'colcon_notification.desktop_notification.notify_send': Could not find 'notify-send'
[1.013s] INFO:colcon.colcon_core.plugin_system:Skipping extension 'colcon_notification.desktop_notification.terminal_notifier': Not used on non-Darwin systems
[1.013s] INFO:colcon.colcon_core.plugin_system:Skipping extension 'colcon_notification.desktop_notification.win32': Not used on non-Windows systems
[1.013s] INFO:colcon.colcon_notification.desktop_notification:Sending desktop notification using 'notify2'
[1.013s] DEBUG:colcon.colcon_notification.desktop_notification.notify2:Failed to initialize notify2: org.freedesktop.DBus.Error.FileNotFound: Failed to connect to socket /run/user/1000/bus: No such file or directory
[1.013s] DEBUG:colcon.colcon_core.event_reactor:joined thread
[1.014s] INFO:colcon.colcon_core.shell:Creating prefix script '/home/john22/disco_origin/src/disco_slam_copy/install/local_setup.ps1'
[1.015s] INFO:colcon.colcon_core.shell:Creating prefix util module '/home/john22/disco_origin/src/disco_slam_copy/install/_local_setup_util_ps1.py'
[1.016s] INFO:colcon.colcon_core.shell:Creating prefix chain script '/home/john22/disco_origin/src/disco_slam_copy/install/setup.ps1'
[1.017s] INFO:colcon.colcon_core.shell:Creating prefix script '/home/john22/disco_origin/src/disco_slam_copy/install/local_setup.sh'
[1.018s] INFO:colcon.colcon_core.shell:Creating prefix util module '/home/john22/disco_origin/src/disco_slam_copy/install/_local_setup_util_sh.py'
[1.019s] INFO:colcon.colcon_core.shell:Creating prefix chain script '/home/john22/disco_origin/src/disco_slam_copy/install/setup.sh'
[1.020s] INFO:colcon.colcon_core.shell:Creating prefix script '/home/john22/disco_origin/src/disco_slam_copy/install/local_setup.bash'
[1.020s] INFO:colcon.colcon_core.shell:Creating prefix chain script '/home/john22/disco_origin/src/disco_slam_copy/install/setup.bash'
[1.021s] INFO:colcon.colcon_core.shell:Creating prefix script '/home/john22/disco_origin/src/disco_slam_copy/install/local_setup.zsh'
[1.022s] INFO:colcon.colcon_core.shell:Creating prefix chain script '/home/john22/disco_origin/src/disco_slam_copy/install/setup.zsh'
