[0.018s] Invoking command in '/home/john22/disco_origin/src/disco_slam_copy/build/disco_slam': CMAKE_PREFIX_PATH=/opt/ros/humble PS1=\n(TraeAI-23) \w [$?] $ __trae_PS1=\n(TraeAI-23) \w [$?] $ /usr/bin/cmake --build /home/john22/disco_origin/src/disco_slam_copy/build/disco_slam -- -j20 -l20
[0.057s] -- Configuring for ROS 2...
[0.058s] -- Found ament_cmake: 1.3.12 (/opt/ros/humble/share/ament_cmake/cmake)
[0.208s] -- Found rclcpp: 16.0.16 (/opt/ros/humble/share/rclcpp/cmake)
[0.401s] -- Found rosidl_generator_c: 3.1.7 (/opt/ros/humble/share/rosidl_generator_c/cmake)
[0.403s] -- Found rosidl_adapter: 3.1.7 (/opt/ros/humble/share/rosidl_adapter/cmake)
[0.412s] -- Found rosidl_generator_cpp: 3.1.7 (/opt/ros/humble/share/rosidl_generator_cpp/cmake)
[0.424s] -- Using all available rosidl_typesupport_c: rosidl_typesupport_fastrtps_c;rosidl_typesupport_introspection_c
[0.440s] -- Using all available rosidl_typesupport_cpp: rosidl_typesupport_fastrtps_cpp;rosidl_typesupport_introspection_cpp
[0.480s] -- Found rmw_implementation_cmake: 6.1.2 (/opt/ros/humble/share/rmw_implementation_cmake/cmake)
[0.482s] -- Found rmw_fastrtps_cpp: 6.2.9 (/opt/ros/humble/share/rmw_fastrtps_cpp/cmake)
[6.141s] -- Using RMW implementation 'rmw_fastrtps_cpp' as default
[6.196s] -- Found rclpy: 3.3.19 (/opt/ros/humble/share/rclpy/cmake)
[6.196s] -- Found tf2: 0.25.17 (/opt/ros/humble/share/tf2/cmake)
[6.214s] -- Found tf2_ros: 0.25.17 (/opt/ros/humble/share/tf2_ros/cmake)
[6.302s] -- Found tf2_geometry_msgs: 0.25.17 (/opt/ros/humble/share/tf2_geometry_msgs/cmake)
[6.307s] -- Found eigen3_cmake_module: 0.1.1 (/opt/ros/humble/share/eigen3_cmake_module/cmake)
[6.309s] -- Ensuring Eigen3 include directory is part of orocos-kdl CMake target
[6.310s] -- Found tf2_eigen: 0.25.17 (/opt/ros/humble/share/tf2_eigen/cmake)
[6.313s] -- Found cv_bridge: 3.2.1 (/opt/ros/humble/share/cv_bridge/cmake)
[6.342s] -- Found pcl_conversions: 2.4.5 (/opt/ros/humble/share/pcl_conversions/cmake)
[6.376s] -- Eigen found (include: /usr/include/eigen3, version: 3.4.0)
[8.143s] -- FLANN found (include: /usr/include, lib: /usr/lib/x86_64-linux-gnu/libflann_cpp.so)
[12.787s] -- OpenNI found (version: 1.5.4.0, include: /usr/include/ni, lib: /usr/lib/libOpenNI.so;libusb::libusb)
[12.793s] -- OpenNI2 found (version: 2.2.0.33, include: /usr/include/openni2, lib: /usr/lib/x86_64-linux-gnu/libOpenNI2.so;libusb::libusb)
[15.108s] -- Eigen found (include: /usr/include/eigen3, version: 3.4.0)
[15.114s] -- OpenNI found (version: 1.5.4.0, include: /usr/include/ni, lib: /usr/lib/libOpenNI.so;libusb::libusb)
[15.120s] -- OpenNI2 found (version: 2.2.0.33, include: /usr/include/openni2, lib: /usr/lib/x86_64-linux-gnu/libOpenNI2.so;libusb::libusb)
[17.379s] -- Found Qhull version 8.0.2
[19.621s] -- OpenNI found (version: 1.5.4.0, include: /usr/include/ni, lib: /usr/lib/libOpenNI.so;libusb::libusb)
[21.923s] -- Found nav_msgs: 4.9.0 (/opt/ros/humble/share/nav_msgs/cmake)
[21.944s] -- Found visualization_msgs: 4.9.0 (/opt/ros/humble/share/visualization_msgs/cmake)
[21.966s] -- Found rosidl_default_generators: 1.2.0 (/opt/ros/humble/share/rosidl_default_generators/cmake)
[21.978s] [33mCMake Warning (dev) at CMakeLists.txt:84 (find_package):
[21.978s]   Policy CMP0074 is not set: find_package uses <PackageName>_ROOT variables.
[21.978s]   Run "cmake --help-policy CMP0074" for policy details.  Use the cmake_policy
[21.978s]   command to set the policy and suppress this warning.
[21.978s] 
[21.978s]   CMake variable PCL_ROOT is set to:
[21.978s] 
[21.978s]     /usr
[21.978s] 
[21.978s]   For compatibility, CMake is ignoring the variable.
[21.978s] This warning is for project developers.  Use -Wno-dev to suppress it.
[21.978s] [0m
[22.005s] -- GTSAM include directory:  /opt/ros/humble/lib/cmake/GTSAM/../../../include
[22.305s] -- Found ament_cmake_ros: 0.10.0 (/opt/ros/humble/share/ament_cmake_ros/cmake)
[22.715s] -- Using all available rosidl_typesupport_c: rosidl_typesupport_fastrtps_c;rosidl_typesupport_introspection_c
[22.888s] -- Using all available rosidl_typesupport_cpp: rosidl_typesupport_fastrtps_cpp;rosidl_typesupport_introspection_cpp
[22.909s] -- Found python_cmake_module: 0.10.0 (/opt/ros/humble/share/python_cmake_module/cmake)
[22.931s] -- Using PYTHON_EXECUTABLE: /usr/bin/python3
[22.931s] -- Using PYTHON_INCLUDE_DIRS: /usr/include/python3.10
[22.931s] -- Using PYTHON_LIBRARIES: /usr/lib/x86_64-linux-gnu/libpython3.10.so
[23.020s] -- Configuring done
[23.204s] -- Generating done
[23.268s] -- Build files have been written to: /home/john22/disco_origin/src/disco_slam_copy/build/disco_slam
[23.314s] [35m[1mConsolidate compiler generated dependencies of target fast_max-clique_finder[0m
[23.315s] [35m[1mConsolidate compiler generated dependencies of target scan_context[0m
[23.316s] [35m[1mConsolidate compiler generated dependencies of target disco_slam__rosidl_generator_c[0m
[23.329s] [  1%] Built target disco_slam__cpp
[23.333s] [  3%] [32mBuilding CXX object CMakeFiles/fast_max-clique_finder.dir/src/DiSCo-SLAM/third_parties/fast_max-clique_finder/src/findClique.cpp.o[0m
[23.334s] [  5%] [32mBuilding CXX object CMakeFiles/fast_max-clique_finder.dir/src/DiSCo-SLAM/third_parties/fast_max-clique_finder/src/utils.cpp.o[0m
[23.334s] [  6%] [32mBuilding CXX object CMakeFiles/fast_max-clique_finder.dir/src/DiSCo-SLAM/third_parties/fast_max-clique_finder/src/findCliqueHeu.cpp.o[0m
[23.336s] [ 13%] Built target disco_slam__rosidl_generator_c
[23.337s] [ 15%] [32mBuilding CXX object CMakeFiles/fast_max-clique_finder.dir/src/DiSCo-SLAM/third_parties/fast_max-clique_finder/src/graphIO.cpp.o[0m
[23.343s] [ 15%] Built target ament_cmake_python_copy_disco_slam
[23.344s] [35m[1mConsolidate compiler generated dependencies of target disco_slam__rosidl_typesupport_cpp[0m
[23.345s] [ 17%] [32mBuilding CXX object CMakeFiles/scan_context.dir/src/DiSCo-SLAM/third_parties/scanContext/scanContext.cpp.o[0m
[23.345s] [35m[1mConsolidate compiler generated dependencies of target disco_slam__rosidl_typesupport_fastrtps_cpp[0m
[23.347s] [35m[1mConsolidate compiler generated dependencies of target disco_slam__rosidl_typesupport_introspection_cpp[0m
[23.357s] [35m[1mConsolidate compiler generated dependencies of target disco_slam__rosidl_typesupport_fastrtps_c[0m
[23.358s] [35m[1mConsolidate compiler generated dependencies of target disco_slam__rosidl_typesupport_c[0m
[23.362s] [35m[1mConsolidate compiler generated dependencies of target disco_slam__rosidl_typesupport_introspection_c[0m
[23.368s] [ 25%] Built target disco_slam__rosidl_typesupport_fastrtps_cpp
[23.368s] [ 31%] Built target disco_slam__rosidl_typesupport_cpp
[23.373s] [ 37%] Built target disco_slam__rosidl_typesupport_introspection_cpp
[23.389s] [ 44%] Built target disco_slam__rosidl_typesupport_c
[23.393s] [ 53%] Built target disco_slam__rosidl_typesupport_introspection_c
[23.394s] [ 58%] Built target disco_slam__rosidl_typesupport_fastrtps_c
[23.398s] [35m[1mConsolidate compiler generated dependencies of target disco_slam_path_to_tum[0m
[23.399s] [35m[1mConsolidate compiler generated dependencies of target disco_slam_featureExtraction[0m
[23.400s] [35m[1mConsolidate compiler generated dependencies of target disco_slam_imageProjection[0m
[23.405s] [35m[1mConsolidate compiler generated dependencies of target disco_slam_imuPreintegration[0m
[23.405s] [35m[1mConsolidate compiler generated dependencies of target disco_slam_mapOptmization[0m
[23.449s] [ 62%] Built target disco_slam_path_to_tum
[23.462s] [ 62%] Built target disco_slam
[23.484s] [ 68%] Built target disco_slam_imageProjection
[23.484s] [ 68%] Built target disco_slam_featureExtraction
[23.493s] [ 72%] Built target disco_slam_mapOptmization
[23.511s] [ 75%] Built target disco_slam_imuPreintegration
[23.512s] [ 77%] Built target disco_slam__py
[23.539s] [35m[1mConsolidate compiler generated dependencies of target disco_slam__rosidl_generator_py[0m
[23.568s] [ 82%] Built target disco_slam__rosidl_generator_py
[23.591s] [35m[1mConsolidate compiler generated dependencies of target disco_slam__rosidl_typesupport_fastrtps_c__pyext[0m
[23.592s] [35m[1mConsolidate compiler generated dependencies of target disco_slam__rosidl_typesupport_c__pyext[0m
[23.594s] [35m[1mConsolidate compiler generated dependencies of target disco_slam__rosidl_typesupport_introspection_c__pyext[0m
[23.619s] [ 86%] Built target disco_slam__rosidl_typesupport_fastrtps_c__pyext
[23.621s] [ 89%] Built target disco_slam__rosidl_typesupport_c__pyext
[23.622s] [ 93%] Built target disco_slam__rosidl_typesupport_introspection_c__pyext
[23.827s] running egg_info
[23.828s] writing disco_slam.egg-info/PKG-INFO
[23.829s] writing dependency_links to disco_slam.egg-info/dependency_links.txt
[23.829s] writing top-level names to disco_slam.egg-info/top_level.txt
[23.835s] reading manifest file 'disco_slam.egg-info/SOURCES.txt'
[23.836s] writing manifest file 'disco_slam.egg-info/SOURCES.txt'
[23.911s] [ 93%] Built target ament_cmake_python_build_disco_slam_egg
[24.470s] [ 94%] [32m[1mLinking CXX shared library libfast_max-clique_finder.so[0m
[24.680s] [ 94%] Built target fast_max-clique_finder
[30.084s] [ 96%] [32m[1mLinking CXX shared library libscan_context.so[0m
[33.138s] [ 96%] Built target scan_context
[33.151s] [35m[1mConsolidate compiler generated dependencies of target disco_slam_mapFusion[0m
[33.184s] [ 98%] [32m[1mLinking CXX executable disco_slam_mapFusion[0m
[35.949s] [100%] Built target disco_slam_mapFusion
[35.962s] Invoked command in '/home/john22/disco_origin/src/disco_slam_copy/build/disco_slam' returned '0': CMAKE_PREFIX_PATH=/opt/ros/humble PS1=\n(TraeAI-23) \w [$?] $ __trae_PS1=\n(TraeAI-23) \w [$?] $ /usr/bin/cmake --build /home/john22/disco_origin/src/disco_slam_copy/build/disco_slam -- -j20 -l20
[35.975s] Invoking command in '/home/john22/disco_origin/src/disco_slam_copy/build/disco_slam': CMAKE_PREFIX_PATH=/opt/ros/humble PS1=\n(TraeAI-23) \w [$?] $ __trae_PS1=\n(TraeAI-23) \w [$?] $ /usr/bin/cmake --install /home/john22/disco_origin/src/disco_slam_copy/build/disco_slam
[35.984s] -- Install configuration: ""
[35.985s] -- Up-to-date: /home/john22/disco_origin/src/disco_slam_copy/install/disco_slam/share/ament_index/resource_index/rosidl_interfaces/disco_slam
[35.985s] -- Up-to-date: /home/john22/disco_origin/src/disco_slam_copy/install/disco_slam/include/disco_slam/disco_slam
[35.985s] -- Up-to-date: /home/john22/disco_origin/src/disco_slam_copy/install/disco_slam/include/disco_slam/disco_slam/msg
[35.985s] -- Up-to-date: /home/john22/disco_origin/src/disco_slam_copy/install/disco_slam/include/disco_slam/disco_slam/msg/rosidl_generator_c__visibility_control.h
[35.985s] -- Up-to-date: /home/john22/disco_origin/src/disco_slam_copy/install/disco_slam/include/disco_slam/disco_slam/msg/detail
[35.985s] -- Up-to-date: /home/john22/disco_origin/src/disco_slam_copy/install/disco_slam/include/disco_slam/disco_slam/msg/detail/context_info__functions.h
[35.985s] -- Up-to-date: /home/john22/disco_origin/src/disco_slam_copy/install/disco_slam/include/disco_slam/disco_slam/msg/detail/cloud_info__functions.h
[35.985s] -- Up-to-date: /home/john22/disco_origin/src/disco_slam_copy/install/disco_slam/include/disco_slam/disco_slam/msg/detail/cloud_info__type_support.h
[35.986s] -- Up-to-date: /home/john22/disco_origin/src/disco_slam_copy/install/disco_slam/include/disco_slam/disco_slam/msg/detail/context_info__struct.h
[35.986s] -- Up-to-date: /home/john22/disco_origin/src/disco_slam_copy/install/disco_slam/include/disco_slam/disco_slam/msg/detail/context_info__functions.c
[35.986s] -- Up-to-date: /home/john22/disco_origin/src/disco_slam_copy/install/disco_slam/include/disco_slam/disco_slam/msg/detail/context_info__type_support.h
[35.987s] -- Up-to-date: /home/john22/disco_origin/src/disco_slam_copy/install/disco_slam/include/disco_slam/disco_slam/msg/detail/cloud_info__struct.h
[35.987s] -- Up-to-date: /home/john22/disco_origin/src/disco_slam_copy/install/disco_slam/include/disco_slam/disco_slam/msg/detail/cloud_info__functions.c
[35.987s] -- Up-to-date: /home/john22/disco_origin/src/disco_slam_copy/install/disco_slam/include/disco_slam/disco_slam/msg/context_info.h
[35.987s] -- Up-to-date: /home/john22/disco_origin/src/disco_slam_copy/install/disco_slam/include/disco_slam/disco_slam/msg/cloud_info.h
[35.988s] -- Up-to-date: /home/john22/disco_origin/src/disco_slam_copy/install/disco_slam/share/disco_slam/environment/library_path.sh
[35.988s] -- Installing: /home/john22/disco_origin/src/disco_slam_copy/install/disco_slam/share/disco_slam/environment/library_path.dsv
[35.988s] -- Up-to-date: /home/john22/disco_origin/src/disco_slam_copy/install/disco_slam/lib/libdisco_slam__rosidl_generator_c.so
[35.988s] -- Up-to-date: /home/john22/disco_origin/src/disco_slam_copy/install/disco_slam/include/disco_slam/disco_slam
[35.988s] -- Up-to-date: /home/john22/disco_origin/src/disco_slam_copy/install/disco_slam/include/disco_slam/disco_slam/msg
[35.989s] -- Up-to-date: /home/john22/disco_origin/src/disco_slam_copy/install/disco_slam/include/disco_slam/disco_slam/msg/detail
[35.989s] -- Up-to-date: /home/john22/disco_origin/src/disco_slam_copy/install/disco_slam/include/disco_slam/disco_slam/msg/detail/context_info__rosidl_typesupport_fastrtps_c.h
[35.989s] -- Up-to-date: /home/john22/disco_origin/src/disco_slam_copy/install/disco_slam/include/disco_slam/disco_slam/msg/detail/cloud_info__rosidl_typesupport_fastrtps_c.h
[35.989s] -- Up-to-date: /home/john22/disco_origin/src/disco_slam_copy/install/disco_slam/include/disco_slam/disco_slam/msg/rosidl_typesupport_fastrtps_c__visibility_control.h
[35.989s] -- Up-to-date: /home/john22/disco_origin/src/disco_slam_copy/install/disco_slam/lib/libdisco_slam__rosidl_typesupport_fastrtps_c.so
[35.990s] -- Up-to-date: /home/john22/disco_origin/src/disco_slam_copy/install/disco_slam/include/disco_slam/disco_slam
[35.990s] -- Up-to-date: /home/john22/disco_origin/src/disco_slam_copy/install/disco_slam/include/disco_slam/disco_slam/msg
[35.990s] -- Up-to-date: /home/john22/disco_origin/src/disco_slam_copy/install/disco_slam/include/disco_slam/disco_slam/msg/context_info.hpp
[35.991s] -- Up-to-date: /home/john22/disco_origin/src/disco_slam_copy/install/disco_slam/include/disco_slam/disco_slam/msg/rosidl_generator_cpp__visibility_control.hpp
[35.991s] -- Up-to-date: /home/john22/disco_origin/src/disco_slam_copy/install/disco_slam/include/disco_slam/disco_slam/msg/cloud_info.hpp
[35.991s] -- Up-to-date: /home/john22/disco_origin/src/disco_slam_copy/install/disco_slam/include/disco_slam/disco_slam/msg/detail
[35.991s] -- Up-to-date: /home/john22/disco_origin/src/disco_slam_copy/install/disco_slam/include/disco_slam/disco_slam/msg/detail/context_info__builder.hpp
[35.991s] -- Up-to-date: /home/john22/disco_origin/src/disco_slam_copy/install/disco_slam/include/disco_slam/disco_slam/msg/detail/context_info__traits.hpp
[35.991s] -- Up-to-date: /home/john22/disco_origin/src/disco_slam_copy/install/disco_slam/include/disco_slam/disco_slam/msg/detail/cloud_info__builder.hpp
[35.992s] -- Up-to-date: /home/john22/disco_origin/src/disco_slam_copy/install/disco_slam/include/disco_slam/disco_slam/msg/detail/cloud_info__type_support.hpp
[35.992s] -- Up-to-date: /home/john22/disco_origin/src/disco_slam_copy/install/disco_slam/include/disco_slam/disco_slam/msg/detail/context_info__struct.hpp
[35.992s] -- Up-to-date: /home/john22/disco_origin/src/disco_slam_copy/install/disco_slam/include/disco_slam/disco_slam/msg/detail/cloud_info__traits.hpp
[35.992s] -- Up-to-date: /home/john22/disco_origin/src/disco_slam_copy/install/disco_slam/include/disco_slam/disco_slam/msg/detail/context_info__type_support.hpp
[35.993s] -- Up-to-date: /home/john22/disco_origin/src/disco_slam_copy/install/disco_slam/include/disco_slam/disco_slam/msg/detail/cloud_info__struct.hpp
[35.993s] -- Up-to-date: /home/john22/disco_origin/src/disco_slam_copy/install/disco_slam/include/disco_slam/disco_slam
[35.993s] -- Up-to-date: /home/john22/disco_origin/src/disco_slam_copy/install/disco_slam/include/disco_slam/disco_slam/msg
[35.993s] -- Up-to-date: /home/john22/disco_origin/src/disco_slam_copy/install/disco_slam/include/disco_slam/disco_slam/msg/rosidl_typesupport_fastrtps_cpp__visibility_control.h
[35.994s] -- Up-to-date: /home/john22/disco_origin/src/disco_slam_copy/install/disco_slam/include/disco_slam/disco_slam/msg/detail
[35.994s] -- Up-to-date: /home/john22/disco_origin/src/disco_slam_copy/install/disco_slam/include/disco_slam/disco_slam/msg/detail/dds_fastrtps
[35.994s] -- Up-to-date: /home/john22/disco_origin/src/disco_slam_copy/install/disco_slam/include/disco_slam/disco_slam/msg/detail/cloud_info__rosidl_typesupport_fastrtps_cpp.hpp
[35.994s] -- Up-to-date: /home/john22/disco_origin/src/disco_slam_copy/install/disco_slam/include/disco_slam/disco_slam/msg/detail/context_info__rosidl_typesupport_fastrtps_cpp.hpp
[35.994s] -- Up-to-date: /home/john22/disco_origin/src/disco_slam_copy/install/disco_slam/lib/libdisco_slam__rosidl_typesupport_fastrtps_cpp.so
[35.994s] -- Up-to-date: /home/john22/disco_origin/src/disco_slam_copy/install/disco_slam/include/disco_slam/disco_slam
[35.994s] -- Up-to-date: /home/john22/disco_origin/src/disco_slam_copy/install/disco_slam/include/disco_slam/disco_slam/msg
[35.994s] -- Up-to-date: /home/john22/disco_origin/src/disco_slam_copy/install/disco_slam/include/disco_slam/disco_slam/msg/detail
[35.994s] -- Up-to-date: /home/john22/disco_origin/src/disco_slam_copy/install/disco_slam/include/disco_slam/disco_slam/msg/detail/context_info__type_support.c
[35.994s] -- Up-to-date: /home/john22/disco_origin/src/disco_slam_copy/install/disco_slam/include/disco_slam/disco_slam/msg/detail/context_info__rosidl_typesupport_introspection_c.h
[35.994s] -- Up-to-date: /home/john22/disco_origin/src/disco_slam_copy/install/disco_slam/include/disco_slam/disco_slam/msg/detail/cloud_info__rosidl_typesupport_introspection_c.h
[35.994s] -- Up-to-date: /home/john22/disco_origin/src/disco_slam_copy/install/disco_slam/include/disco_slam/disco_slam/msg/detail/cloud_info__type_support.c
[35.994s] -- Up-to-date: /home/john22/disco_origin/src/disco_slam_copy/install/disco_slam/include/disco_slam/disco_slam/msg/rosidl_typesupport_introspection_c__visibility_control.h
[35.994s] -- Up-to-date: /home/john22/disco_origin/src/disco_slam_copy/install/disco_slam/lib/libdisco_slam__rosidl_typesupport_introspection_c.so
[35.994s] -- Up-to-date: /home/john22/disco_origin/src/disco_slam_copy/install/disco_slam/lib/libdisco_slam__rosidl_typesupport_c.so
[35.994s] -- Up-to-date: /home/john22/disco_origin/src/disco_slam_copy/install/disco_slam/include/disco_slam/disco_slam
[35.994s] -- Up-to-date: /home/john22/disco_origin/src/disco_slam_copy/install/disco_slam/include/disco_slam/disco_slam/msg
[35.995s] -- Up-to-date: /home/john22/disco_origin/src/disco_slam_copy/install/disco_slam/include/disco_slam/disco_slam/msg/detail
[35.995s] -- Up-to-date: /home/john22/disco_origin/src/disco_slam_copy/install/disco_slam/include/disco_slam/disco_slam/msg/detail/context_info__rosidl_typesupport_introspection_cpp.hpp
[35.995s] -- Up-to-date: /home/john22/disco_origin/src/disco_slam_copy/install/disco_slam/include/disco_slam/disco_slam/msg/detail/cloud_info__rosidl_typesupport_introspection_cpp.hpp
[35.995s] -- Up-to-date: /home/john22/disco_origin/src/disco_slam_copy/install/disco_slam/include/disco_slam/disco_slam/msg/detail/cloud_info__type_support.cpp
[35.995s] -- Up-to-date: /home/john22/disco_origin/src/disco_slam_copy/install/disco_slam/include/disco_slam/disco_slam/msg/detail/context_info__type_support.cpp
[35.995s] -- Up-to-date: /home/john22/disco_origin/src/disco_slam_copy/install/disco_slam/lib/libdisco_slam__rosidl_typesupport_introspection_cpp.so
[35.995s] -- Up-to-date: /home/john22/disco_origin/src/disco_slam_copy/install/disco_slam/lib/libdisco_slam__rosidl_typesupport_cpp.so
[35.995s] -- Up-to-date: /home/john22/disco_origin/src/disco_slam_copy/install/disco_slam/share/disco_slam/environment/pythonpath.sh
[35.995s] -- Installing: /home/john22/disco_origin/src/disco_slam_copy/install/disco_slam/share/disco_slam/environment/pythonpath.dsv
[35.995s] -- Up-to-date: /home/john22/disco_origin/src/disco_slam_copy/install/disco_slam/local/lib/python3.10/dist-packages/disco_slam-1.0.0-py3.10.egg-info
[35.995s] -- Installing: /home/john22/disco_origin/src/disco_slam_copy/install/disco_slam/local/lib/python3.10/dist-packages/disco_slam-1.0.0-py3.10.egg-info/dependency_links.txt
[35.995s] -- Installing: /home/john22/disco_origin/src/disco_slam_copy/install/disco_slam/local/lib/python3.10/dist-packages/disco_slam-1.0.0-py3.10.egg-info/top_level.txt
[35.995s] -- Installing: /home/john22/disco_origin/src/disco_slam_copy/install/disco_slam/local/lib/python3.10/dist-packages/disco_slam-1.0.0-py3.10.egg-info/PKG-INFO
[35.995s] -- Installing: /home/john22/disco_origin/src/disco_slam_copy/install/disco_slam/local/lib/python3.10/dist-packages/disco_slam-1.0.0-py3.10.egg-info/SOURCES.txt
[35.995s] -- Up-to-date: /home/john22/disco_origin/src/disco_slam_copy/install/disco_slam/local/lib/python3.10/dist-packages/disco_slam
[35.995s] -- Up-to-date: /home/john22/disco_origin/src/disco_slam_copy/install/disco_slam/local/lib/python3.10/dist-packages/disco_slam/_disco_slam_s.ep.rosidl_typesupport_fastrtps_c.c
[35.995s] -- Up-to-date: /home/john22/disco_origin/src/disco_slam_copy/install/disco_slam/local/lib/python3.10/dist-packages/disco_slam/disco_slam_s__rosidl_typesupport_fastrtps_c.cpython-310-x86_64-linux-gnu.so
[35.995s] -- Up-to-date: /home/john22/disco_origin/src/disco_slam_copy/install/disco_slam/local/lib/python3.10/dist-packages/disco_slam/disco_slam_s__rosidl_typesupport_introspection_c.cpython-310-x86_64-linux-gnu.so
[35.995s] -- Up-to-date: /home/john22/disco_origin/src/disco_slam_copy/install/disco_slam/local/lib/python3.10/dist-packages/disco_slam/disco_slam_s__rosidl_typesupport_c.cpython-310-x86_64-linux-gnu.so
[35.995s] -- Up-to-date: /home/john22/disco_origin/src/disco_slam_copy/install/disco_slam/local/lib/python3.10/dist-packages/disco_slam/msg
[35.996s] -- Up-to-date: /home/john22/disco_origin/src/disco_slam_copy/install/disco_slam/local/lib/python3.10/dist-packages/disco_slam/msg/_context_info.py
[35.996s] -- Up-to-date: /home/john22/disco_origin/src/disco_slam_copy/install/disco_slam/local/lib/python3.10/dist-packages/disco_slam/msg/_context_info_s.c
[35.996s] -- Up-to-date: /home/john22/disco_origin/src/disco_slam_copy/install/disco_slam/local/lib/python3.10/dist-packages/disco_slam/msg/_cloud_info.py
[35.996s] -- Up-to-date: /home/john22/disco_origin/src/disco_slam_copy/install/disco_slam/local/lib/python3.10/dist-packages/disco_slam/msg/__init__.py
[35.996s] -- Up-to-date: /home/john22/disco_origin/src/disco_slam_copy/install/disco_slam/local/lib/python3.10/dist-packages/disco_slam/msg/_cloud_info_s.c
[35.996s] -- Up-to-date: /home/john22/disco_origin/src/disco_slam_copy/install/disco_slam/local/lib/python3.10/dist-packages/disco_slam/libdisco_slam__rosidl_generator_py.so
[35.996s] -- Up-to-date: /home/john22/disco_origin/src/disco_slam_copy/install/disco_slam/local/lib/python3.10/dist-packages/disco_slam/_disco_slam_s.ep.rosidl_typesupport_c.c
[35.996s] -- Installing: /home/john22/disco_origin/src/disco_slam_copy/install/disco_slam/local/lib/python3.10/dist-packages/disco_slam/__init__.py
[35.996s] -- Up-to-date: /home/john22/disco_origin/src/disco_slam_copy/install/disco_slam/local/lib/python3.10/dist-packages/disco_slam/_disco_slam_s.ep.rosidl_typesupport_introspection_c.c
[36.027s] Listing '/home/john22/disco_origin/src/disco_slam_copy/install/disco_slam/local/lib/python3.10/dist-packages/disco_slam'...
[36.027s] Compiling '/home/john22/disco_origin/src/disco_slam_copy/install/disco_slam/local/lib/python3.10/dist-packages/disco_slam/__init__.py'...
[36.027s] Listing '/home/john22/disco_origin/src/disco_slam_copy/install/disco_slam/local/lib/python3.10/dist-packages/disco_slam/msg'...
[36.032s] -- Up-to-date: /home/john22/disco_origin/src/disco_slam_copy/install/disco_slam/local/lib/python3.10/dist-packages/disco_slam/disco_slam_s__rosidl_typesupport_fastrtps_c.cpython-310-x86_64-linux-gnu.so
[36.032s] -- Up-to-date: /home/john22/disco_origin/src/disco_slam_copy/install/disco_slam/local/lib/python3.10/dist-packages/disco_slam/disco_slam_s__rosidl_typesupport_introspection_c.cpython-310-x86_64-linux-gnu.so
[36.032s] -- Up-to-date: /home/john22/disco_origin/src/disco_slam_copy/install/disco_slam/local/lib/python3.10/dist-packages/disco_slam/disco_slam_s__rosidl_typesupport_c.cpython-310-x86_64-linux-gnu.so
[36.033s] -- Up-to-date: /home/john22/disco_origin/src/disco_slam_copy/install/disco_slam/lib/libdisco_slam__rosidl_generator_py.so
[36.033s] -- Up-to-date: /home/john22/disco_origin/src/disco_slam_copy/install/disco_slam/share/disco_slam/msg/CloudInfo.idl
[36.033s] -- Up-to-date: /home/john22/disco_origin/src/disco_slam_copy/install/disco_slam/share/disco_slam/msg/ContextInfo.idl
[36.034s] -- Up-to-date: /home/john22/disco_origin/src/disco_slam_copy/install/disco_slam/share/disco_slam/msg/CloudInfo.msg
[36.034s] -- Up-to-date: /home/john22/disco_origin/src/disco_slam_copy/install/disco_slam/share/disco_slam/msg/ContextInfo.msg
[36.034s] -- Up-to-date: /home/john22/disco_origin/src/disco_slam_copy/install/disco_slam/lib/disco_slam/disco_slam_imageProjection
[36.034s] -- Up-to-date: /home/john22/disco_origin/src/disco_slam_copy/install/disco_slam/lib/disco_slam/disco_slam_featureExtraction
[36.034s] -- Up-to-date: /home/john22/disco_origin/src/disco_slam_copy/install/disco_slam/lib/disco_slam/disco_slam_mapOptmization
[36.035s] -- Up-to-date: /home/john22/disco_origin/src/disco_slam_copy/install/disco_slam/lib/disco_slam/disco_slam_imuPreintegration
[36.036s] -- Installing: /home/john22/disco_origin/src/disco_slam_copy/install/disco_slam/lib/disco_slam/disco_slam_mapFusion
[36.069s] -- Set runtime path of "/home/john22/disco_origin/src/disco_slam_copy/install/disco_slam/lib/disco_slam/disco_slam_mapFusion" to ""
[36.070s] -- Up-to-date: /home/john22/disco_origin/src/disco_slam_copy/install/disco_slam/lib/disco_slam/disco_slam_path_to_tum
[36.070s] -- Installing: /home/john22/disco_origin/src/disco_slam_copy/install/disco_slam/lib/disco_slam/libfast_max-clique_finder.so
[36.071s] -- Installing: /home/john22/disco_origin/src/disco_slam_copy/install/disco_slam/lib/disco_slam/libscan_context.so
[36.072s] -- Up-to-date: /home/john22/disco_origin/src/disco_slam_copy/install/disco_slam/share/disco_slam/launch
[36.073s] -- Up-to-date: /home/john22/disco_origin/src/disco_slam_copy/install/disco_slam/share/disco_slam/launch/run_multi.launch
[36.073s] -- Up-to-date: /home/john22/disco_origin/src/disco_slam_copy/install/disco_slam/share/disco_slam/launch/run.launch
[36.073s] -- Installing: /home/john22/disco_origin/src/disco_slam_copy/install/disco_slam/share/disco_slam/launch/run.launch.py
[36.074s] -- Up-to-date: /home/john22/disco_origin/src/disco_slam_copy/install/disco_slam/share/disco_slam/launch/run_fusion.launch
[36.074s] -- Up-to-date: /home/john22/disco_origin/src/disco_slam_copy/install/disco_slam/share/disco_slam/launch/include
[36.074s] -- Up-to-date: /home/john22/disco_origin/src/disco_slam_copy/install/disco_slam/share/disco_slam/launch/include/module_rviz.launch
[36.074s] -- Up-to-date: /home/john22/disco_origin/src/disco_slam_copy/install/disco_slam/share/disco_slam/launch/include/config
[36.075s] -- Up-to-date: /home/john22/disco_origin/src/disco_slam_copy/install/disco_slam/share/disco_slam/launch/include/config/rviz1.rviz
[36.076s] -- Up-to-date: /home/john22/disco_origin/src/disco_slam_copy/install/disco_slam/share/disco_slam/launch/include/config/rviz.rviz
[36.076s] -- Up-to-date: /home/john22/disco_origin/src/disco_slam_copy/install/disco_slam/share/disco_slam/launch/include/config/robot.urdf.xacro
[36.076s] -- Up-to-date: /home/john22/disco_origin/src/disco_slam_copy/install/disco_slam/share/disco_slam/launch/include/rosconsole
[36.076s] -- Up-to-date: /home/john22/disco_origin/src/disco_slam_copy/install/disco_slam/share/disco_slam/launch/include/rosconsole/rosconsole_error.conf
[36.076s] -- Up-to-date: /home/john22/disco_origin/src/disco_slam_copy/install/disco_slam/share/disco_slam/launch/include/rosconsole/rosconsole_warn.conf
[36.076s] -- Up-to-date: /home/john22/disco_origin/src/disco_slam_copy/install/disco_slam/share/disco_slam/launch/include/rosconsole/rosconsole_info.conf
[36.077s] -- Up-to-date: /home/john22/disco_origin/src/disco_slam_copy/install/disco_slam/share/disco_slam/launch/include/module_loam.launch
[36.077s] -- Up-to-date: /home/john22/disco_origin/src/disco_slam_copy/install/disco_slam/share/disco_slam/launch/include/module_robot_state_publisher.launch
[36.077s] -- Up-to-date: /home/john22/disco_origin/src/disco_slam_copy/install/disco_slam/share/disco_slam/launch/include/module_navsat.launch
[36.077s] -- Up-to-date: /home/john22/disco_origin/src/disco_slam_copy/install/disco_slam/share/disco_slam/launch/run_path_to_tum.launch
[36.077s] -- Up-to-date: /home/john22/disco_origin/src/disco_slam_copy/install/disco_slam/share/disco_slam/config
[36.077s] -- Up-to-date: /home/john22/disco_origin/src/disco_slam_copy/install/disco_slam/share/disco_slam/config/params_k.yaml
[36.077s] -- Up-to-date: /home/john22/disco_origin/src/disco_slam_copy/install/disco_slam/share/disco_slam/config/consistency_matrixgensui.clq.mtx
[36.077s] -- Up-to-date: /home/john22/disco_origin/src/disco_slam_copy/install/disco_slam/share/disco_slam/config/topic.png
[36.077s] -- Up-to-date: /home/john22/disco_origin/src/disco_slam_copy/install/disco_slam/share/disco_slam/config/consistency_matrixjackal2.clq.mtx
[36.078s] -- Up-to-date: /home/john22/disco_origin/src/disco_slam_copy/install/disco_slam/share/disco_slam/config/sensordata_to_rosbag_liosam.py
[36.078s] -- Up-to-date: /home/john22/disco_origin/src/disco_slam_copy/install/disco_slam/share/disco_slam/config/params_ue.yaml
[36.078s] -- Up-to-date: /home/john22/disco_origin/src/disco_slam_copy/install/disco_slam/share/disco_slam/config/params_nclt.yaml
[36.078s] -- Up-to-date: /home/john22/disco_origin/src/disco_slam_copy/install/disco_slam/share/disco_slam/config/consistency_matrixjackal1.clq.mtx
[36.078s] -- Up-to-date: /home/john22/disco_origin/src/disco_slam_copy/install/disco_slam/share/disco_slam/config/doc
[36.078s] -- Up-to-date: /home/john22/disco_origin/src/disco_slam_copy/install/disco_slam/share/disco_slam/config/doc/ouster-demo.gif
[36.079s] -- Up-to-date: /home/john22/disco_origin/src/disco_slam_copy/install/disco_slam/share/disco_slam/config/doc/imu-transform.png
[36.079s] -- Up-to-date: /home/john22/disco_origin/src/disco_slam_copy/install/disco_slam/share/disco_slam/config/doc/device-jackal.png
[36.080s] -- Up-to-date: /home/john22/disco_origin/src/disco_slam_copy/install/disco_slam/share/disco_slam/config/doc/imu-debug.gif
[36.080s] -- Up-to-date: /home/john22/disco_origin/src/disco_slam_copy/install/disco_slam/share/disco_slam/config/doc/device-hand.png
[36.080s] -- Up-to-date: /home/john22/disco_origin/src/disco_slam_copy/install/disco_slam/share/disco_slam/config/doc/kitti2bag
[36.080s] -- Up-to-date: /home/john22/disco_origin/src/disco_slam_copy/install/disco_slam/share/disco_slam/config/doc/kitti2bag/kitti2bag.py
[36.080s] -- Up-to-date: /home/john22/disco_origin/src/disco_slam_copy/install/disco_slam/share/disco_slam/config/doc/kitti2bag/README.md
[36.080s] -- Up-to-date: /home/john22/disco_origin/src/disco_slam_copy/install/disco_slam/share/disco_slam/config/doc/ouster-device.jpg
[36.080s] -- Up-to-date: /home/john22/disco_origin/src/disco_slam_copy/install/disco_slam/share/disco_slam/config/doc/device-boat.png
[36.081s] -- Up-to-date: /home/john22/disco_origin/src/disco_slam_copy/install/disco_slam/share/disco_slam/config/doc/system.png
[36.081s] -- Up-to-date: /home/john22/disco_origin/src/disco_slam_copy/install/disco_slam/share/disco_slam/config/doc/demo.gif
[36.081s] -- Up-to-date: /home/john22/disco_origin/src/disco_slam_copy/install/disco_slam/share/disco_slam/config/doc/loop-closure.gif
[36.082s] -- Up-to-date: /home/john22/disco_origin/src/disco_slam_copy/install/disco_slam/share/disco_slam/config/doc/kitti-demo.gif
[36.082s] -- Up-to-date: /home/john22/disco_origin/src/disco_slam_copy/install/disco_slam/share/disco_slam/config/doc/loop-closure-2.gif
[36.083s] -- Up-to-date: /home/john22/disco_origin/src/disco_slam_copy/install/disco_slam/share/disco_slam/config/doc/kitti-map.png
[36.083s] -- Up-to-date: /home/john22/disco_origin/src/disco_slam_copy/install/disco_slam/share/disco_slam/config/doc/gps-demo.gif
[36.084s] -- Up-to-date: /home/john22/disco_origin/src/disco_slam_copy/install/disco_slam/share/disco_slam/config/doc/paper.pdf
[36.084s] -- Up-to-date: /home/john22/disco_origin/src/disco_slam_copy/install/disco_slam/share/disco_slam/config/doc/device-hand-2.png
[36.084s] -- Up-to-date: /home/john22/disco_origin/src/disco_slam_copy/install/disco_slam/share/disco_slam/config/params.yaml
[36.084s] -- Up-to-date: /home/john22/disco_origin/src/disco_slam_copy/install/disco_slam/share/disco_slam/config/context.png
[36.085s] -- Up-to-date: /home/john22/disco_origin/src/disco_slam_copy/install/disco_slam/share/disco_slam/config
[36.085s] -- Installing: /home/john22/disco_origin/src/disco_slam_copy/install/disco_slam/share/disco_slam/config/mapfusion.yaml
[36.085s] -- Installing: /home/john22/disco_origin/src/disco_slam_copy/install/disco_slam/share/disco_slam/config/mapfusion_k.yaml
[36.085s] -- Installing: /home/john22/disco_origin/src/disco_slam_copy/install/disco_slam/share/disco_slam/config/mapfusion_ue.yaml
[36.085s] -- Up-to-date: /home/john22/disco_origin/src/disco_slam_copy/install/disco_slam/share/ament_index/resource_index/package_run_dependencies/disco_slam
[36.085s] -- Up-to-date: /home/john22/disco_origin/src/disco_slam_copy/install/disco_slam/share/ament_index/resource_index/parent_prefix_path/disco_slam
[36.086s] -- Up-to-date: /home/john22/disco_origin/src/disco_slam_copy/install/disco_slam/share/disco_slam/environment/ament_prefix_path.sh
[36.086s] -- Installing: /home/john22/disco_origin/src/disco_slam_copy/install/disco_slam/share/disco_slam/environment/ament_prefix_path.dsv
[36.086s] -- Up-to-date: /home/john22/disco_origin/src/disco_slam_copy/install/disco_slam/share/disco_slam/environment/path.sh
[36.086s] -- Installing: /home/john22/disco_origin/src/disco_slam_copy/install/disco_slam/share/disco_slam/environment/path.dsv
[36.086s] -- Up-to-date: /home/john22/disco_origin/src/disco_slam_copy/install/disco_slam/share/disco_slam/local_setup.bash
[36.086s] -- Up-to-date: /home/john22/disco_origin/src/disco_slam_copy/install/disco_slam/share/disco_slam/local_setup.sh
[36.086s] -- Up-to-date: /home/john22/disco_origin/src/disco_slam_copy/install/disco_slam/share/disco_slam/local_setup.zsh
[36.086s] -- Installing: /home/john22/disco_origin/src/disco_slam_copy/install/disco_slam/share/disco_slam/local_setup.dsv
[36.086s] -- Installing: /home/john22/disco_origin/src/disco_slam_copy/install/disco_slam/share/disco_slam/package.dsv
[36.086s] -- Up-to-date: /home/john22/disco_origin/src/disco_slam_copy/install/disco_slam/share/ament_index/resource_index/packages/disco_slam
[36.086s] -- Up-to-date: /home/john22/disco_origin/src/disco_slam_copy/install/disco_slam/share/disco_slam/cmake/export_disco_slam__rosidl_generator_cExport.cmake
[36.086s] -- Up-to-date: /home/john22/disco_origin/src/disco_slam_copy/install/disco_slam/share/disco_slam/cmake/export_disco_slam__rosidl_generator_cExport-noconfig.cmake
[36.087s] -- Up-to-date: /home/john22/disco_origin/src/disco_slam_copy/install/disco_slam/share/disco_slam/cmake/export_disco_slam__rosidl_typesupport_fastrtps_cExport.cmake
[36.088s] -- Up-to-date: /home/john22/disco_origin/src/disco_slam_copy/install/disco_slam/share/disco_slam/cmake/export_disco_slam__rosidl_typesupport_fastrtps_cExport-noconfig.cmake
[36.090s] -- Up-to-date: /home/john22/disco_origin/src/disco_slam_copy/install/disco_slam/share/disco_slam/cmake/export_disco_slam__rosidl_generator_cppExport.cmake
[36.091s] -- Up-to-date: /home/john22/disco_origin/src/disco_slam_copy/install/disco_slam/share/disco_slam/cmake/export_disco_slam__rosidl_typesupport_fastrtps_cppExport.cmake
[36.091s] -- Up-to-date: /home/john22/disco_origin/src/disco_slam_copy/install/disco_slam/share/disco_slam/cmake/export_disco_slam__rosidl_typesupport_fastrtps_cppExport-noconfig.cmake
[36.091s] -- Up-to-date: /home/john22/disco_origin/src/disco_slam_copy/install/disco_slam/share/disco_slam/cmake/disco_slam__rosidl_typesupport_introspection_cExport.cmake
[36.093s] -- Up-to-date: /home/john22/disco_origin/src/disco_slam_copy/install/disco_slam/share/disco_slam/cmake/disco_slam__rosidl_typesupport_introspection_cExport-noconfig.cmake
[36.093s] -- Up-to-date: /home/john22/disco_origin/src/disco_slam_copy/install/disco_slam/share/disco_slam/cmake/disco_slam__rosidl_typesupport_cExport.cmake
[36.094s] -- Up-to-date: /home/john22/disco_origin/src/disco_slam_copy/install/disco_slam/share/disco_slam/cmake/disco_slam__rosidl_typesupport_cExport-noconfig.cmake
[36.094s] -- Up-to-date: /home/john22/disco_origin/src/disco_slam_copy/install/disco_slam/share/disco_slam/cmake/disco_slam__rosidl_typesupport_introspection_cppExport.cmake
[36.095s] -- Up-to-date: /home/john22/disco_origin/src/disco_slam_copy/install/disco_slam/share/disco_slam/cmake/disco_slam__rosidl_typesupport_introspection_cppExport-noconfig.cmake
[36.095s] -- Up-to-date: /home/john22/disco_origin/src/disco_slam_copy/install/disco_slam/share/disco_slam/cmake/disco_slam__rosidl_typesupport_cppExport.cmake
[36.095s] -- Up-to-date: /home/john22/disco_origin/src/disco_slam_copy/install/disco_slam/share/disco_slam/cmake/disco_slam__rosidl_typesupport_cppExport-noconfig.cmake
[36.095s] -- Up-to-date: /home/john22/disco_origin/src/disco_slam_copy/install/disco_slam/share/disco_slam/cmake/export_disco_slam__rosidl_generator_pyExport.cmake
[36.096s] -- Up-to-date: /home/john22/disco_origin/src/disco_slam_copy/install/disco_slam/share/disco_slam/cmake/export_disco_slam__rosidl_generator_pyExport-noconfig.cmake
[36.096s] -- Up-to-date: /home/john22/disco_origin/src/disco_slam_copy/install/disco_slam/share/disco_slam/cmake/rosidl_cmake-extras.cmake
[36.097s] -- Up-to-date: /home/john22/disco_origin/src/disco_slam_copy/install/disco_slam/share/disco_slam/cmake/ament_cmake_export_dependencies-extras.cmake
[36.097s] -- Up-to-date: /home/john22/disco_origin/src/disco_slam_copy/install/disco_slam/share/disco_slam/cmake/ament_cmake_export_include_directories-extras.cmake
[36.097s] -- Up-to-date: /home/john22/disco_origin/src/disco_slam_copy/install/disco_slam/share/disco_slam/cmake/ament_cmake_export_libraries-extras.cmake
[36.098s] -- Up-to-date: /home/john22/disco_origin/src/disco_slam_copy/install/disco_slam/share/disco_slam/cmake/ament_cmake_export_targets-extras.cmake
[36.099s] -- Up-to-date: /home/john22/disco_origin/src/disco_slam_copy/install/disco_slam/share/disco_slam/cmake/rosidl_cmake_export_typesupport_targets-extras.cmake
[36.099s] -- Up-to-date: /home/john22/disco_origin/src/disco_slam_copy/install/disco_slam/share/disco_slam/cmake/rosidl_cmake_export_typesupport_libraries-extras.cmake
[36.099s] -- Up-to-date: /home/john22/disco_origin/src/disco_slam_copy/install/disco_slam/share/disco_slam/cmake/disco_slamConfig.cmake
[36.100s] -- Up-to-date: /home/john22/disco_origin/src/disco_slam_copy/install/disco_slam/share/disco_slam/cmake/disco_slamConfig-version.cmake
[36.101s] -- Up-to-date: /home/john22/disco_origin/src/disco_slam_copy/install/disco_slam/share/disco_slam/package.xml
[36.102s] Invoked command in '/home/john22/disco_origin/src/disco_slam_copy/build/disco_slam' returned '0': CMAKE_PREFIX_PATH=/opt/ros/humble PS1=\n(TraeAI-23) \w [$?] $ __trae_PS1=\n(TraeAI-23) \w [$?] $ /usr/bin/cmake --install /home/john22/disco_origin/src/disco_slam_copy/build/disco_slam
