[0.192s] DEBUG:colcon:Command line arguments: ['/usr/bin/colcon', 'build', '--packages-select', 'disco_slam']
[0.192s] DEBUG:colcon:Parsed command line arguments: Namespace(log_base=None, log_level=None, verb_name='build', build_base='build', install_base='install', merge_install=False, symlink_install=False, test_result_base=None, continue_on_error=False, executor='parallel', parallel_workers=20, event_handlers=None, ignore_user_meta=False, metas=['./colcon.meta'], base_paths=['.'], packages_ignore=None, packages_ignore_regex=None, paths=None, packages_up_to=None, packages_up_to_regex=None, packages_above=None, packages_above_and_dependencies=None, packages_above_depth=None, packages_select_by_dep=None, packages_skip_by_dep=None, packages_skip_up_to=None, packages_select_build_failed=False, packages_skip_build_finished=False, packages_select_test_failures=False, packages_skip_test_passed=False, packages_select=['disco_slam'], packages_skip=None, packages_select_regex=None, packages_skip_regex=None, packages_start=None, packages_end=None, allow_overriding=[], cmake_args=None, cmake_target=None, cmake_target_skip_unavailable=False, cmake_clean_cache=False, cmake_clean_first=False, cmake_force_configure=False, ament_cmake_args=None, catkin_cmake_args=None, catkin_skip_building_tests=False, mixin_files=None, mixin=None, verb_parser=<colcon_mixin.mixin.mixin_argument.MixinArgumentDecorator object at 0x732e05131f00>, verb_extension=<colcon_core.verb.build.BuildVerb object at 0x732e0522ae90>, main=<bound method BuildVerb.main of <colcon_core.verb.build.BuildVerb object at 0x732e0522ae90>>, mixin_verb=('build',))
[0.316s] Level 1:colcon.colcon_core.package_discovery:discover_packages(colcon_meta) check parameters
[0.316s] Level 1:colcon.colcon_core.package_discovery:discover_packages(recursive) check parameters
[0.316s] Level 1:colcon.colcon_core.package_discovery:discover_packages(ignore) check parameters
[0.316s] Level 1:colcon.colcon_core.package_discovery:discover_packages(path) check parameters
[0.316s] Level 1:colcon.colcon_core.package_discovery:discover_packages(colcon_meta) discover
[0.316s] Level 1:colcon.colcon_core.package_discovery:discover_packages(recursive) discover
[0.316s] INFO:colcon.colcon_core.package_discovery:Crawling recursively for packages in '/home/john22/disco_origin/src/disco_slam_copy'
[0.317s] Level 1:colcon.colcon_core.package_identification:_identify(.) by extensions ['ignore', 'ignore_ament_install']
[0.317s] Level 1:colcon.colcon_core.package_identification:_identify(.) by extension 'ignore'
[0.317s] Level 1:colcon.colcon_core.package_identification:_identify(.) by extension 'ignore_ament_install'
[0.317s] Level 1:colcon.colcon_core.package_identification:_identify(.) by extensions ['colcon_pkg']
[0.317s] Level 1:colcon.colcon_core.package_identification:_identify(.) by extension 'colcon_pkg'
[0.317s] Level 1:colcon.colcon_core.package_identification:_identify(.) by extensions ['colcon_meta']
[0.317s] Level 1:colcon.colcon_core.package_identification:_identify(.) by extension 'colcon_meta'
[0.317s] Level 1:colcon.colcon_core.package_identification:_identify(.) by extensions ['ros']
[0.317s] Level 1:colcon.colcon_core.package_identification:_identify(.) by extension 'ros'
[0.331s] DEBUG:colcon.colcon_core.package_identification:Package '.' with type 'ros.ament_cmake' and name 'disco_slam'
[0.331s] Level 1:colcon.colcon_core.package_discovery:discover_packages(recursive) using defaults
[0.331s] Level 1:colcon.colcon_core.package_discovery:discover_packages(ignore) discover
[0.331s] Level 1:colcon.colcon_core.package_discovery:discover_packages(ignore) using defaults
[0.331s] Level 1:colcon.colcon_core.package_discovery:discover_packages(path) discover
[0.331s] Level 1:colcon.colcon_core.package_discovery:discover_packages(path) using defaults
[0.366s] Level 1:colcon.colcon_core.package_discovery:discover_packages(prefix_path) check parameters
[0.366s] Level 1:colcon.colcon_core.package_discovery:discover_packages(prefix_path) discover
[0.368s] DEBUG:colcon.colcon_installed_package_information.package_discovery:Found 319 installed packages in /opt/ros/humble
[0.369s] Level 1:colcon.colcon_core.package_discovery:discover_packages(prefix_path) using defaults
[0.404s] Level 5:colcon.colcon_core.verb:set package 'disco_slam' build argument 'cmake_args' from command line to 'None'
[0.405s] Level 5:colcon.colcon_core.verb:set package 'disco_slam' build argument 'cmake_target' from command line to 'None'
[0.405s] Level 5:colcon.colcon_core.verb:set package 'disco_slam' build argument 'cmake_target_skip_unavailable' from command line to 'False'
[0.405s] Level 5:colcon.colcon_core.verb:set package 'disco_slam' build argument 'cmake_clean_cache' from command line to 'False'
[0.405s] Level 5:colcon.colcon_core.verb:set package 'disco_slam' build argument 'cmake_clean_first' from command line to 'False'
[0.405s] Level 5:colcon.colcon_core.verb:set package 'disco_slam' build argument 'cmake_force_configure' from command line to 'False'
[0.405s] Level 5:colcon.colcon_core.verb:set package 'disco_slam' build argument 'ament_cmake_args' from command line to 'None'
[0.405s] Level 5:colcon.colcon_core.verb:set package 'disco_slam' build argument 'catkin_cmake_args' from command line to 'None'
[0.405s] Level 5:colcon.colcon_core.verb:set package 'disco_slam' build argument 'catkin_skip_building_tests' from command line to 'False'
[0.405s] DEBUG:colcon.colcon_core.verb:Building package 'disco_slam' with the following arguments: {'ament_cmake_args': None, 'build_base': '/home/john22/disco_origin/src/disco_slam_copy/build/disco_slam', 'catkin_cmake_args': None, 'catkin_skip_building_tests': False, 'cmake_args': None, 'cmake_clean_cache': False, 'cmake_clean_first': False, 'cmake_force_configure': False, 'cmake_target': None, 'cmake_target_skip_unavailable': False, 'install_base': '/home/john22/disco_origin/src/disco_slam_copy/install/disco_slam', 'merge_install': False, 'path': '/home/john22/disco_origin/src/disco_slam_copy', 'symlink_install': False, 'test_result_base': None}
[0.405s] INFO:colcon.colcon_core.executor:Executing jobs using 'parallel' executor
[0.406s] DEBUG:colcon.colcon_parallel_executor.executor.parallel:run_until_complete
[0.407s] INFO:colcon.colcon_ros.task.ament_cmake.build:Building ROS package in '/home/john22/disco_origin/src/disco_slam_copy' with build type 'ament_cmake'
[0.407s] INFO:colcon.colcon_cmake.task.cmake.build:Building CMake package in '/home/john22/disco_origin/src/disco_slam_copy'
[0.409s] INFO:colcon.colcon_core.plugin_system:Skipping extension 'colcon_core.shell.bat': Not used on non-Windows systems
[0.409s] INFO:colcon.colcon_core.shell:Skip shell extension 'powershell' for command environment: Not usable outside of PowerShell
[0.410s] DEBUG:colcon.colcon_core.shell:Skip shell extension 'dsv' for command environment
[0.423s] DEBUG:colcon.colcon_core.event_handler.log_command:Invoking command in '/home/john22/disco_origin/src/disco_slam_copy/build/disco_slam': CMAKE_PREFIX_PATH=/opt/ros/humble PS1=\n(TraeAI-27) \w [$?] $ __trae_PS1=\n(TraeAI-27) \w [$?] $ /usr/bin/cmake --build /home/john22/disco_origin/src/disco_slam_copy/build/disco_slam -- -j20 -l20
[22.660s] DEBUG:colcon.colcon_core.event_handler.log_command:Invoked command in '/home/john22/disco_origin/src/disco_slam_copy/build/disco_slam' returned '0': CMAKE_PREFIX_PATH=/opt/ros/humble PS1=\n(TraeAI-27) \w [$?] $ __trae_PS1=\n(TraeAI-27) \w [$?] $ /usr/bin/cmake --build /home/john22/disco_origin/src/disco_slam_copy/build/disco_slam -- -j20 -l20
[22.673s] DEBUG:colcon.colcon_core.event_handler.log_command:Invoking command in '/home/john22/disco_origin/src/disco_slam_copy/build/disco_slam': CMAKE_PREFIX_PATH=/opt/ros/humble PS1=\n(TraeAI-27) \w [$?] $ __trae_PS1=\n(TraeAI-27) \w [$?] $ /usr/bin/cmake --install /home/john22/disco_origin/src/disco_slam_copy/build/disco_slam
[22.748s] Level 1:colcon.colcon_core.environment:create_environment_scripts_only(disco_slam)
[22.749s] DEBUG:colcon.colcon_core.event_handler.log_command:Invoked command in '/home/john22/disco_origin/src/disco_slam_copy/build/disco_slam' returned '0': CMAKE_PREFIX_PATH=/opt/ros/humble PS1=\n(TraeAI-27) \w [$?] $ __trae_PS1=\n(TraeAI-27) \w [$?] $ /usr/bin/cmake --install /home/john22/disco_origin/src/disco_slam_copy/build/disco_slam
[22.751s] Level 1:colcon.colcon_core.environment:checking '/home/john22/disco_origin/src/disco_slam_copy/install/disco_slam' for CMake module files
[22.752s] Level 1:colcon.colcon_core.environment:checking '/home/john22/disco_origin/src/disco_slam_copy/install/disco_slam' for CMake config files
[22.752s] Level 1:colcon.colcon_core.shell:create_environment_hook('disco_slam', 'cmake_prefix_path')
[22.753s] INFO:colcon.colcon_core.shell:Creating environment hook '/home/john22/disco_origin/src/disco_slam_copy/install/disco_slam/share/disco_slam/hook/cmake_prefix_path.ps1'
[22.753s] INFO:colcon.colcon_core.shell:Creating environment descriptor '/home/john22/disco_origin/src/disco_slam_copy/install/disco_slam/share/disco_slam/hook/cmake_prefix_path.dsv'
[22.754s] INFO:colcon.colcon_core.shell:Creating environment hook '/home/john22/disco_origin/src/disco_slam_copy/install/disco_slam/share/disco_slam/hook/cmake_prefix_path.sh'
[22.754s] Level 1:colcon.colcon_core.environment:checking '/home/john22/disco_origin/src/disco_slam_copy/install/disco_slam/lib'
[22.755s] Level 1:colcon.colcon_core.shell:create_environment_hook('disco_slam', 'ld_library_path_lib')
[22.755s] INFO:colcon.colcon_core.shell:Creating environment hook '/home/john22/disco_origin/src/disco_slam_copy/install/disco_slam/share/disco_slam/hook/ld_library_path_lib.ps1'
[22.755s] INFO:colcon.colcon_core.shell:Creating environment descriptor '/home/john22/disco_origin/src/disco_slam_copy/install/disco_slam/share/disco_slam/hook/ld_library_path_lib.dsv'
[22.756s] INFO:colcon.colcon_core.shell:Creating environment hook '/home/john22/disco_origin/src/disco_slam_copy/install/disco_slam/share/disco_slam/hook/ld_library_path_lib.sh'
[22.756s] Level 1:colcon.colcon_core.environment:checking '/home/john22/disco_origin/src/disco_slam_copy/install/disco_slam/bin'
[22.756s] Level 1:colcon.colcon_core.environment:checking '/home/john22/disco_origin/src/disco_slam_copy/install/disco_slam/lib/pkgconfig/disco_slam.pc'
[22.756s] Level 1:colcon.colcon_core.environment:checking '/home/john22/disco_origin/src/disco_slam_copy/install/disco_slam/lib/python3.10/site-packages'
[22.757s] Level 1:colcon.colcon_core.environment:checking '/home/john22/disco_origin/src/disco_slam_copy/install/disco_slam/bin'
[22.757s] INFO:colcon.colcon_core.shell:Creating package script '/home/john22/disco_origin/src/disco_slam_copy/install/disco_slam/share/disco_slam/package.ps1'
[22.758s] INFO:colcon.colcon_core.shell:Creating package descriptor '/home/john22/disco_origin/src/disco_slam_copy/install/disco_slam/share/disco_slam/package.dsv'
[22.758s] INFO:colcon.colcon_core.shell:Creating package script '/home/john22/disco_origin/src/disco_slam_copy/install/disco_slam/share/disco_slam/package.sh'
[22.759s] INFO:colcon.colcon_core.shell:Creating package script '/home/john22/disco_origin/src/disco_slam_copy/install/disco_slam/share/disco_slam/package.bash'
[22.760s] INFO:colcon.colcon_core.shell:Creating package script '/home/john22/disco_origin/src/disco_slam_copy/install/disco_slam/share/disco_slam/package.zsh'
[22.761s] Level 1:colcon.colcon_core.environment:create_file_with_runtime_dependencies(/home/john22/disco_origin/src/disco_slam_copy/install/disco_slam/share/colcon-core/packages/disco_slam)
[22.761s] Level 1:colcon.colcon_core.environment:create_environment_scripts_only(disco_slam)
[22.762s] Level 1:colcon.colcon_core.environment:checking '/home/john22/disco_origin/src/disco_slam_copy/install/disco_slam' for CMake module files
[22.762s] Level 1:colcon.colcon_core.environment:checking '/home/john22/disco_origin/src/disco_slam_copy/install/disco_slam' for CMake config files
[22.763s] Level 1:colcon.colcon_core.shell:create_environment_hook('disco_slam', 'cmake_prefix_path')
[22.763s] INFO:colcon.colcon_core.shell:Creating environment hook '/home/john22/disco_origin/src/disco_slam_copy/install/disco_slam/share/disco_slam/hook/cmake_prefix_path.ps1'
[22.763s] INFO:colcon.colcon_core.shell:Creating environment descriptor '/home/john22/disco_origin/src/disco_slam_copy/install/disco_slam/share/disco_slam/hook/cmake_prefix_path.dsv'
[22.764s] INFO:colcon.colcon_core.shell:Creating environment hook '/home/john22/disco_origin/src/disco_slam_copy/install/disco_slam/share/disco_slam/hook/cmake_prefix_path.sh'
[22.764s] Level 1:colcon.colcon_core.environment:checking '/home/john22/disco_origin/src/disco_slam_copy/install/disco_slam/lib'
[22.764s] Level 1:colcon.colcon_core.shell:create_environment_hook('disco_slam', 'ld_library_path_lib')
[22.765s] INFO:colcon.colcon_core.shell:Creating environment hook '/home/john22/disco_origin/src/disco_slam_copy/install/disco_slam/share/disco_slam/hook/ld_library_path_lib.ps1'
[22.765s] INFO:colcon.colcon_core.shell:Creating environment descriptor '/home/john22/disco_origin/src/disco_slam_copy/install/disco_slam/share/disco_slam/hook/ld_library_path_lib.dsv'
[22.766s] INFO:colcon.colcon_core.shell:Creating environment hook '/home/john22/disco_origin/src/disco_slam_copy/install/disco_slam/share/disco_slam/hook/ld_library_path_lib.sh'
[22.766s] Level 1:colcon.colcon_core.environment:checking '/home/john22/disco_origin/src/disco_slam_copy/install/disco_slam/bin'
[22.766s] Level 1:colcon.colcon_core.environment:checking '/home/john22/disco_origin/src/disco_slam_copy/install/disco_slam/lib/pkgconfig/disco_slam.pc'
[22.766s] Level 1:colcon.colcon_core.environment:checking '/home/john22/disco_origin/src/disco_slam_copy/install/disco_slam/lib/python3.10/site-packages'
[22.766s] Level 1:colcon.colcon_core.environment:checking '/home/john22/disco_origin/src/disco_slam_copy/install/disco_slam/bin'
[22.767s] INFO:colcon.colcon_core.shell:Creating package script '/home/john22/disco_origin/src/disco_slam_copy/install/disco_slam/share/disco_slam/package.ps1'
[22.767s] INFO:colcon.colcon_core.shell:Creating package descriptor '/home/john22/disco_origin/src/disco_slam_copy/install/disco_slam/share/disco_slam/package.dsv'
[22.768s] INFO:colcon.colcon_core.shell:Creating package script '/home/john22/disco_origin/src/disco_slam_copy/install/disco_slam/share/disco_slam/package.sh'
[22.768s] INFO:colcon.colcon_core.shell:Creating package script '/home/john22/disco_origin/src/disco_slam_copy/install/disco_slam/share/disco_slam/package.bash'
[22.768s] INFO:colcon.colcon_core.shell:Creating package script '/home/john22/disco_origin/src/disco_slam_copy/install/disco_slam/share/disco_slam/package.zsh'
[22.769s] Level 1:colcon.colcon_core.environment:create_file_with_runtime_dependencies(/home/john22/disco_origin/src/disco_slam_copy/install/disco_slam/share/colcon-core/packages/disco_slam)
[22.769s] DEBUG:colcon.colcon_parallel_executor.executor.parallel:closing loop
[22.770s] DEBUG:colcon.colcon_parallel_executor.executor.parallel:loop closed
[22.770s] DEBUG:colcon.colcon_parallel_executor.executor.parallel:run_until_complete finished with '0'
[22.770s] DEBUG:colcon.colcon_core.event_reactor:joining thread
[22.824s] INFO:colcon.colcon_core.plugin_system:Skipping extension 'colcon_notification.desktop_notification.notify_send': Could not find 'notify-send'
[22.824s] INFO:colcon.colcon_core.plugin_system:Skipping extension 'colcon_notification.desktop_notification.terminal_notifier': Not used on non-Darwin systems
[22.825s] INFO:colcon.colcon_core.plugin_system:Skipping extension 'colcon_notification.desktop_notification.win32': Not used on non-Windows systems
[22.825s] INFO:colcon.colcon_notification.desktop_notification:Sending desktop notification using 'notify2'
[22.825s] DEBUG:colcon.colcon_notification.desktop_notification.notify2:Failed to initialize notify2: org.freedesktop.DBus.Error.FileNotFound: Failed to connect to socket /run/user/1000/bus: No such file or directory
[22.825s] DEBUG:colcon.colcon_core.event_reactor:joined thread
[22.826s] INFO:colcon.colcon_core.shell:Creating prefix script '/home/john22/disco_origin/src/disco_slam_copy/install/local_setup.ps1'
[22.827s] INFO:colcon.colcon_core.shell:Creating prefix util module '/home/john22/disco_origin/src/disco_slam_copy/install/_local_setup_util_ps1.py'
[22.829s] INFO:colcon.colcon_core.shell:Creating prefix chain script '/home/john22/disco_origin/src/disco_slam_copy/install/setup.ps1'
[22.830s] INFO:colcon.colcon_core.shell:Creating prefix script '/home/john22/disco_origin/src/disco_slam_copy/install/local_setup.sh'
[22.831s] INFO:colcon.colcon_core.shell:Creating prefix util module '/home/john22/disco_origin/src/disco_slam_copy/install/_local_setup_util_sh.py'
[22.832s] INFO:colcon.colcon_core.shell:Creating prefix chain script '/home/john22/disco_origin/src/disco_slam_copy/install/setup.sh'
[22.833s] INFO:colcon.colcon_core.shell:Creating prefix script '/home/john22/disco_origin/src/disco_slam_copy/install/local_setup.bash'
[22.833s] INFO:colcon.colcon_core.shell:Creating prefix chain script '/home/john22/disco_origin/src/disco_slam_copy/install/setup.bash'
[22.834s] INFO:colcon.colcon_core.shell:Creating prefix script '/home/john22/disco_origin/src/disco_slam_copy/install/local_setup.zsh'
[22.835s] INFO:colcon.colcon_core.shell:Creating prefix chain script '/home/john22/disco_origin/src/disco_slam_copy/install/setup.zsh'
