-- Configuring for ROS 2...
-- Found ament_cmake: 1.3.12 (/opt/ros/humble/share/ament_cmake/cmake)
-- Found rclcpp: 16.0.16 (/opt/ros/humble/share/rclcpp/cmake)
-- Found rosidl_generator_c: 3.1.7 (/opt/ros/humble/share/rosidl_generator_c/cmake)
-- Found rosidl_adapter: 3.1.7 (/opt/ros/humble/share/rosidl_adapter/cmake)
-- Found rosidl_generator_cpp: 3.1.7 (/opt/ros/humble/share/rosidl_generator_cpp/cmake)
-- Using all available rosidl_typesupport_c: rosidl_typesupport_fastrtps_c;rosidl_typesupport_introspection_c
-- Using all available rosidl_typesupport_cpp: rosidl_typesupport_fastrtps_cpp;rosidl_typesupport_introspection_cpp
-- Found rmw_implementation_cmake: 6.1.2 (/opt/ros/humble/share/rmw_implementation_cmake/cmake)
-- Found rmw_fastrtps_cpp: 6.2.9 (/opt/ros/humble/share/rmw_fastrtps_cpp/cmake)
-- Using RMW implementation 'rmw_fastrtps_cpp' as default
-- Found rclpy: 3.3.19 (/opt/ros/humble/share/rclpy/cmake)
-- Found tf2: 0.25.17 (/opt/ros/humble/share/tf2/cmake)
-- Found tf2_ros: 0.25.17 (/opt/ros/humble/share/tf2_ros/cmake)
-- Found tf2_geometry_msgs: 0.25.17 (/opt/ros/humble/share/tf2_geometry_msgs/cmake)
-- Found eigen3_cmake_module: 0.1.1 (/opt/ros/humble/share/eigen3_cmake_module/cmake)
-- Ensuring Eigen3 include directory is part of orocos-kdl CMake target
-- Found tf2_eigen: 0.25.17 (/opt/ros/humble/share/tf2_eigen/cmake)
-- Found cv_bridge: 3.2.1 (/opt/ros/humble/share/cv_bridge/cmake)
-- Found pcl_conversions: 2.4.5 (/opt/ros/humble/share/pcl_conversions/cmake)
-- Eigen found (include: /usr/include/eigen3, version: 3.4.0)
-- FLANN found (include: /usr/include, lib: /usr/lib/x86_64-linux-gnu/libflann_cpp.so)
-- OpenNI found (version: 1.5.4.0, include: /usr/include/ni, lib: /usr/lib/libOpenNI.so;libusb::libusb)
-- OpenNI2 found (version: 2.2.0.33, include: /usr/include/openni2, lib: /usr/lib/x86_64-linux-gnu/libOpenNI2.so;libusb::libusb)
-- Eigen found (include: /usr/include/eigen3, version: 3.4.0)
-- OpenNI found (version: 1.5.4.0, include: /usr/include/ni, lib: /usr/lib/libOpenNI.so;libusb::libusb)
-- OpenNI2 found (version: 2.2.0.33, include: /usr/include/openni2, lib: /usr/lib/x86_64-linux-gnu/libOpenNI2.so;libusb::libusb)
-- Found Qhull version 8.0.2
-- OpenNI found (version: 1.5.4.0, include: /usr/include/ni, lib: /usr/lib/libOpenNI.so;libusb::libusb)
-- Found nav_msgs: 4.9.0 (/opt/ros/humble/share/nav_msgs/cmake)
-- Found visualization_msgs: 4.9.0 (/opt/ros/humble/share/visualization_msgs/cmake)
-- Found rosidl_default_generators: 1.2.0 (/opt/ros/humble/share/rosidl_default_generators/cmake)
-- GTSAM include directory:  /opt/ros/humble/lib/cmake/GTSAM/../../../include
-- Found ament_cmake_ros: 0.10.0 (/opt/ros/humble/share/ament_cmake_ros/cmake)
-- Using all available rosidl_typesupport_c: rosidl_typesupport_fastrtps_c;rosidl_typesupport_introspection_c
-- Using all available rosidl_typesupport_cpp: rosidl_typesupport_fastrtps_cpp;rosidl_typesupport_introspection_cpp
-- Found python_cmake_module: 0.10.0 (/opt/ros/humble/share/python_cmake_module/cmake)
-- Using PYTHON_EXECUTABLE: /usr/bin/python3
-- Using PYTHON_INCLUDE_DIRS: /usr/include/python3.10
-- Using PYTHON_LIBRARIES: /usr/lib/x86_64-linux-gnu/libpython3.10.so
-- Configuring done
-- Generating done
-- Build files have been written to: /home/john22/disco_origin/src/disco_slam_copy/build/disco_slam
[35m[1mConsolidate compiler generated dependencies of target fast_max-clique_finder[0m
[35m[1mConsolidate compiler generated dependencies of target disco_slam__rosidl_generator_c[0m
[35m[1mConsolidate compiler generated dependencies of target scan_context[0m
[ 13%] Built target disco_slam__cpp
[ 13%] Built target fast_max-clique_finder
[ 17%] Built target disco_slam__rosidl_generator_c
[ 17%] Built target ament_cmake_python_copy_disco_slam
[ 20%] Built target scan_context
[35m[1mConsolidate compiler generated dependencies of target disco_slam__rosidl_typesupport_cpp[0m
[35m[1mConsolidate compiler generated dependencies of target disco_slam__rosidl_typesupport_introspection_c[0m
[35m[1mConsolidate compiler generated dependencies of target disco_slam__rosidl_typesupport_c[0m
[35m[1mConsolidate compiler generated dependencies of target disco_slam__rosidl_typesupport_fastrtps_cpp[0m
[35m[1mConsolidate compiler generated dependencies of target disco_slam__rosidl_typesupport_introspection_cpp[0m
[35m[1mConsolidate compiler generated dependencies of target disco_slam__rosidl_typesupport_fastrtps_c[0m
[ 27%] Built target disco_slam__rosidl_typesupport_c
[ 34%] Built target disco_slam__rosidl_typesupport_introspection_c
[ 41%] Built target disco_slam__rosidl_typesupport_cpp
[ 48%] Built target disco_slam__rosidl_typesupport_introspection_cpp
[ 55%] Built target disco_slam__rosidl_typesupport_fastrtps_cpp
[ 62%] Built target disco_slam__rosidl_typesupport_fastrtps_c
[35m[1mConsolidate compiler generated dependencies of target disco_slam_path_to_tum[0m
[35m[1mConsolidate compiler generated dependencies of target disco_slam_featureExtraction[0m
[35m[1mConsolidate compiler generated dependencies of target disco_slam_mapFusion[0m
[35m[1mConsolidate compiler generated dependencies of target disco_slam_mapOptmization[0m
[35m[1mConsolidate compiler generated dependencies of target disco_slam_imuPreintegration[0m
[35m[1mConsolidate compiler generated dependencies of target disco_slam_imageProjection[0m
[ 62%] Built target disco_slam
[ 65%] Built target disco_slam_path_to_tum
[ 67%] Built target disco_slam__py
[ 70%] Built target disco_slam_featureExtraction
[ 74%] Built target disco_slam_imageProjection
[ 77%] Built target disco_slam_mapFusion
[ 81%] Built target disco_slam_mapOptmization
[ 84%] Built target disco_slam_imuPreintegration
[35m[1mConsolidate compiler generated dependencies of target disco_slam__rosidl_generator_py[0m
[ 89%] Built target disco_slam__rosidl_generator_py
[35m[1mConsolidate compiler generated dependencies of target disco_slam__rosidl_typesupport_introspection_c__pyext[0m
[35m[1mConsolidate compiler generated dependencies of target disco_slam__rosidl_typesupport_fastrtps_c__pyext[0m
[35m[1mConsolidate compiler generated dependencies of target disco_slam__rosidl_typesupport_c__pyext[0m
[ 93%] Built target disco_slam__rosidl_typesupport_introspection_c__pyext
[ 96%] Built target disco_slam__rosidl_typesupport_fastrtps_c__pyext
[100%] Built target disco_slam__rosidl_typesupport_c__pyext
running egg_info
writing disco_slam.egg-info/PKG-INFO
writing dependency_links to disco_slam.egg-info/dependency_links.txt
writing top-level names to disco_slam.egg-info/top_level.txt
reading manifest file 'disco_slam.egg-info/SOURCES.txt'
writing manifest file 'disco_slam.egg-info/SOURCES.txt'
[100%] Built target ament_cmake_python_build_disco_slam_egg
-- Install configuration: ""
-- Up-to-date: /home/john22/disco_origin/src/disco_slam_copy/install/disco_slam/share/ament_index/resource_index/rosidl_interfaces/disco_slam
-- Up-to-date: /home/john22/disco_origin/src/disco_slam_copy/install/disco_slam/include/disco_slam/disco_slam
-- Up-to-date: /home/john22/disco_origin/src/disco_slam_copy/install/disco_slam/include/disco_slam/disco_slam/msg
-- Up-to-date: /home/john22/disco_origin/src/disco_slam_copy/install/disco_slam/include/disco_slam/disco_slam/msg/rosidl_generator_c__visibility_control.h
-- Up-to-date: /home/john22/disco_origin/src/disco_slam_copy/install/disco_slam/include/disco_slam/disco_slam/msg/detail
-- Up-to-date: /home/john22/disco_origin/src/disco_slam_copy/install/disco_slam/include/disco_slam/disco_slam/msg/detail/context_info__functions.h
-- Up-to-date: /home/john22/disco_origin/src/disco_slam_copy/install/disco_slam/include/disco_slam/disco_slam/msg/detail/cloud_info__functions.h
-- Up-to-date: /home/john22/disco_origin/src/disco_slam_copy/install/disco_slam/include/disco_slam/disco_slam/msg/detail/cloud_info__type_support.h
-- Up-to-date: /home/john22/disco_origin/src/disco_slam_copy/install/disco_slam/include/disco_slam/disco_slam/msg/detail/context_info__struct.h
-- Up-to-date: /home/john22/disco_origin/src/disco_slam_copy/install/disco_slam/include/disco_slam/disco_slam/msg/detail/context_info__functions.c
-- Up-to-date: /home/john22/disco_origin/src/disco_slam_copy/install/disco_slam/include/disco_slam/disco_slam/msg/detail/context_info__type_support.h
-- Up-to-date: /home/john22/disco_origin/src/disco_slam_copy/install/disco_slam/include/disco_slam/disco_slam/msg/detail/cloud_info__struct.h
-- Up-to-date: /home/john22/disco_origin/src/disco_slam_copy/install/disco_slam/include/disco_slam/disco_slam/msg/detail/cloud_info__functions.c
-- Up-to-date: /home/john22/disco_origin/src/disco_slam_copy/install/disco_slam/include/disco_slam/disco_slam/msg/context_info.h
-- Up-to-date: /home/john22/disco_origin/src/disco_slam_copy/install/disco_slam/include/disco_slam/disco_slam/msg/cloud_info.h
-- Up-to-date: /home/john22/disco_origin/src/disco_slam_copy/install/disco_slam/share/disco_slam/environment/library_path.sh
-- Installing: /home/john22/disco_origin/src/disco_slam_copy/install/disco_slam/share/disco_slam/environment/library_path.dsv
-- Up-to-date: /home/john22/disco_origin/src/disco_slam_copy/install/disco_slam/lib/libdisco_slam__rosidl_generator_c.so
-- Up-to-date: /home/john22/disco_origin/src/disco_slam_copy/install/disco_slam/include/disco_slam/disco_slam
-- Up-to-date: /home/john22/disco_origin/src/disco_slam_copy/install/disco_slam/include/disco_slam/disco_slam/msg
-- Up-to-date: /home/john22/disco_origin/src/disco_slam_copy/install/disco_slam/include/disco_slam/disco_slam/msg/detail
-- Up-to-date: /home/john22/disco_origin/src/disco_slam_copy/install/disco_slam/include/disco_slam/disco_slam/msg/detail/context_info__rosidl_typesupport_fastrtps_c.h
-- Up-to-date: /home/john22/disco_origin/src/disco_slam_copy/install/disco_slam/include/disco_slam/disco_slam/msg/detail/cloud_info__rosidl_typesupport_fastrtps_c.h
-- Up-to-date: /home/john22/disco_origin/src/disco_slam_copy/install/disco_slam/include/disco_slam/disco_slam/msg/rosidl_typesupport_fastrtps_c__visibility_control.h
-- Up-to-date: /home/john22/disco_origin/src/disco_slam_copy/install/disco_slam/lib/libdisco_slam__rosidl_typesupport_fastrtps_c.so
-- Up-to-date: /home/john22/disco_origin/src/disco_slam_copy/install/disco_slam/include/disco_slam/disco_slam
-- Up-to-date: /home/john22/disco_origin/src/disco_slam_copy/install/disco_slam/include/disco_slam/disco_slam/msg
-- Up-to-date: /home/john22/disco_origin/src/disco_slam_copy/install/disco_slam/include/disco_slam/disco_slam/msg/context_info.hpp
-- Up-to-date: /home/john22/disco_origin/src/disco_slam_copy/install/disco_slam/include/disco_slam/disco_slam/msg/rosidl_generator_cpp__visibility_control.hpp
-- Up-to-date: /home/john22/disco_origin/src/disco_slam_copy/install/disco_slam/include/disco_slam/disco_slam/msg/cloud_info.hpp
-- Up-to-date: /home/john22/disco_origin/src/disco_slam_copy/install/disco_slam/include/disco_slam/disco_slam/msg/detail
-- Up-to-date: /home/john22/disco_origin/src/disco_slam_copy/install/disco_slam/include/disco_slam/disco_slam/msg/detail/context_info__builder.hpp
-- Up-to-date: /home/john22/disco_origin/src/disco_slam_copy/install/disco_slam/include/disco_slam/disco_slam/msg/detail/context_info__traits.hpp
-- Up-to-date: /home/john22/disco_origin/src/disco_slam_copy/install/disco_slam/include/disco_slam/disco_slam/msg/detail/cloud_info__builder.hpp
-- Up-to-date: /home/john22/disco_origin/src/disco_slam_copy/install/disco_slam/include/disco_slam/disco_slam/msg/detail/cloud_info__type_support.hpp
-- Up-to-date: /home/john22/disco_origin/src/disco_slam_copy/install/disco_slam/include/disco_slam/disco_slam/msg/detail/context_info__struct.hpp
-- Up-to-date: /home/john22/disco_origin/src/disco_slam_copy/install/disco_slam/include/disco_slam/disco_slam/msg/detail/cloud_info__traits.hpp
-- Up-to-date: /home/john22/disco_origin/src/disco_slam_copy/install/disco_slam/include/disco_slam/disco_slam/msg/detail/context_info__type_support.hpp
-- Up-to-date: /home/john22/disco_origin/src/disco_slam_copy/install/disco_slam/include/disco_slam/disco_slam/msg/detail/cloud_info__struct.hpp
-- Up-to-date: /home/john22/disco_origin/src/disco_slam_copy/install/disco_slam/include/disco_slam/disco_slam
-- Up-to-date: /home/john22/disco_origin/src/disco_slam_copy/install/disco_slam/include/disco_slam/disco_slam/msg
-- Up-to-date: /home/john22/disco_origin/src/disco_slam_copy/install/disco_slam/include/disco_slam/disco_slam/msg/rosidl_typesupport_fastrtps_cpp__visibility_control.h
-- Up-to-date: /home/john22/disco_origin/src/disco_slam_copy/install/disco_slam/include/disco_slam/disco_slam/msg/detail
-- Up-to-date: /home/john22/disco_origin/src/disco_slam_copy/install/disco_slam/include/disco_slam/disco_slam/msg/detail/dds_fastrtps
-- Up-to-date: /home/john22/disco_origin/src/disco_slam_copy/install/disco_slam/include/disco_slam/disco_slam/msg/detail/cloud_info__rosidl_typesupport_fastrtps_cpp.hpp
-- Up-to-date: /home/john22/disco_origin/src/disco_slam_copy/install/disco_slam/include/disco_slam/disco_slam/msg/detail/context_info__rosidl_typesupport_fastrtps_cpp.hpp
-- Up-to-date: /home/john22/disco_origin/src/disco_slam_copy/install/disco_slam/lib/libdisco_slam__rosidl_typesupport_fastrtps_cpp.so
-- Up-to-date: /home/john22/disco_origin/src/disco_slam_copy/install/disco_slam/include/disco_slam/disco_slam
-- Up-to-date: /home/john22/disco_origin/src/disco_slam_copy/install/disco_slam/include/disco_slam/disco_slam/msg
-- Up-to-date: /home/john22/disco_origin/src/disco_slam_copy/install/disco_slam/include/disco_slam/disco_slam/msg/detail
-- Up-to-date: /home/john22/disco_origin/src/disco_slam_copy/install/disco_slam/include/disco_slam/disco_slam/msg/detail/context_info__type_support.c
-- Up-to-date: /home/john22/disco_origin/src/disco_slam_copy/install/disco_slam/include/disco_slam/disco_slam/msg/detail/context_info__rosidl_typesupport_introspection_c.h
-- Up-to-date: /home/john22/disco_origin/src/disco_slam_copy/install/disco_slam/include/disco_slam/disco_slam/msg/detail/cloud_info__rosidl_typesupport_introspection_c.h
-- Up-to-date: /home/john22/disco_origin/src/disco_slam_copy/install/disco_slam/include/disco_slam/disco_slam/msg/detail/cloud_info__type_support.c
-- Up-to-date: /home/john22/disco_origin/src/disco_slam_copy/install/disco_slam/include/disco_slam/disco_slam/msg/rosidl_typesupport_introspection_c__visibility_control.h
-- Up-to-date: /home/john22/disco_origin/src/disco_slam_copy/install/disco_slam/lib/libdisco_slam__rosidl_typesupport_introspection_c.so
-- Up-to-date: /home/john22/disco_origin/src/disco_slam_copy/install/disco_slam/lib/libdisco_slam__rosidl_typesupport_c.so
-- Up-to-date: /home/john22/disco_origin/src/disco_slam_copy/install/disco_slam/include/disco_slam/disco_slam
-- Up-to-date: /home/john22/disco_origin/src/disco_slam_copy/install/disco_slam/include/disco_slam/disco_slam/msg
-- Up-to-date: /home/john22/disco_origin/src/disco_slam_copy/install/disco_slam/include/disco_slam/disco_slam/msg/detail
-- Up-to-date: /home/john22/disco_origin/src/disco_slam_copy/install/disco_slam/include/disco_slam/disco_slam/msg/detail/context_info__rosidl_typesupport_introspection_cpp.hpp
-- Up-to-date: /home/john22/disco_origin/src/disco_slam_copy/install/disco_slam/include/disco_slam/disco_slam/msg/detail/cloud_info__rosidl_typesupport_introspection_cpp.hpp
-- Up-to-date: /home/john22/disco_origin/src/disco_slam_copy/install/disco_slam/include/disco_slam/disco_slam/msg/detail/cloud_info__type_support.cpp
-- Up-to-date: /home/john22/disco_origin/src/disco_slam_copy/install/disco_slam/include/disco_slam/disco_slam/msg/detail/context_info__type_support.cpp
-- Up-to-date: /home/john22/disco_origin/src/disco_slam_copy/install/disco_slam/lib/libdisco_slam__rosidl_typesupport_introspection_cpp.so
-- Up-to-date: /home/john22/disco_origin/src/disco_slam_copy/install/disco_slam/lib/libdisco_slam__rosidl_typesupport_cpp.so
-- Up-to-date: /home/john22/disco_origin/src/disco_slam_copy/install/disco_slam/share/disco_slam/environment/pythonpath.sh
-- Installing: /home/john22/disco_origin/src/disco_slam_copy/install/disco_slam/share/disco_slam/environment/pythonpath.dsv
-- Up-to-date: /home/john22/disco_origin/src/disco_slam_copy/install/disco_slam/local/lib/python3.10/dist-packages/disco_slam-1.0.0-py3.10.egg-info
-- Installing: /home/john22/disco_origin/src/disco_slam_copy/install/disco_slam/local/lib/python3.10/dist-packages/disco_slam-1.0.0-py3.10.egg-info/dependency_links.txt
-- Installing: /home/john22/disco_origin/src/disco_slam_copy/install/disco_slam/local/lib/python3.10/dist-packages/disco_slam-1.0.0-py3.10.egg-info/top_level.txt
-- Installing: /home/john22/disco_origin/src/disco_slam_copy/install/disco_slam/local/lib/python3.10/dist-packages/disco_slam-1.0.0-py3.10.egg-info/PKG-INFO
-- Installing: /home/john22/disco_origin/src/disco_slam_copy/install/disco_slam/local/lib/python3.10/dist-packages/disco_slam-1.0.0-py3.10.egg-info/SOURCES.txt
-- Up-to-date: /home/john22/disco_origin/src/disco_slam_copy/install/disco_slam/local/lib/python3.10/dist-packages/disco_slam
-- Up-to-date: /home/john22/disco_origin/src/disco_slam_copy/install/disco_slam/local/lib/python3.10/dist-packages/disco_slam/_disco_slam_s.ep.rosidl_typesupport_fastrtps_c.c
-- Up-to-date: /home/john22/disco_origin/src/disco_slam_copy/install/disco_slam/local/lib/python3.10/dist-packages/disco_slam/disco_slam_s__rosidl_typesupport_fastrtps_c.cpython-310-x86_64-linux-gnu.so
-- Up-to-date: /home/john22/disco_origin/src/disco_slam_copy/install/disco_slam/local/lib/python3.10/dist-packages/disco_slam/disco_slam_s__rosidl_typesupport_introspection_c.cpython-310-x86_64-linux-gnu.so
-- Up-to-date: /home/john22/disco_origin/src/disco_slam_copy/install/disco_slam/local/lib/python3.10/dist-packages/disco_slam/disco_slam_s__rosidl_typesupport_c.cpython-310-x86_64-linux-gnu.so
-- Up-to-date: /home/john22/disco_origin/src/disco_slam_copy/install/disco_slam/local/lib/python3.10/dist-packages/disco_slam/msg
-- Up-to-date: /home/john22/disco_origin/src/disco_slam_copy/install/disco_slam/local/lib/python3.10/dist-packages/disco_slam/msg/_context_info.py
-- Up-to-date: /home/john22/disco_origin/src/disco_slam_copy/install/disco_slam/local/lib/python3.10/dist-packages/disco_slam/msg/_context_info_s.c
-- Up-to-date: /home/john22/disco_origin/src/disco_slam_copy/install/disco_slam/local/lib/python3.10/dist-packages/disco_slam/msg/_cloud_info.py
-- Up-to-date: /home/john22/disco_origin/src/disco_slam_copy/install/disco_slam/local/lib/python3.10/dist-packages/disco_slam/msg/__init__.py
-- Up-to-date: /home/john22/disco_origin/src/disco_slam_copy/install/disco_slam/local/lib/python3.10/dist-packages/disco_slam/msg/_cloud_info_s.c
-- Up-to-date: /home/john22/disco_origin/src/disco_slam_copy/install/disco_slam/local/lib/python3.10/dist-packages/disco_slam/libdisco_slam__rosidl_generator_py.so
-- Up-to-date: /home/john22/disco_origin/src/disco_slam_copy/install/disco_slam/local/lib/python3.10/dist-packages/disco_slam/_disco_slam_s.ep.rosidl_typesupport_c.c
-- Installing: /home/john22/disco_origin/src/disco_slam_copy/install/disco_slam/local/lib/python3.10/dist-packages/disco_slam/__init__.py
-- Up-to-date: /home/john22/disco_origin/src/disco_slam_copy/install/disco_slam/local/lib/python3.10/dist-packages/disco_slam/_disco_slam_s.ep.rosidl_typesupport_introspection_c.c
Listing '/home/john22/disco_origin/src/disco_slam_copy/install/disco_slam/local/lib/python3.10/dist-packages/disco_slam'...
Compiling '/home/john22/disco_origin/src/disco_slam_copy/install/disco_slam/local/lib/python3.10/dist-packages/disco_slam/__init__.py'...
Listing '/home/john22/disco_origin/src/disco_slam_copy/install/disco_slam/local/lib/python3.10/dist-packages/disco_slam/msg'...
-- Up-to-date: /home/john22/disco_origin/src/disco_slam_copy/install/disco_slam/local/lib/python3.10/dist-packages/disco_slam/disco_slam_s__rosidl_typesupport_fastrtps_c.cpython-310-x86_64-linux-gnu.so
-- Up-to-date: /home/john22/disco_origin/src/disco_slam_copy/install/disco_slam/local/lib/python3.10/dist-packages/disco_slam/disco_slam_s__rosidl_typesupport_introspection_c.cpython-310-x86_64-linux-gnu.so
-- Up-to-date: /home/john22/disco_origin/src/disco_slam_copy/install/disco_slam/local/lib/python3.10/dist-packages/disco_slam/disco_slam_s__rosidl_typesupport_c.cpython-310-x86_64-linux-gnu.so
-- Up-to-date: /home/john22/disco_origin/src/disco_slam_copy/install/disco_slam/lib/libdisco_slam__rosidl_generator_py.so
-- Up-to-date: /home/john22/disco_origin/src/disco_slam_copy/install/disco_slam/share/disco_slam/msg/CloudInfo.idl
-- Up-to-date: /home/john22/disco_origin/src/disco_slam_copy/install/disco_slam/share/disco_slam/msg/ContextInfo.idl
-- Up-to-date: /home/john22/disco_origin/src/disco_slam_copy/install/disco_slam/share/disco_slam/msg/CloudInfo.msg
-- Up-to-date: /home/john22/disco_origin/src/disco_slam_copy/install/disco_slam/share/disco_slam/msg/ContextInfo.msg
-- Up-to-date: /home/john22/disco_origin/src/disco_slam_copy/install/disco_slam/lib/disco_slam/disco_slam_imageProjection
-- Up-to-date: /home/john22/disco_origin/src/disco_slam_copy/install/disco_slam/lib/disco_slam/disco_slam_featureExtraction
-- Up-to-date: /home/john22/disco_origin/src/disco_slam_copy/install/disco_slam/lib/disco_slam/disco_slam_mapOptmization
-- Up-to-date: /home/john22/disco_origin/src/disco_slam_copy/install/disco_slam/lib/disco_slam/disco_slam_imuPreintegration
-- Up-to-date: /home/john22/disco_origin/src/disco_slam_copy/install/disco_slam/lib/disco_slam/disco_slam_mapFusion
-- Up-to-date: /home/john22/disco_origin/src/disco_slam_copy/install/disco_slam/lib/disco_slam/disco_slam_path_to_tum
-- Up-to-date: /home/john22/disco_origin/src/disco_slam_copy/install/disco_slam/lib/disco_slam/libfast_max-clique_finder.so
-- Up-to-date: /home/john22/disco_origin/src/disco_slam_copy/install/disco_slam/lib/disco_slam/libscan_context.so
-- Up-to-date: /home/john22/disco_origin/src/disco_slam_copy/install/disco_slam/share/disco_slam/launch
-- Up-to-date: /home/john22/disco_origin/src/disco_slam_copy/install/disco_slam/share/disco_slam/launch/run_multi.launch
-- Installing: /home/john22/disco_origin/src/disco_slam_copy/install/disco_slam/share/disco_slam/launch/run.launch
-- Up-to-date: /home/john22/disco_origin/src/disco_slam_copy/install/disco_slam/share/disco_slam/launch/run.launch.py
-- Up-to-date: /home/john22/disco_origin/src/disco_slam_copy/install/disco_slam/share/disco_slam/launch/run_fusion.launch
-- Up-to-date: /home/john22/disco_origin/src/disco_slam_copy/install/disco_slam/share/disco_slam/launch/include
-- Up-to-date: /home/john22/disco_origin/src/disco_slam_copy/install/disco_slam/share/disco_slam/launch/include/module_rviz.launch
-- Up-to-date: /home/john22/disco_origin/src/disco_slam_copy/install/disco_slam/share/disco_slam/launch/include/config
-- Up-to-date: /home/john22/disco_origin/src/disco_slam_copy/install/disco_slam/share/disco_slam/launch/include/config/rviz1.rviz
-- Up-to-date: /home/john22/disco_origin/src/disco_slam_copy/install/disco_slam/share/disco_slam/launch/include/config/rviz.rviz
-- Up-to-date: /home/john22/disco_origin/src/disco_slam_copy/install/disco_slam/share/disco_slam/launch/include/config/rviz_ros2.rviz
-- Up-to-date: /home/john22/disco_origin/src/disco_slam_copy/install/disco_slam/share/disco_slam/launch/include/config/rviz2_ros2.rviz
-- Up-to-date: /home/john22/disco_origin/src/disco_slam_copy/install/disco_slam/share/disco_slam/launch/include/config/robot.urdf.xacro
-- Up-to-date: /home/john22/disco_origin/src/disco_slam_copy/install/disco_slam/share/disco_slam/launch/include/config/rviz2.rviz
-- Up-to-date: /home/john22/disco_origin/src/disco_slam_copy/install/disco_slam/share/disco_slam/launch/include/config/rviz1_ros2.rviz
-- Up-to-date: /home/john22/disco_origin/src/disco_slam_copy/install/disco_slam/share/disco_slam/launch/include/rosconsole
-- Up-to-date: /home/john22/disco_origin/src/disco_slam_copy/install/disco_slam/share/disco_slam/launch/include/rosconsole/rosconsole_error.conf
-- Up-to-date: /home/john22/disco_origin/src/disco_slam_copy/install/disco_slam/share/disco_slam/launch/include/rosconsole/rosconsole_warn.conf
-- Up-to-date: /home/john22/disco_origin/src/disco_slam_copy/install/disco_slam/share/disco_slam/launch/include/rosconsole/rosconsole_info.conf
-- Up-to-date: /home/john22/disco_origin/src/disco_slam_copy/install/disco_slam/share/disco_slam/launch/include/module_loam.launch
-- Up-to-date: /home/john22/disco_origin/src/disco_slam_copy/install/disco_slam/share/disco_slam/launch/include/module_robot_state_publisher.launch
-- Up-to-date: /home/john22/disco_origin/src/disco_slam_copy/install/disco_slam/share/disco_slam/launch/include/module_navsat.launch
-- Up-to-date: /home/john22/disco_origin/src/disco_slam_copy/install/disco_slam/share/disco_slam/launch/run_path_to_tum.launch
-- Installing: /home/john22/disco_origin/src/disco_slam_copy/install/disco_slam/share/disco_slam/config
-- Installing: /home/john22/disco_origin/src/disco_slam_copy/install/disco_slam/share/disco_slam/config/params_k.yaml
-- Installing: /home/john22/disco_origin/src/disco_slam_copy/install/disco_slam/share/disco_slam/config/consistency_matrixgensui.clq.mtx
-- Installing: /home/john22/disco_origin/src/disco_slam_copy/install/disco_slam/share/disco_slam/config/topic.png
-- Installing: /home/john22/disco_origin/src/disco_slam_copy/install/disco_slam/share/disco_slam/config/consistency_matrixjackal2.clq.mtx
-- Installing: /home/john22/disco_origin/src/disco_slam_copy/install/disco_slam/share/disco_slam/config/sensordata_to_rosbag_liosam.py
-- Installing: /home/john22/disco_origin/src/disco_slam_copy/install/disco_slam/share/disco_slam/config/params_ue.yaml
-- Installing: /home/john22/disco_origin/src/disco_slam_copy/install/disco_slam/share/disco_slam/config/params_nclt.yaml
-- Installing: /home/john22/disco_origin/src/disco_slam_copy/install/disco_slam/share/disco_slam/config/consistency_matrixjackal1.clq.mtx
-- Installing: /home/john22/disco_origin/src/disco_slam_copy/install/disco_slam/share/disco_slam/config/doc
-- Installing: /home/john22/disco_origin/src/disco_slam_copy/install/disco_slam/share/disco_slam/config/doc/ouster-demo.gif
-- Installing: /home/john22/disco_origin/src/disco_slam_copy/install/disco_slam/share/disco_slam/config/doc/imu-transform.png
-- Installing: /home/john22/disco_origin/src/disco_slam_copy/install/disco_slam/share/disco_slam/config/doc/device-jackal.png
-- Installing: /home/john22/disco_origin/src/disco_slam_copy/install/disco_slam/share/disco_slam/config/doc/imu-debug.gif
-- Installing: /home/john22/disco_origin/src/disco_slam_copy/install/disco_slam/share/disco_slam/config/doc/device-hand.png
-- Installing: /home/john22/disco_origin/src/disco_slam_copy/install/disco_slam/share/disco_slam/config/doc/kitti2bag
-- Installing: /home/john22/disco_origin/src/disco_slam_copy/install/disco_slam/share/disco_slam/config/doc/kitti2bag/kitti2bag.py
-- Installing: /home/john22/disco_origin/src/disco_slam_copy/install/disco_slam/share/disco_slam/config/doc/kitti2bag/README.md
-- Installing: /home/john22/disco_origin/src/disco_slam_copy/install/disco_slam/share/disco_slam/config/doc/ouster-device.jpg
-- Installing: /home/john22/disco_origin/src/disco_slam_copy/install/disco_slam/share/disco_slam/config/doc/device-boat.png
-- Installing: /home/john22/disco_origin/src/disco_slam_copy/install/disco_slam/share/disco_slam/config/doc/system.png
-- Installing: /home/john22/disco_origin/src/disco_slam_copy/install/disco_slam/share/disco_slam/config/doc/demo.gif
-- Installing: /home/john22/disco_origin/src/disco_slam_copy/install/disco_slam/share/disco_slam/config/doc/loop-closure.gif
-- Installing: /home/john22/disco_origin/src/disco_slam_copy/install/disco_slam/share/disco_slam/config/doc/kitti-demo.gif
-- Installing: /home/john22/disco_origin/src/disco_slam_copy/install/disco_slam/share/disco_slam/config/doc/loop-closure-2.gif
-- Installing: /home/john22/disco_origin/src/disco_slam_copy/install/disco_slam/share/disco_slam/config/doc/kitti-map.png
-- Installing: /home/john22/disco_origin/src/disco_slam_copy/install/disco_slam/share/disco_slam/config/doc/gps-demo.gif
-- Installing: /home/john22/disco_origin/src/disco_slam_copy/install/disco_slam/share/disco_slam/config/doc/paper.pdf
-- Installing: /home/john22/disco_origin/src/disco_slam_copy/install/disco_slam/share/disco_slam/config/doc/device-hand-2.png
-- Installing: /home/john22/disco_origin/src/disco_slam_copy/install/disco_slam/share/disco_slam/config/params.yaml
-- Installing: /home/john22/disco_origin/src/disco_slam_copy/install/disco_slam/share/disco_slam/config/context.png
-- Up-to-date: /home/john22/disco_origin/src/disco_slam_copy/install/disco_slam/share/disco_slam/config
-- Installing: /home/john22/disco_origin/src/disco_slam_copy/install/disco_slam/share/disco_slam/config/mapfusion.yaml
-- Installing: /home/john22/disco_origin/src/disco_slam_copy/install/disco_slam/share/disco_slam/config/mapfusion_k.yaml
-- Installing: /home/john22/disco_origin/src/disco_slam_copy/install/disco_slam/share/disco_slam/config/mapfusion_ue.yaml
-- Up-to-date: /home/john22/disco_origin/src/disco_slam_copy/install/disco_slam/share/ament_index/resource_index/package_run_dependencies/disco_slam
-- Installing: /home/john22/disco_origin/src/disco_slam_copy/install/disco_slam/share/ament_index/resource_index/parent_prefix_path/disco_slam
-- Up-to-date: /home/john22/disco_origin/src/disco_slam_copy/install/disco_slam/share/disco_slam/environment/ament_prefix_path.sh
-- Installing: /home/john22/disco_origin/src/disco_slam_copy/install/disco_slam/share/disco_slam/environment/ament_prefix_path.dsv
-- Up-to-date: /home/john22/disco_origin/src/disco_slam_copy/install/disco_slam/share/disco_slam/environment/path.sh
-- Installing: /home/john22/disco_origin/src/disco_slam_copy/install/disco_slam/share/disco_slam/environment/path.dsv
-- Up-to-date: /home/john22/disco_origin/src/disco_slam_copy/install/disco_slam/share/disco_slam/local_setup.bash
-- Up-to-date: /home/john22/disco_origin/src/disco_slam_copy/install/disco_slam/share/disco_slam/local_setup.sh
-- Up-to-date: /home/john22/disco_origin/src/disco_slam_copy/install/disco_slam/share/disco_slam/local_setup.zsh
-- Installing: /home/john22/disco_origin/src/disco_slam_copy/install/disco_slam/share/disco_slam/local_setup.dsv
-- Installing: /home/john22/disco_origin/src/disco_slam_copy/install/disco_slam/share/disco_slam/package.dsv
-- Up-to-date: /home/john22/disco_origin/src/disco_slam_copy/install/disco_slam/share/ament_index/resource_index/packages/disco_slam
-- Up-to-date: /home/john22/disco_origin/src/disco_slam_copy/install/disco_slam/share/disco_slam/cmake/export_disco_slam__rosidl_generator_cExport.cmake
-- Up-to-date: /home/john22/disco_origin/src/disco_slam_copy/install/disco_slam/share/disco_slam/cmake/export_disco_slam__rosidl_generator_cExport-noconfig.cmake
-- Up-to-date: /home/john22/disco_origin/src/disco_slam_copy/install/disco_slam/share/disco_slam/cmake/export_disco_slam__rosidl_typesupport_fastrtps_cExport.cmake
-- Up-to-date: /home/john22/disco_origin/src/disco_slam_copy/install/disco_slam/share/disco_slam/cmake/export_disco_slam__rosidl_typesupport_fastrtps_cExport-noconfig.cmake
-- Up-to-date: /home/john22/disco_origin/src/disco_slam_copy/install/disco_slam/share/disco_slam/cmake/export_disco_slam__rosidl_generator_cppExport.cmake
-- Up-to-date: /home/john22/disco_origin/src/disco_slam_copy/install/disco_slam/share/disco_slam/cmake/export_disco_slam__rosidl_typesupport_fastrtps_cppExport.cmake
-- Up-to-date: /home/john22/disco_origin/src/disco_slam_copy/install/disco_slam/share/disco_slam/cmake/export_disco_slam__rosidl_typesupport_fastrtps_cppExport-noconfig.cmake
-- Up-to-date: /home/john22/disco_origin/src/disco_slam_copy/install/disco_slam/share/disco_slam/cmake/disco_slam__rosidl_typesupport_introspection_cExport.cmake
-- Up-to-date: /home/john22/disco_origin/src/disco_slam_copy/install/disco_slam/share/disco_slam/cmake/disco_slam__rosidl_typesupport_introspection_cExport-noconfig.cmake
-- Up-to-date: /home/john22/disco_origin/src/disco_slam_copy/install/disco_slam/share/disco_slam/cmake/disco_slam__rosidl_typesupport_cExport.cmake
-- Up-to-date: /home/john22/disco_origin/src/disco_slam_copy/install/disco_slam/share/disco_slam/cmake/disco_slam__rosidl_typesupport_cExport-noconfig.cmake
-- Up-to-date: /home/john22/disco_origin/src/disco_slam_copy/install/disco_slam/share/disco_slam/cmake/disco_slam__rosidl_typesupport_introspection_cppExport.cmake
-- Up-to-date: /home/john22/disco_origin/src/disco_slam_copy/install/disco_slam/share/disco_slam/cmake/disco_slam__rosidl_typesupport_introspection_cppExport-noconfig.cmake
-- Up-to-date: /home/john22/disco_origin/src/disco_slam_copy/install/disco_slam/share/disco_slam/cmake/disco_slam__rosidl_typesupport_cppExport.cmake
-- Up-to-date: /home/john22/disco_origin/src/disco_slam_copy/install/disco_slam/share/disco_slam/cmake/disco_slam__rosidl_typesupport_cppExport-noconfig.cmake
-- Up-to-date: /home/john22/disco_origin/src/disco_slam_copy/install/disco_slam/share/disco_slam/cmake/export_disco_slam__rosidl_generator_pyExport.cmake
-- Up-to-date: /home/john22/disco_origin/src/disco_slam_copy/install/disco_slam/share/disco_slam/cmake/export_disco_slam__rosidl_generator_pyExport-noconfig.cmake
-- Up-to-date: /home/john22/disco_origin/src/disco_slam_copy/install/disco_slam/share/disco_slam/cmake/rosidl_cmake-extras.cmake
-- Up-to-date: /home/john22/disco_origin/src/disco_slam_copy/install/disco_slam/share/disco_slam/cmake/ament_cmake_export_dependencies-extras.cmake
-- Up-to-date: /home/john22/disco_origin/src/disco_slam_copy/install/disco_slam/share/disco_slam/cmake/ament_cmake_export_include_directories-extras.cmake
-- Up-to-date: /home/john22/disco_origin/src/disco_slam_copy/install/disco_slam/share/disco_slam/cmake/ament_cmake_export_libraries-extras.cmake
-- Up-to-date: /home/john22/disco_origin/src/disco_slam_copy/install/disco_slam/share/disco_slam/cmake/ament_cmake_export_targets-extras.cmake
-- Up-to-date: /home/john22/disco_origin/src/disco_slam_copy/install/disco_slam/share/disco_slam/cmake/rosidl_cmake_export_typesupport_targets-extras.cmake
-- Up-to-date: /home/john22/disco_origin/src/disco_slam_copy/install/disco_slam/share/disco_slam/cmake/rosidl_cmake_export_typesupport_libraries-extras.cmake
-- Up-to-date: /home/john22/disco_origin/src/disco_slam_copy/install/disco_slam/share/disco_slam/cmake/disco_slamConfig.cmake
-- Up-to-date: /home/john22/disco_origin/src/disco_slam_copy/install/disco_slam/share/disco_slam/cmake/disco_slamConfig-version.cmake
-- Up-to-date: /home/john22/disco_origin/src/disco_slam_copy/install/disco_slam/share/disco_slam/package.xml
