[0.024s] Invoking command in '/home/john22/disco_origin/src/disco_slam_copy/build/disco_slam': CMAKE_PREFIX_PATH=${CMAKE_PREFIX_PATH}:/opt/ros/humble PS1=\n(TraeAI-28) \w [$?] $ __trae_PS1=\n(TraeAI-28) \w [$?] $ /usr/bin/cmake --build /home/john22/disco_origin/src/disco_slam_copy/build/disco_slam -- -j20 -l20
[0.105s] -- Configuring for ROS 2...
[0.105s] -- Found ament_cmake: 1.3.12 (/opt/ros/humble/share/ament_cmake/cmake)
[0.366s] -- Found rclcpp: 16.0.16 (/opt/ros/humble/share/rclcpp/cmake)
[0.696s] -- Found rosidl_generator_c: 3.1.7 (/opt/ros/humble/share/rosidl_generator_c/cmake)
[0.699s] -- Found rosidl_adapter: 3.1.7 (/opt/ros/humble/share/rosidl_adapter/cmake)
[0.707s] -- Found rosidl_generator_cpp: 3.1.7 (/opt/ros/humble/share/rosidl_generator_cpp/cmake)
[0.716s] -- Using all available rosidl_typesupport_c: rosidl_typesupport_fastrtps_c;rosidl_typesupport_introspection_c
[0.729s] -- Using all available rosidl_typesupport_cpp: rosidl_typesupport_fastrtps_cpp;rosidl_typesupport_introspection_cpp
[0.759s] -- Found rmw_implementation_cmake: 6.1.2 (/opt/ros/humble/share/rmw_implementation_cmake/cmake)
[0.761s] -- Found rmw_fastrtps_cpp: 6.2.9 (/opt/ros/humble/share/rmw_fastrtps_cpp/cmake)
[6.032s] -- Using RMW implementation 'rmw_fastrtps_cpp' as default
[6.069s] -- Found rclpy: 3.3.19 (/opt/ros/humble/share/rclpy/cmake)
[6.069s] -- Found tf2: 0.25.17 (/opt/ros/humble/share/tf2/cmake)
[6.080s] -- Found tf2_ros: 0.25.17 (/opt/ros/humble/share/tf2_ros/cmake)
[6.135s] -- Found tf2_geometry_msgs: 0.25.17 (/opt/ros/humble/share/tf2_geometry_msgs/cmake)
[6.138s] -- Found eigen3_cmake_module: 0.1.1 (/opt/ros/humble/share/eigen3_cmake_module/cmake)
[6.139s] -- Ensuring Eigen3 include directory is part of orocos-kdl CMake target
[6.140s] -- Found tf2_eigen: 0.25.17 (/opt/ros/humble/share/tf2_eigen/cmake)
[6.141s] -- Found cv_bridge: 3.2.1 (/opt/ros/humble/share/cv_bridge/cmake)
[6.161s] -- Found pcl_conversions: 2.4.5 (/opt/ros/humble/share/pcl_conversions/cmake)
[6.185s] -- Eigen found (include: /usr/include/eigen3, version: 3.4.0)
[7.792s] -- FLANN found (include: /usr/include, lib: /usr/lib/x86_64-linux-gnu/libflann_cpp.so)
[11.589s] -- OpenNI found (version: 1.5.4.0, include: /usr/include/ni, lib: /usr/lib/libOpenNI.so;libusb::libusb)
[11.594s] -- OpenNI2 found (version: 2.2.0.33, include: /usr/include/openni2, lib: /usr/lib/x86_64-linux-gnu/libOpenNI2.so;libusb::libusb)
[13.688s] -- Eigen found (include: /usr/include/eigen3, version: 3.4.0)
[13.693s] -- OpenNI found (version: 1.5.4.0, include: /usr/include/ni, lib: /usr/lib/libOpenNI.so;libusb::libusb)
[13.698s] -- OpenNI2 found (version: 2.2.0.33, include: /usr/include/openni2, lib: /usr/lib/x86_64-linux-gnu/libOpenNI2.so;libusb::libusb)
[15.966s] -- Found Qhull version 8.0.2
[18.067s] -- OpenNI found (version: 1.5.4.0, include: /usr/include/ni, lib: /usr/lib/libOpenNI.so;libusb::libusb)
[20.167s] -- Found nav_msgs: 4.9.0 (/opt/ros/humble/share/nav_msgs/cmake)
[20.178s] -- Found visualization_msgs: 4.9.0 (/opt/ros/humble/share/visualization_msgs/cmake)
[20.191s] -- Found rosidl_default_generators: 1.2.0 (/opt/ros/humble/share/rosidl_default_generators/cmake)
[20.197s] [33mCMake Warning (dev) at CMakeLists.txt:84 (find_package):
[20.198s]   Policy CMP0074 is not set: find_package uses <PackageName>_ROOT variables.
[20.198s]   Run "cmake --help-policy CMP0074" for policy details.  Use the cmake_policy
[20.198s]   command to set the policy and suppress this warning.
[20.198s] 
[20.198s]   CMake variable PCL_ROOT is set to:
[20.198s] 
[20.198s]     /usr
[20.198s] 
[20.198s]   For compatibility, CMake is ignoring the variable.
[20.198s] This warning is for project developers.  Use -Wno-dev to suppress it.
[20.198s] [0m
[20.219s] -- GTSAM include directory:  /opt/ros/humble/lib/cmake/GTSAM/../../../include
[20.473s] -- Found ament_cmake_ros: 0.10.0 (/opt/ros/humble/share/ament_cmake_ros/cmake)
[20.870s] -- Using all available rosidl_typesupport_c: rosidl_typesupport_fastrtps_c;rosidl_typesupport_introspection_c
[21.013s] -- Using all available rosidl_typesupport_cpp: rosidl_typesupport_fastrtps_cpp;rosidl_typesupport_introspection_cpp
[21.032s] -- Found python_cmake_module: 0.10.0 (/opt/ros/humble/share/python_cmake_module/cmake)
[21.051s] -- Using PYTHON_EXECUTABLE: /usr/bin/python3
[21.051s] -- Using PYTHON_INCLUDE_DIRS: /usr/include/python3.10
[21.051s] -- Using PYTHON_LIBRARIES: /usr/lib/x86_64-linux-gnu/libpython3.10.so
[21.130s] -- Configuring done
[21.275s] -- Generating done
[21.325s] -- Build files have been written to: /home/john22/disco_origin/src/disco_slam_copy/build/disco_slam
[21.366s] [35m[1mConsolidate compiler generated dependencies of target fast_max-clique_finder[0m
[21.366s] [35m[1mConsolidate compiler generated dependencies of target disco_slam__rosidl_generator_c[0m
[21.366s] [35m[1mConsolidate compiler generated dependencies of target scan_context[0m
[21.382s] [ 13%] Built target disco_slam__cpp
[21.382s] [ 13%] Built target fast_max-clique_finder
[21.382s] [ 17%] Built target disco_slam__rosidl_generator_c
[21.389s] [ 17%] Built target ament_cmake_python_copy_disco_slam
[21.391s] [ 20%] Built target scan_context
[21.397s] [35m[1mConsolidate compiler generated dependencies of target disco_slam__rosidl_typesupport_cpp[0m
[21.398s] [35m[1mConsolidate compiler generated dependencies of target disco_slam__rosidl_typesupport_introspection_c[0m
[21.398s] [35m[1mConsolidate compiler generated dependencies of target disco_slam__rosidl_typesupport_c[0m
[21.398s] [35m[1mConsolidate compiler generated dependencies of target disco_slam__rosidl_typesupport_fastrtps_cpp[0m
[21.400s] [35m[1mConsolidate compiler generated dependencies of target disco_slam__rosidl_typesupport_introspection_cpp[0m
[21.402s] [35m[1mConsolidate compiler generated dependencies of target disco_slam__rosidl_typesupport_fastrtps_c[0m
[21.416s] [ 27%] Built target disco_slam__rosidl_typesupport_c
[21.417s] [ 34%] Built target disco_slam__rosidl_typesupport_introspection_c
[21.418s] [ 41%] Built target disco_slam__rosidl_typesupport_cpp
[21.419s] [ 48%] Built target disco_slam__rosidl_typesupport_introspection_cpp
[21.420s] [ 55%] Built target disco_slam__rosidl_typesupport_fastrtps_cpp
[21.422s] [ 62%] Built target disco_slam__rosidl_typesupport_fastrtps_c
[21.437s] [35m[1mConsolidate compiler generated dependencies of target disco_slam_path_to_tum[0m
[21.438s] [35m[1mConsolidate compiler generated dependencies of target disco_slam_featureExtraction[0m
[21.440s] [35m[1mConsolidate compiler generated dependencies of target disco_slam_mapFusion[0m
[21.440s] [35m[1mConsolidate compiler generated dependencies of target disco_slam_mapOptmization[0m
[21.443s] [35m[1mConsolidate compiler generated dependencies of target disco_slam_imuPreintegration[0m
[21.443s] [35m[1mConsolidate compiler generated dependencies of target disco_slam_imageProjection[0m
[21.452s] [ 62%] Built target disco_slam
[21.472s] [ 65%] Built target disco_slam_path_to_tum
[21.492s] [ 67%] Built target disco_slam__py
[21.496s] [ 70%] Built target disco_slam_featureExtraction
[21.501s] [ 74%] Built target disco_slam_imageProjection
[21.510s] [ 77%] Built target disco_slam_mapFusion
[21.510s] [ 81%] Built target disco_slam_mapOptmization
[21.511s] [ 84%] Built target disco_slam_imuPreintegration
[21.512s] [35m[1mConsolidate compiler generated dependencies of target disco_slam__rosidl_generator_py[0m
[21.534s] [ 89%] Built target disco_slam__rosidl_generator_py
[21.549s] [35m[1mConsolidate compiler generated dependencies of target disco_slam__rosidl_typesupport_introspection_c__pyext[0m
[21.550s] [35m[1mConsolidate compiler generated dependencies of target disco_slam__rosidl_typesupport_fastrtps_c__pyext[0m
[21.550s] [35m[1mConsolidate compiler generated dependencies of target disco_slam__rosidl_typesupport_c__pyext[0m
[21.569s] [ 93%] Built target disco_slam__rosidl_typesupport_introspection_c__pyext
[21.571s] [ 96%] Built target disco_slam__rosidl_typesupport_fastrtps_c__pyext
[21.573s] [100%] Built target disco_slam__rosidl_typesupport_c__pyext
[21.682s] running egg_info
[21.683s] writing disco_slam.egg-info/PKG-INFO
[21.684s] writing dependency_links to disco_slam.egg-info/dependency_links.txt
[21.684s] writing top-level names to disco_slam.egg-info/top_level.txt
[21.685s] reading manifest file 'disco_slam.egg-info/SOURCES.txt'
[21.686s] writing manifest file 'disco_slam.egg-info/SOURCES.txt'
[21.716s] [100%] Built target ament_cmake_python_build_disco_slam_egg
[21.730s] Invoked command in '/home/john22/disco_origin/src/disco_slam_copy/build/disco_slam' returned '0': CMAKE_PREFIX_PATH=${CMAKE_PREFIX_PATH}:/opt/ros/humble PS1=\n(TraeAI-28) \w [$?] $ __trae_PS1=\n(TraeAI-28) \w [$?] $ /usr/bin/cmake --build /home/john22/disco_origin/src/disco_slam_copy/build/disco_slam -- -j20 -l20
[21.743s] Invoking command in '/home/john22/disco_origin/src/disco_slam_copy/build/disco_slam': CMAKE_PREFIX_PATH=${CMAKE_PREFIX_PATH}:/opt/ros/humble PS1=\n(TraeAI-28) \w [$?] $ __trae_PS1=\n(TraeAI-28) \w [$?] $ /usr/bin/cmake --install /home/john22/disco_origin/src/disco_slam_copy/build/disco_slam
[21.748s] -- Install configuration: ""
[21.748s] -- Up-to-date: /home/john22/disco_origin/src/disco_slam_copy/install/disco_slam/share/ament_index/resource_index/rosidl_interfaces/disco_slam
[21.749s] -- Up-to-date: /home/john22/disco_origin/src/disco_slam_copy/install/disco_slam/include/disco_slam/disco_slam
[21.749s] -- Up-to-date: /home/john22/disco_origin/src/disco_slam_copy/install/disco_slam/include/disco_slam/disco_slam/msg
[21.749s] -- Up-to-date: /home/john22/disco_origin/src/disco_slam_copy/install/disco_slam/include/disco_slam/disco_slam/msg/rosidl_generator_c__visibility_control.h
[21.749s] -- Up-to-date: /home/john22/disco_origin/src/disco_slam_copy/install/disco_slam/include/disco_slam/disco_slam/msg/detail
[21.750s] -- Up-to-date: /home/john22/disco_origin/src/disco_slam_copy/install/disco_slam/include/disco_slam/disco_slam/msg/detail/context_info__functions.h
[21.751s] -- Up-to-date: /home/john22/disco_origin/src/disco_slam_copy/install/disco_slam/include/disco_slam/disco_slam/msg/detail/cloud_info__functions.h
[21.751s] -- Up-to-date: /home/john22/disco_origin/src/disco_slam_copy/install/disco_slam/include/disco_slam/disco_slam/msg/detail/cloud_info__type_support.h
[21.751s] -- Up-to-date: /home/john22/disco_origin/src/disco_slam_copy/install/disco_slam/include/disco_slam/disco_slam/msg/detail/context_info__struct.h
[21.751s] -- Up-to-date: /home/john22/disco_origin/src/disco_slam_copy/install/disco_slam/include/disco_slam/disco_slam/msg/detail/context_info__functions.c
[21.751s] -- Up-to-date: /home/john22/disco_origin/src/disco_slam_copy/install/disco_slam/include/disco_slam/disco_slam/msg/detail/context_info__type_support.h
[21.751s] -- Up-to-date: /home/john22/disco_origin/src/disco_slam_copy/install/disco_slam/include/disco_slam/disco_slam/msg/detail/cloud_info__struct.h
[21.751s] -- Up-to-date: /home/john22/disco_origin/src/disco_slam_copy/install/disco_slam/include/disco_slam/disco_slam/msg/detail/cloud_info__functions.c
[21.751s] -- Up-to-date: /home/john22/disco_origin/src/disco_slam_copy/install/disco_slam/include/disco_slam/disco_slam/msg/context_info.h
[21.751s] -- Up-to-date: /home/john22/disco_origin/src/disco_slam_copy/install/disco_slam/include/disco_slam/disco_slam/msg/cloud_info.h
[21.751s] -- Up-to-date: /home/john22/disco_origin/src/disco_slam_copy/install/disco_slam/share/disco_slam/environment/library_path.sh
[21.752s] -- Installing: /home/john22/disco_origin/src/disco_slam_copy/install/disco_slam/share/disco_slam/environment/library_path.dsv
[21.752s] -- Up-to-date: /home/john22/disco_origin/src/disco_slam_copy/install/disco_slam/lib/libdisco_slam__rosidl_generator_c.so
[21.752s] -- Up-to-date: /home/john22/disco_origin/src/disco_slam_copy/install/disco_slam/include/disco_slam/disco_slam
[21.752s] -- Up-to-date: /home/john22/disco_origin/src/disco_slam_copy/install/disco_slam/include/disco_slam/disco_slam/msg
[21.753s] -- Up-to-date: /home/john22/disco_origin/src/disco_slam_copy/install/disco_slam/include/disco_slam/disco_slam/msg/detail
[21.753s] -- Up-to-date: /home/john22/disco_origin/src/disco_slam_copy/install/disco_slam/include/disco_slam/disco_slam/msg/detail/context_info__rosidl_typesupport_fastrtps_c.h
[21.754s] -- Up-to-date: /home/john22/disco_origin/src/disco_slam_copy/install/disco_slam/include/disco_slam/disco_slam/msg/detail/cloud_info__rosidl_typesupport_fastrtps_c.h
[21.754s] -- Up-to-date: /home/john22/disco_origin/src/disco_slam_copy/install/disco_slam/include/disco_slam/disco_slam/msg/rosidl_typesupport_fastrtps_c__visibility_control.h
[21.754s] -- Up-to-date: /home/john22/disco_origin/src/disco_slam_copy/install/disco_slam/lib/libdisco_slam__rosidl_typesupport_fastrtps_c.so
[21.755s] -- Up-to-date: /home/john22/disco_origin/src/disco_slam_copy/install/disco_slam/include/disco_slam/disco_slam
[21.755s] -- Up-to-date: /home/john22/disco_origin/src/disco_slam_copy/install/disco_slam/include/disco_slam/disco_slam/msg
[21.755s] -- Up-to-date: /home/john22/disco_origin/src/disco_slam_copy/install/disco_slam/include/disco_slam/disco_slam/msg/context_info.hpp
[21.755s] -- Up-to-date: /home/john22/disco_origin/src/disco_slam_copy/install/disco_slam/include/disco_slam/disco_slam/msg/rosidl_generator_cpp__visibility_control.hpp
[21.755s] -- Up-to-date: /home/john22/disco_origin/src/disco_slam_copy/install/disco_slam/include/disco_slam/disco_slam/msg/cloud_info.hpp
[21.756s] -- Up-to-date: /home/john22/disco_origin/src/disco_slam_copy/install/disco_slam/include/disco_slam/disco_slam/msg/detail
[21.756s] -- Up-to-date: /home/john22/disco_origin/src/disco_slam_copy/install/disco_slam/include/disco_slam/disco_slam/msg/detail/context_info__builder.hpp
[21.756s] -- Up-to-date: /home/john22/disco_origin/src/disco_slam_copy/install/disco_slam/include/disco_slam/disco_slam/msg/detail/context_info__traits.hpp
[21.756s] -- Up-to-date: /home/john22/disco_origin/src/disco_slam_copy/install/disco_slam/include/disco_slam/disco_slam/msg/detail/cloud_info__builder.hpp
[21.756s] -- Up-to-date: /home/john22/disco_origin/src/disco_slam_copy/install/disco_slam/include/disco_slam/disco_slam/msg/detail/cloud_info__type_support.hpp
[21.756s] -- Up-to-date: /home/john22/disco_origin/src/disco_slam_copy/install/disco_slam/include/disco_slam/disco_slam/msg/detail/context_info__struct.hpp
[21.757s] -- Up-to-date: /home/john22/disco_origin/src/disco_slam_copy/install/disco_slam/include/disco_slam/disco_slam/msg/detail/cloud_info__traits.hpp
[21.757s] -- Up-to-date: /home/john22/disco_origin/src/disco_slam_copy/install/disco_slam/include/disco_slam/disco_slam/msg/detail/context_info__type_support.hpp
[21.757s] -- Up-to-date: /home/john22/disco_origin/src/disco_slam_copy/install/disco_slam/include/disco_slam/disco_slam/msg/detail/cloud_info__struct.hpp
[21.757s] -- Up-to-date: /home/john22/disco_origin/src/disco_slam_copy/install/disco_slam/include/disco_slam/disco_slam
[21.757s] -- Up-to-date: /home/john22/disco_origin/src/disco_slam_copy/install/disco_slam/include/disco_slam/disco_slam/msg
[21.757s] -- Up-to-date: /home/john22/disco_origin/src/disco_slam_copy/install/disco_slam/include/disco_slam/disco_slam/msg/rosidl_typesupport_fastrtps_cpp__visibility_control.h
[21.757s] -- Up-to-date: /home/john22/disco_origin/src/disco_slam_copy/install/disco_slam/include/disco_slam/disco_slam/msg/detail
[21.757s] -- Up-to-date: /home/john22/disco_origin/src/disco_slam_copy/install/disco_slam/include/disco_slam/disco_slam/msg/detail/dds_fastrtps
[21.757s] -- Up-to-date: /home/john22/disco_origin/src/disco_slam_copy/install/disco_slam/include/disco_slam/disco_slam/msg/detail/cloud_info__rosidl_typesupport_fastrtps_cpp.hpp
[21.757s] -- Up-to-date: /home/john22/disco_origin/src/disco_slam_copy/install/disco_slam/include/disco_slam/disco_slam/msg/detail/context_info__rosidl_typesupport_fastrtps_cpp.hpp
[21.757s] -- Up-to-date: /home/john22/disco_origin/src/disco_slam_copy/install/disco_slam/lib/libdisco_slam__rosidl_typesupport_fastrtps_cpp.so
[21.757s] -- Up-to-date: /home/john22/disco_origin/src/disco_slam_copy/install/disco_slam/include/disco_slam/disco_slam
[21.757s] -- Up-to-date: /home/john22/disco_origin/src/disco_slam_copy/install/disco_slam/include/disco_slam/disco_slam/msg
[21.757s] -- Up-to-date: /home/john22/disco_origin/src/disco_slam_copy/install/disco_slam/include/disco_slam/disco_slam/msg/detail
[21.757s] -- Up-to-date: /home/john22/disco_origin/src/disco_slam_copy/install/disco_slam/include/disco_slam/disco_slam/msg/detail/context_info__type_support.c
[21.757s] -- Up-to-date: /home/john22/disco_origin/src/disco_slam_copy/install/disco_slam/include/disco_slam/disco_slam/msg/detail/context_info__rosidl_typesupport_introspection_c.h
[21.757s] -- Up-to-date: /home/john22/disco_origin/src/disco_slam_copy/install/disco_slam/include/disco_slam/disco_slam/msg/detail/cloud_info__rosidl_typesupport_introspection_c.h
[21.757s] -- Up-to-date: /home/john22/disco_origin/src/disco_slam_copy/install/disco_slam/include/disco_slam/disco_slam/msg/detail/cloud_info__type_support.c
[21.757s] -- Up-to-date: /home/john22/disco_origin/src/disco_slam_copy/install/disco_slam/include/disco_slam/disco_slam/msg/rosidl_typesupport_introspection_c__visibility_control.h
[21.757s] -- Up-to-date: /home/john22/disco_origin/src/disco_slam_copy/install/disco_slam/lib/libdisco_slam__rosidl_typesupport_introspection_c.so
[21.757s] -- Up-to-date: /home/john22/disco_origin/src/disco_slam_copy/install/disco_slam/lib/libdisco_slam__rosidl_typesupport_c.so
[21.757s] -- Up-to-date: /home/john22/disco_origin/src/disco_slam_copy/install/disco_slam/include/disco_slam/disco_slam
[21.757s] -- Up-to-date: /home/john22/disco_origin/src/disco_slam_copy/install/disco_slam/include/disco_slam/disco_slam/msg
[21.757s] -- Up-to-date: /home/john22/disco_origin/src/disco_slam_copy/install/disco_slam/include/disco_slam/disco_slam/msg/detail
[21.757s] -- Up-to-date: /home/john22/disco_origin/src/disco_slam_copy/install/disco_slam/include/disco_slam/disco_slam/msg/detail/context_info__rosidl_typesupport_introspection_cpp.hpp
[21.757s] -- Up-to-date: /home/john22/disco_origin/src/disco_slam_copy/install/disco_slam/include/disco_slam/disco_slam/msg/detail/cloud_info__rosidl_typesupport_introspection_cpp.hpp
[21.757s] -- Up-to-date: /home/john22/disco_origin/src/disco_slam_copy/install/disco_slam/include/disco_slam/disco_slam/msg/detail/cloud_info__type_support.cpp
[21.757s] -- Up-to-date: /home/john22/disco_origin/src/disco_slam_copy/install/disco_slam/include/disco_slam/disco_slam/msg/detail/context_info__type_support.cpp
[21.757s] -- Up-to-date: /home/john22/disco_origin/src/disco_slam_copy/install/disco_slam/lib/libdisco_slam__rosidl_typesupport_introspection_cpp.so
[21.758s] -- Up-to-date: /home/john22/disco_origin/src/disco_slam_copy/install/disco_slam/lib/libdisco_slam__rosidl_typesupport_cpp.so
[21.758s] -- Up-to-date: /home/john22/disco_origin/src/disco_slam_copy/install/disco_slam/share/disco_slam/environment/pythonpath.sh
[21.758s] -- Installing: /home/john22/disco_origin/src/disco_slam_copy/install/disco_slam/share/disco_slam/environment/pythonpath.dsv
[21.758s] -- Up-to-date: /home/john22/disco_origin/src/disco_slam_copy/install/disco_slam/local/lib/python3.10/dist-packages/disco_slam-1.0.0-py3.10.egg-info
[21.758s] -- Installing: /home/john22/disco_origin/src/disco_slam_copy/install/disco_slam/local/lib/python3.10/dist-packages/disco_slam-1.0.0-py3.10.egg-info/dependency_links.txt
[21.758s] -- Installing: /home/john22/disco_origin/src/disco_slam_copy/install/disco_slam/local/lib/python3.10/dist-packages/disco_slam-1.0.0-py3.10.egg-info/top_level.txt
[21.758s] -- Installing: /home/john22/disco_origin/src/disco_slam_copy/install/disco_slam/local/lib/python3.10/dist-packages/disco_slam-1.0.0-py3.10.egg-info/PKG-INFO
[21.758s] -- Installing: /home/john22/disco_origin/src/disco_slam_copy/install/disco_slam/local/lib/python3.10/dist-packages/disco_slam-1.0.0-py3.10.egg-info/SOURCES.txt
[21.758s] -- Up-to-date: /home/john22/disco_origin/src/disco_slam_copy/install/disco_slam/local/lib/python3.10/dist-packages/disco_slam
[21.758s] -- Up-to-date: /home/john22/disco_origin/src/disco_slam_copy/install/disco_slam/local/lib/python3.10/dist-packages/disco_slam/_disco_slam_s.ep.rosidl_typesupport_fastrtps_c.c
[21.758s] -- Up-to-date: /home/john22/disco_origin/src/disco_slam_copy/install/disco_slam/local/lib/python3.10/dist-packages/disco_slam/disco_slam_s__rosidl_typesupport_fastrtps_c.cpython-310-x86_64-linux-gnu.so
[21.758s] -- Up-to-date: /home/john22/disco_origin/src/disco_slam_copy/install/disco_slam/local/lib/python3.10/dist-packages/disco_slam/disco_slam_s__rosidl_typesupport_introspection_c.cpython-310-x86_64-linux-gnu.so
[21.758s] -- Up-to-date: /home/john22/disco_origin/src/disco_slam_copy/install/disco_slam/local/lib/python3.10/dist-packages/disco_slam/disco_slam_s__rosidl_typesupport_c.cpython-310-x86_64-linux-gnu.so
[21.758s] -- Up-to-date: /home/john22/disco_origin/src/disco_slam_copy/install/disco_slam/local/lib/python3.10/dist-packages/disco_slam/msg
[21.758s] -- Up-to-date: /home/john22/disco_origin/src/disco_slam_copy/install/disco_slam/local/lib/python3.10/dist-packages/disco_slam/msg/_context_info.py
[21.758s] -- Up-to-date: /home/john22/disco_origin/src/disco_slam_copy/install/disco_slam/local/lib/python3.10/dist-packages/disco_slam/msg/_context_info_s.c
[21.758s] -- Up-to-date: /home/john22/disco_origin/src/disco_slam_copy/install/disco_slam/local/lib/python3.10/dist-packages/disco_slam/msg/_cloud_info.py
[21.758s] -- Up-to-date: /home/john22/disco_origin/src/disco_slam_copy/install/disco_slam/local/lib/python3.10/dist-packages/disco_slam/msg/__init__.py
[21.758s] -- Up-to-date: /home/john22/disco_origin/src/disco_slam_copy/install/disco_slam/local/lib/python3.10/dist-packages/disco_slam/msg/_cloud_info_s.c
[21.759s] -- Up-to-date: /home/john22/disco_origin/src/disco_slam_copy/install/disco_slam/local/lib/python3.10/dist-packages/disco_slam/libdisco_slam__rosidl_generator_py.so
[21.759s] -- Up-to-date: /home/john22/disco_origin/src/disco_slam_copy/install/disco_slam/local/lib/python3.10/dist-packages/disco_slam/_disco_slam_s.ep.rosidl_typesupport_c.c
[21.759s] -- Installing: /home/john22/disco_origin/src/disco_slam_copy/install/disco_slam/local/lib/python3.10/dist-packages/disco_slam/__init__.py
[21.759s] -- Up-to-date: /home/john22/disco_origin/src/disco_slam_copy/install/disco_slam/local/lib/python3.10/dist-packages/disco_slam/_disco_slam_s.ep.rosidl_typesupport_introspection_c.c
[21.788s] Listing '/home/john22/disco_origin/src/disco_slam_copy/install/disco_slam/local/lib/python3.10/dist-packages/disco_slam'...
[21.788s] Compiling '/home/john22/disco_origin/src/disco_slam_copy/install/disco_slam/local/lib/python3.10/dist-packages/disco_slam/__init__.py'...
[21.788s] Listing '/home/john22/disco_origin/src/disco_slam_copy/install/disco_slam/local/lib/python3.10/dist-packages/disco_slam/msg'...
[21.793s] -- Up-to-date: /home/john22/disco_origin/src/disco_slam_copy/install/disco_slam/local/lib/python3.10/dist-packages/disco_slam/disco_slam_s__rosidl_typesupport_fastrtps_c.cpython-310-x86_64-linux-gnu.so
[21.793s] -- Up-to-date: /home/john22/disco_origin/src/disco_slam_copy/install/disco_slam/local/lib/python3.10/dist-packages/disco_slam/disco_slam_s__rosidl_typesupport_introspection_c.cpython-310-x86_64-linux-gnu.so
[21.794s] -- Up-to-date: /home/john22/disco_origin/src/disco_slam_copy/install/disco_slam/local/lib/python3.10/dist-packages/disco_slam/disco_slam_s__rosidl_typesupport_c.cpython-310-x86_64-linux-gnu.so
[21.794s] -- Up-to-date: /home/john22/disco_origin/src/disco_slam_copy/install/disco_slam/lib/libdisco_slam__rosidl_generator_py.so
[21.795s] -- Up-to-date: /home/john22/disco_origin/src/disco_slam_copy/install/disco_slam/share/disco_slam/msg/CloudInfo.idl
[21.795s] -- Up-to-date: /home/john22/disco_origin/src/disco_slam_copy/install/disco_slam/share/disco_slam/msg/ContextInfo.idl
[21.796s] -- Up-to-date: /home/john22/disco_origin/src/disco_slam_copy/install/disco_slam/share/disco_slam/msg/CloudInfo.msg
[21.796s] -- Up-to-date: /home/john22/disco_origin/src/disco_slam_copy/install/disco_slam/share/disco_slam/msg/ContextInfo.msg
[21.796s] -- Up-to-date: /home/john22/disco_origin/src/disco_slam_copy/install/disco_slam/lib/disco_slam/disco_slam_imageProjection
[21.796s] -- Up-to-date: /home/john22/disco_origin/src/disco_slam_copy/install/disco_slam/lib/disco_slam/disco_slam_featureExtraction
[21.796s] -- Up-to-date: /home/john22/disco_origin/src/disco_slam_copy/install/disco_slam/lib/disco_slam/disco_slam_mapOptmization
[21.797s] -- Up-to-date: /home/john22/disco_origin/src/disco_slam_copy/install/disco_slam/lib/disco_slam/disco_slam_imuPreintegration
[21.797s] -- Up-to-date: /home/john22/disco_origin/src/disco_slam_copy/install/disco_slam/lib/disco_slam/disco_slam_mapFusion
[21.798s] -- Up-to-date: /home/john22/disco_origin/src/disco_slam_copy/install/disco_slam/lib/disco_slam/disco_slam_path_to_tum
[21.798s] -- Up-to-date: /home/john22/disco_origin/src/disco_slam_copy/install/disco_slam/lib/disco_slam/libfast_max-clique_finder.so
[21.798s] -- Up-to-date: /home/john22/disco_origin/src/disco_slam_copy/install/disco_slam/lib/disco_slam/libscan_context.so
[21.798s] -- Up-to-date: /home/john22/disco_origin/src/disco_slam_copy/install/disco_slam/share/disco_slam/launch
[21.799s] -- Up-to-date: /home/john22/disco_origin/src/disco_slam_copy/install/disco_slam/share/disco_slam/launch/run_multi.launch
[21.799s] -- Installing: /home/john22/disco_origin/src/disco_slam_copy/install/disco_slam/share/disco_slam/launch/run.launch
[21.800s] -- Up-to-date: /home/john22/disco_origin/src/disco_slam_copy/install/disco_slam/share/disco_slam/launch/run.launch.py
[21.800s] -- Up-to-date: /home/john22/disco_origin/src/disco_slam_copy/install/disco_slam/share/disco_slam/launch/run_fusion.launch
[21.800s] -- Up-to-date: /home/john22/disco_origin/src/disco_slam_copy/install/disco_slam/share/disco_slam/launch/include
[21.800s] -- Up-to-date: /home/john22/disco_origin/src/disco_slam_copy/install/disco_slam/share/disco_slam/launch/include/module_rviz.launch
[21.801s] -- Up-to-date: /home/john22/disco_origin/src/disco_slam_copy/install/disco_slam/share/disco_slam/launch/include/config
[21.801s] -- Up-to-date: /home/john22/disco_origin/src/disco_slam_copy/install/disco_slam/share/disco_slam/launch/include/config/rviz1.rviz
[21.801s] -- Up-to-date: /home/john22/disco_origin/src/disco_slam_copy/install/disco_slam/share/disco_slam/launch/include/config/rviz.rviz
[21.801s] -- Up-to-date: /home/john22/disco_origin/src/disco_slam_copy/install/disco_slam/share/disco_slam/launch/include/config/rviz_ros2.rviz
[21.801s] -- Up-to-date: /home/john22/disco_origin/src/disco_slam_copy/install/disco_slam/share/disco_slam/launch/include/config/rviz2_ros2.rviz
[21.802s] -- Up-to-date: /home/john22/disco_origin/src/disco_slam_copy/install/disco_slam/share/disco_slam/launch/include/config/robot.urdf.xacro
[21.802s] -- Up-to-date: /home/john22/disco_origin/src/disco_slam_copy/install/disco_slam/share/disco_slam/launch/include/config/rviz2.rviz
[21.803s] -- Up-to-date: /home/john22/disco_origin/src/disco_slam_copy/install/disco_slam/share/disco_slam/launch/include/config/rviz1_ros2.rviz
[21.803s] -- Up-to-date: /home/john22/disco_origin/src/disco_slam_copy/install/disco_slam/share/disco_slam/launch/include/rosconsole
[21.803s] -- Up-to-date: /home/john22/disco_origin/src/disco_slam_copy/install/disco_slam/share/disco_slam/launch/include/rosconsole/rosconsole_error.conf
[21.803s] -- Up-to-date: /home/john22/disco_origin/src/disco_slam_copy/install/disco_slam/share/disco_slam/launch/include/rosconsole/rosconsole_warn.conf
[21.803s] -- Up-to-date: /home/john22/disco_origin/src/disco_slam_copy/install/disco_slam/share/disco_slam/launch/include/rosconsole/rosconsole_info.conf
[21.803s] -- Up-to-date: /home/john22/disco_origin/src/disco_slam_copy/install/disco_slam/share/disco_slam/launch/include/module_loam.launch
[21.803s] -- Up-to-date: /home/john22/disco_origin/src/disco_slam_copy/install/disco_slam/share/disco_slam/launch/include/module_robot_state_publisher.launch
[21.803s] -- Up-to-date: /home/john22/disco_origin/src/disco_slam_copy/install/disco_slam/share/disco_slam/launch/include/module_navsat.launch
[21.804s] -- Up-to-date: /home/john22/disco_origin/src/disco_slam_copy/install/disco_slam/share/disco_slam/launch/run_path_to_tum.launch
[21.804s] -- Installing: /home/john22/disco_origin/src/disco_slam_copy/install/disco_slam/share/disco_slam/config
[21.804s] -- Installing: /home/john22/disco_origin/src/disco_slam_copy/install/disco_slam/share/disco_slam/config/params_k.yaml
[21.804s] -- Installing: /home/john22/disco_origin/src/disco_slam_copy/install/disco_slam/share/disco_slam/config/consistency_matrixgensui.clq.mtx
[21.804s] -- Installing: /home/john22/disco_origin/src/disco_slam_copy/install/disco_slam/share/disco_slam/config/topic.png
[21.804s] -- Installing: /home/john22/disco_origin/src/disco_slam_copy/install/disco_slam/share/disco_slam/config/consistency_matrixjackal2.clq.mtx
[21.804s] -- Installing: /home/john22/disco_origin/src/disco_slam_copy/install/disco_slam/share/disco_slam/config/sensordata_to_rosbag_liosam.py
[21.804s] -- Installing: /home/john22/disco_origin/src/disco_slam_copy/install/disco_slam/share/disco_slam/config/params_ue.yaml
[21.804s] -- Installing: /home/john22/disco_origin/src/disco_slam_copy/install/disco_slam/share/disco_slam/config/params_nclt.yaml
[21.804s] -- Installing: /home/john22/disco_origin/src/disco_slam_copy/install/disco_slam/share/disco_slam/config/consistency_matrixjackal1.clq.mtx
[21.804s] -- Installing: /home/john22/disco_origin/src/disco_slam_copy/install/disco_slam/share/disco_slam/config/doc
[21.804s] -- Installing: /home/john22/disco_origin/src/disco_slam_copy/install/disco_slam/share/disco_slam/config/doc/ouster-demo.gif
[21.811s] -- Installing: /home/john22/disco_origin/src/disco_slam_copy/install/disco_slam/share/disco_slam/config/doc/imu-transform.png
[21.813s] -- Installing: /home/john22/disco_origin/src/disco_slam_copy/install/disco_slam/share/disco_slam/config/doc/device-jackal.png
[21.813s] -- Installing: /home/john22/disco_origin/src/disco_slam_copy/install/disco_slam/share/disco_slam/config/doc/imu-debug.gif
[21.816s] -- Installing: /home/john22/disco_origin/src/disco_slam_copy/install/disco_slam/share/disco_slam/config/doc/device-hand.png
[21.816s] -- Installing: /home/john22/disco_origin/src/disco_slam_copy/install/disco_slam/share/disco_slam/config/doc/kitti2bag
[21.817s] -- Installing: /home/john22/disco_origin/src/disco_slam_copy/install/disco_slam/share/disco_slam/config/doc/kitti2bag/kitti2bag.py
[21.817s] -- Installing: /home/john22/disco_origin/src/disco_slam_copy/install/disco_slam/share/disco_slam/config/doc/kitti2bag/README.md
[21.817s] -- Installing: /home/john22/disco_origin/src/disco_slam_copy/install/disco_slam/share/disco_slam/config/doc/ouster-device.jpg
[21.818s] -- Installing: /home/john22/disco_origin/src/disco_slam_copy/install/disco_slam/share/disco_slam/config/doc/device-boat.png
[21.818s] -- Installing: /home/john22/disco_origin/src/disco_slam_copy/install/disco_slam/share/disco_slam/config/doc/system.png
[21.819s] -- Installing: /home/john22/disco_origin/src/disco_slam_copy/install/disco_slam/share/disco_slam/config/doc/demo.gif
[21.824s] -- Installing: /home/john22/disco_origin/src/disco_slam_copy/install/disco_slam/share/disco_slam/config/doc/loop-closure.gif
[21.831s] -- Installing: /home/john22/disco_origin/src/disco_slam_copy/install/disco_slam/share/disco_slam/config/doc/kitti-demo.gif
[21.839s] -- Installing: /home/john22/disco_origin/src/disco_slam_copy/install/disco_slam/share/disco_slam/config/doc/loop-closure-2.gif
[21.850s] -- Installing: /home/john22/disco_origin/src/disco_slam_copy/install/disco_slam/share/disco_slam/config/doc/kitti-map.png
[21.851s] -- Installing: /home/john22/disco_origin/src/disco_slam_copy/install/disco_slam/share/disco_slam/config/doc/gps-demo.gif
[21.855s] -- Installing: /home/john22/disco_origin/src/disco_slam_copy/install/disco_slam/share/disco_slam/config/doc/paper.pdf
[21.860s] -- Installing: /home/john22/disco_origin/src/disco_slam_copy/install/disco_slam/share/disco_slam/config/doc/device-hand-2.png
[21.860s] -- Installing: /home/john22/disco_origin/src/disco_slam_copy/install/disco_slam/share/disco_slam/config/params.yaml
[21.861s] -- Installing: /home/john22/disco_origin/src/disco_slam_copy/install/disco_slam/share/disco_slam/config/context.png
[21.861s] -- Up-to-date: /home/john22/disco_origin/src/disco_slam_copy/install/disco_slam/share/disco_slam/config
[21.861s] -- Installing: /home/john22/disco_origin/src/disco_slam_copy/install/disco_slam/share/disco_slam/config/mapfusion.yaml
[21.861s] -- Installing: /home/john22/disco_origin/src/disco_slam_copy/install/disco_slam/share/disco_slam/config/mapfusion_k.yaml
[21.862s] -- Installing: /home/john22/disco_origin/src/disco_slam_copy/install/disco_slam/share/disco_slam/config/mapfusion_ue.yaml
[21.862s] -- Up-to-date: /home/john22/disco_origin/src/disco_slam_copy/install/disco_slam/share/ament_index/resource_index/package_run_dependencies/disco_slam
[21.863s] -- Installing: /home/john22/disco_origin/src/disco_slam_copy/install/disco_slam/share/ament_index/resource_index/parent_prefix_path/disco_slam
[21.863s] -- Up-to-date: /home/john22/disco_origin/src/disco_slam_copy/install/disco_slam/share/disco_slam/environment/ament_prefix_path.sh
[21.863s] -- Installing: /home/john22/disco_origin/src/disco_slam_copy/install/disco_slam/share/disco_slam/environment/ament_prefix_path.dsv
[21.863s] -- Up-to-date: /home/john22/disco_origin/src/disco_slam_copy/install/disco_slam/share/disco_slam/environment/path.sh
[21.863s] -- Installing: /home/john22/disco_origin/src/disco_slam_copy/install/disco_slam/share/disco_slam/environment/path.dsv
[21.864s] -- Up-to-date: /home/john22/disco_origin/src/disco_slam_copy/install/disco_slam/share/disco_slam/local_setup.bash
[21.864s] -- Up-to-date: /home/john22/disco_origin/src/disco_slam_copy/install/disco_slam/share/disco_slam/local_setup.sh
[21.864s] -- Up-to-date: /home/john22/disco_origin/src/disco_slam_copy/install/disco_slam/share/disco_slam/local_setup.zsh
[21.864s] -- Installing: /home/john22/disco_origin/src/disco_slam_copy/install/disco_slam/share/disco_slam/local_setup.dsv
[21.864s] -- Installing: /home/john22/disco_origin/src/disco_slam_copy/install/disco_slam/share/disco_slam/package.dsv
[21.865s] -- Up-to-date: /home/john22/disco_origin/src/disco_slam_copy/install/disco_slam/share/ament_index/resource_index/packages/disco_slam
[21.865s] -- Up-to-date: /home/john22/disco_origin/src/disco_slam_copy/install/disco_slam/share/disco_slam/cmake/export_disco_slam__rosidl_generator_cExport.cmake
[21.865s] -- Up-to-date: /home/john22/disco_origin/src/disco_slam_copy/install/disco_slam/share/disco_slam/cmake/export_disco_slam__rosidl_generator_cExport-noconfig.cmake
[21.865s] -- Up-to-date: /home/john22/disco_origin/src/disco_slam_copy/install/disco_slam/share/disco_slam/cmake/export_disco_slam__rosidl_typesupport_fastrtps_cExport.cmake
[21.866s] -- Up-to-date: /home/john22/disco_origin/src/disco_slam_copy/install/disco_slam/share/disco_slam/cmake/export_disco_slam__rosidl_typesupport_fastrtps_cExport-noconfig.cmake
[21.866s] -- Up-to-date: /home/john22/disco_origin/src/disco_slam_copy/install/disco_slam/share/disco_slam/cmake/export_disco_slam__rosidl_generator_cppExport.cmake
[21.866s] -- Up-to-date: /home/john22/disco_origin/src/disco_slam_copy/install/disco_slam/share/disco_slam/cmake/export_disco_slam__rosidl_typesupport_fastrtps_cppExport.cmake
[21.866s] -- Up-to-date: /home/john22/disco_origin/src/disco_slam_copy/install/disco_slam/share/disco_slam/cmake/export_disco_slam__rosidl_typesupport_fastrtps_cppExport-noconfig.cmake
[21.867s] -- Up-to-date: /home/john22/disco_origin/src/disco_slam_copy/install/disco_slam/share/disco_slam/cmake/disco_slam__rosidl_typesupport_introspection_cExport.cmake
[21.867s] -- Up-to-date: /home/john22/disco_origin/src/disco_slam_copy/install/disco_slam/share/disco_slam/cmake/disco_slam__rosidl_typesupport_introspection_cExport-noconfig.cmake
[21.867s] -- Up-to-date: /home/john22/disco_origin/src/disco_slam_copy/install/disco_slam/share/disco_slam/cmake/disco_slam__rosidl_typesupport_cExport.cmake
[21.867s] -- Up-to-date: /home/john22/disco_origin/src/disco_slam_copy/install/disco_slam/share/disco_slam/cmake/disco_slam__rosidl_typesupport_cExport-noconfig.cmake
[21.867s] -- Up-to-date: /home/john22/disco_origin/src/disco_slam_copy/install/disco_slam/share/disco_slam/cmake/disco_slam__rosidl_typesupport_introspection_cppExport.cmake
[21.867s] -- Up-to-date: /home/john22/disco_origin/src/disco_slam_copy/install/disco_slam/share/disco_slam/cmake/disco_slam__rosidl_typesupport_introspection_cppExport-noconfig.cmake
[21.867s] -- Up-to-date: /home/john22/disco_origin/src/disco_slam_copy/install/disco_slam/share/disco_slam/cmake/disco_slam__rosidl_typesupport_cppExport.cmake
[21.867s] -- Up-to-date: /home/john22/disco_origin/src/disco_slam_copy/install/disco_slam/share/disco_slam/cmake/disco_slam__rosidl_typesupport_cppExport-noconfig.cmake
[21.867s] -- Up-to-date: /home/john22/disco_origin/src/disco_slam_copy/install/disco_slam/share/disco_slam/cmake/export_disco_slam__rosidl_generator_pyExport.cmake
[21.867s] -- Up-to-date: /home/john22/disco_origin/src/disco_slam_copy/install/disco_slam/share/disco_slam/cmake/export_disco_slam__rosidl_generator_pyExport-noconfig.cmake
[21.867s] -- Up-to-date: /home/john22/disco_origin/src/disco_slam_copy/install/disco_slam/share/disco_slam/cmake/rosidl_cmake-extras.cmake
[21.867s] -- Up-to-date: /home/john22/disco_origin/src/disco_slam_copy/install/disco_slam/share/disco_slam/cmake/ament_cmake_export_dependencies-extras.cmake
[21.867s] -- Up-to-date: /home/john22/disco_origin/src/disco_slam_copy/install/disco_slam/share/disco_slam/cmake/ament_cmake_export_include_directories-extras.cmake
[21.867s] -- Up-to-date: /home/john22/disco_origin/src/disco_slam_copy/install/disco_slam/share/disco_slam/cmake/ament_cmake_export_libraries-extras.cmake
[21.867s] -- Up-to-date: /home/john22/disco_origin/src/disco_slam_copy/install/disco_slam/share/disco_slam/cmake/ament_cmake_export_targets-extras.cmake
[21.868s] -- Up-to-date: /home/john22/disco_origin/src/disco_slam_copy/install/disco_slam/share/disco_slam/cmake/rosidl_cmake_export_typesupport_targets-extras.cmake
[21.868s] -- Up-to-date: /home/john22/disco_origin/src/disco_slam_copy/install/disco_slam/share/disco_slam/cmake/rosidl_cmake_export_typesupport_libraries-extras.cmake
[21.868s] -- Up-to-date: /home/john22/disco_origin/src/disco_slam_copy/install/disco_slam/share/disco_slam/cmake/disco_slamConfig.cmake
[21.868s] -- Up-to-date: /home/john22/disco_origin/src/disco_slam_copy/install/disco_slam/share/disco_slam/cmake/disco_slamConfig-version.cmake
[21.868s] -- Up-to-date: /home/john22/disco_origin/src/disco_slam_copy/install/disco_slam/share/disco_slam/package.xml
[21.871s] Invoked command in '/home/john22/disco_origin/src/disco_slam_copy/build/disco_slam' returned '0': CMAKE_PREFIX_PATH=${CMAKE_PREFIX_PATH}:/opt/ros/humble PS1=\n(TraeAI-28) \w [$?] $ __trae_PS1=\n(TraeAI-28) \w [$?] $ /usr/bin/cmake --install /home/john22/disco_origin/src/disco_slam_copy/build/disco_slam
