[0.016s] Invoking command in '/home/john22/disco_origin/src/disco_slam_copy/build/disco_slam': CMAKE_PREFIX_PATH=/opt/ros/humble PS1=\n(TraeAI-23) \w [$?] $ __trae_PS1=\n(TraeAI-23) \w [$?] $ /usr/bin/cmake --build /home/john22/disco_origin/src/disco_slam_copy/build/disco_slam -- -j20 -l20
[0.075s] [  8%] Built target disco_slam__cpp
[0.075s] [  8%] Built target disco_slam__rosidl_generator_c
[0.076s] [ 17%] Built target fast_max-clique_finder
[0.081s] [ 20%] Built target scan_context
[0.086s] [ 20%] Built target ament_cmake_python_copy_disco_slam
[0.103s] [ 27%] Built target disco_slam__rosidl_typesupport_introspection_c
[0.107s] [ 41%] Built target disco_slam__rosidl_typesupport_cpp
[0.107s] [ 62%] Built target disco_slam__rosidl_typesupport_fastrtps_cpp
[0.108s] [ 62%] Built target disco_slam__rosidl_typesupport_c
[0.108s] [ 55%] Built target disco_slam__rosidl_typesupport_fastrtps_c
[0.108s] [ 62%] Built target disco_slam__rosidl_typesupport_introspection_cpp
[0.142s] [ 62%] Built target disco_slam
[0.162s] [ 65%] Built target disco_slam_path_to_tum
[0.169s] [ 68%] Built target disco_slam_imageProjection
[0.174s] [ 70%] Built target disco_slam__py
[0.175s] [ 77%] Built target disco_slam_mapFusion
[0.176s] [ 77%] Built target disco_slam_featureExtraction
[0.177s] [ 81%] Built target disco_slam_mapOptmization
[0.187s] [ 84%] Built target disco_slam_imuPreintegration
[0.202s] [ 89%] Built target disco_slam__rosidl_generator_py
[0.233s] [ 93%] Built target disco_slam__rosidl_typesupport_fastrtps_c__pyext
[0.235s] [ 96%] Built target disco_slam__rosidl_typesupport_introspection_c__pyext
[0.236s] [100%] Built target disco_slam__rosidl_typesupport_c__pyext
[0.354s] running egg_info
[0.354s] writing disco_slam.egg-info/PKG-INFO
[0.355s] writing dependency_links to disco_slam.egg-info/dependency_links.txt
[0.355s] writing top-level names to disco_slam.egg-info/top_level.txt
[0.357s] reading manifest file 'disco_slam.egg-info/SOURCES.txt'
[0.357s] writing manifest file 'disco_slam.egg-info/SOURCES.txt'
[0.389s] [100%] Built target ament_cmake_python_build_disco_slam_egg
[0.402s] Invoked command in '/home/john22/disco_origin/src/disco_slam_copy/build/disco_slam' returned '0': CMAKE_PREFIX_PATH=/opt/ros/humble PS1=\n(TraeAI-23) \w [$?] $ __trae_PS1=\n(TraeAI-23) \w [$?] $ /usr/bin/cmake --build /home/john22/disco_origin/src/disco_slam_copy/build/disco_slam -- -j20 -l20
[0.414s] Invoking command in '/home/john22/disco_origin/src/disco_slam_copy/build/disco_slam': CMAKE_PREFIX_PATH=/opt/ros/humble PS1=\n(TraeAI-23) \w [$?] $ __trae_PS1=\n(TraeAI-23) \w [$?] $ /usr/bin/cmake --install /home/john22/disco_origin/src/disco_slam_copy/build/disco_slam
[0.422s] -- Install configuration: ""
[0.423s] -- Up-to-date: /home/john22/disco_origin/src/disco_slam_copy/install/disco_slam/share/ament_index/resource_index/rosidl_interfaces/disco_slam
[0.424s] -- Up-to-date: /home/john22/disco_origin/src/disco_slam_copy/install/disco_slam/include/disco_slam/disco_slam
[0.424s] -- Up-to-date: /home/john22/disco_origin/src/disco_slam_copy/install/disco_slam/include/disco_slam/disco_slam/msg
[0.425s] -- Up-to-date: /home/john22/disco_origin/src/disco_slam_copy/install/disco_slam/include/disco_slam/disco_slam/msg/rosidl_generator_c__visibility_control.h
[0.425s] -- Up-to-date: /home/john22/disco_origin/src/disco_slam_copy/install/disco_slam/include/disco_slam/disco_slam/msg/detail
[0.425s] -- Up-to-date: /home/john22/disco_origin/src/disco_slam_copy/install/disco_slam/include/disco_slam/disco_slam/msg/detail/context_info__functions.h
[0.426s] -- Up-to-date: /home/john22/disco_origin/src/disco_slam_copy/install/disco_slam/include/disco_slam/disco_slam/msg/detail/cloud_info__functions.h
[0.426s] -- Up-to-date: /home/john22/disco_origin/src/disco_slam_copy/install/disco_slam/include/disco_slam/disco_slam/msg/detail/cloud_info__type_support.h
[0.426s] -- Up-to-date: /home/john22/disco_origin/src/disco_slam_copy/install/disco_slam/include/disco_slam/disco_slam/msg/detail/context_info__struct.h
[0.426s] -- Up-to-date: /home/john22/disco_origin/src/disco_slam_copy/install/disco_slam/include/disco_slam/disco_slam/msg/detail/context_info__functions.c
[0.427s] -- Up-to-date: /home/john22/disco_origin/src/disco_slam_copy/install/disco_slam/include/disco_slam/disco_slam/msg/detail/context_info__type_support.h
[0.428s] -- Up-to-date: /home/john22/disco_origin/src/disco_slam_copy/install/disco_slam/include/disco_slam/disco_slam/msg/detail/cloud_info__struct.h
[0.428s] -- Up-to-date: /home/john22/disco_origin/src/disco_slam_copy/install/disco_slam/include/disco_slam/disco_slam/msg/detail/cloud_info__functions.c
[0.428s] -- Up-to-date: /home/john22/disco_origin/src/disco_slam_copy/install/disco_slam/include/disco_slam/disco_slam/msg/context_info.h
[0.428s] -- Up-to-date: /home/john22/disco_origin/src/disco_slam_copy/install/disco_slam/include/disco_slam/disco_slam/msg/cloud_info.h
[0.428s] -- Up-to-date: /home/john22/disco_origin/src/disco_slam_copy/install/disco_slam/share/disco_slam/environment/library_path.sh
[0.428s] -- Up-to-date: /home/john22/disco_origin/src/disco_slam_copy/install/disco_slam/share/disco_slam/environment/library_path.dsv
[0.428s] -- Up-to-date: /home/john22/disco_origin/src/disco_slam_copy/install/disco_slam/lib/libdisco_slam__rosidl_generator_c.so
[0.428s] -- Up-to-date: /home/john22/disco_origin/src/disco_slam_copy/install/disco_slam/include/disco_slam/disco_slam
[0.428s] -- Up-to-date: /home/john22/disco_origin/src/disco_slam_copy/install/disco_slam/include/disco_slam/disco_slam/msg
[0.428s] -- Up-to-date: /home/john22/disco_origin/src/disco_slam_copy/install/disco_slam/include/disco_slam/disco_slam/msg/detail
[0.428s] -- Up-to-date: /home/john22/disco_origin/src/disco_slam_copy/install/disco_slam/include/disco_slam/disco_slam/msg/detail/context_info__rosidl_typesupport_fastrtps_c.h
[0.429s] -- Up-to-date: /home/john22/disco_origin/src/disco_slam_copy/install/disco_slam/include/disco_slam/disco_slam/msg/detail/cloud_info__rosidl_typesupport_fastrtps_c.h
[0.429s] -- Up-to-date: /home/john22/disco_origin/src/disco_slam_copy/install/disco_slam/include/disco_slam/disco_slam/msg/rosidl_typesupport_fastrtps_c__visibility_control.h
[0.429s] -- Up-to-date: /home/john22/disco_origin/src/disco_slam_copy/install/disco_slam/lib/libdisco_slam__rosidl_typesupport_fastrtps_c.so
[0.430s] -- Up-to-date: /home/john22/disco_origin/src/disco_slam_copy/install/disco_slam/include/disco_slam/disco_slam
[0.430s] -- Up-to-date: /home/john22/disco_origin/src/disco_slam_copy/install/disco_slam/include/disco_slam/disco_slam/msg
[0.430s] -- Up-to-date: /home/john22/disco_origin/src/disco_slam_copy/install/disco_slam/include/disco_slam/disco_slam/msg/context_info.hpp
[0.430s] -- Up-to-date: /home/john22/disco_origin/src/disco_slam_copy/install/disco_slam/include/disco_slam/disco_slam/msg/rosidl_generator_cpp__visibility_control.hpp
[0.430s] -- Up-to-date: /home/john22/disco_origin/src/disco_slam_copy/install/disco_slam/include/disco_slam/disco_slam/msg/cloud_info.hpp
[0.430s] -- Up-to-date: /home/john22/disco_origin/src/disco_slam_copy/install/disco_slam/include/disco_slam/disco_slam/msg/detail
[0.431s] -- Up-to-date: /home/john22/disco_origin/src/disco_slam_copy/install/disco_slam/include/disco_slam/disco_slam/msg/detail/context_info__builder.hpp
[0.431s] -- Up-to-date: /home/john22/disco_origin/src/disco_slam_copy/install/disco_slam/include/disco_slam/disco_slam/msg/detail/context_info__traits.hpp
[0.431s] -- Up-to-date: /home/john22/disco_origin/src/disco_slam_copy/install/disco_slam/include/disco_slam/disco_slam/msg/detail/cloud_info__builder.hpp
[0.431s] -- Up-to-date: /home/john22/disco_origin/src/disco_slam_copy/install/disco_slam/include/disco_slam/disco_slam/msg/detail/cloud_info__type_support.hpp
[0.431s] -- Up-to-date: /home/john22/disco_origin/src/disco_slam_copy/install/disco_slam/include/disco_slam/disco_slam/msg/detail/context_info__struct.hpp
[0.431s] -- Up-to-date: /home/john22/disco_origin/src/disco_slam_copy/install/disco_slam/include/disco_slam/disco_slam/msg/detail/cloud_info__traits.hpp
[0.431s] -- Up-to-date: /home/john22/disco_origin/src/disco_slam_copy/install/disco_slam/include/disco_slam/disco_slam/msg/detail/context_info__type_support.hpp
[0.431s] -- Up-to-date: /home/john22/disco_origin/src/disco_slam_copy/install/disco_slam/include/disco_slam/disco_slam/msg/detail/cloud_info__struct.hpp
[0.431s] -- Up-to-date: /home/john22/disco_origin/src/disco_slam_copy/install/disco_slam/include/disco_slam/disco_slam
[0.431s] -- Up-to-date: /home/john22/disco_origin/src/disco_slam_copy/install/disco_slam/include/disco_slam/disco_slam/msg
[0.431s] -- Up-to-date: /home/john22/disco_origin/src/disco_slam_copy/install/disco_slam/include/disco_slam/disco_slam/msg/rosidl_typesupport_fastrtps_cpp__visibility_control.h
[0.431s] -- Up-to-date: /home/john22/disco_origin/src/disco_slam_copy/install/disco_slam/include/disco_slam/disco_slam/msg/detail
[0.431s] -- Up-to-date: /home/john22/disco_origin/src/disco_slam_copy/install/disco_slam/include/disco_slam/disco_slam/msg/detail/dds_fastrtps
[0.431s] -- Up-to-date: /home/john22/disco_origin/src/disco_slam_copy/install/disco_slam/include/disco_slam/disco_slam/msg/detail/cloud_info__rosidl_typesupport_fastrtps_cpp.hpp
[0.431s] -- Up-to-date: /home/john22/disco_origin/src/disco_slam_copy/install/disco_slam/include/disco_slam/disco_slam/msg/detail/context_info__rosidl_typesupport_fastrtps_cpp.hpp
[0.431s] -- Up-to-date: /home/john22/disco_origin/src/disco_slam_copy/install/disco_slam/lib/libdisco_slam__rosidl_typesupport_fastrtps_cpp.so
[0.431s] -- Up-to-date: /home/john22/disco_origin/src/disco_slam_copy/install/disco_slam/include/disco_slam/disco_slam
[0.431s] -- Up-to-date: /home/john22/disco_origin/src/disco_slam_copy/install/disco_slam/include/disco_slam/disco_slam/msg
[0.431s] -- Up-to-date: /home/john22/disco_origin/src/disco_slam_copy/install/disco_slam/include/disco_slam/disco_slam/msg/detail
[0.431s] -- Up-to-date: /home/john22/disco_origin/src/disco_slam_copy/install/disco_slam/include/disco_slam/disco_slam/msg/detail/context_info__type_support.c
[0.431s] -- Up-to-date: /home/john22/disco_origin/src/disco_slam_copy/install/disco_slam/include/disco_slam/disco_slam/msg/detail/context_info__rosidl_typesupport_introspection_c.h
[0.431s] -- Up-to-date: /home/john22/disco_origin/src/disco_slam_copy/install/disco_slam/include/disco_slam/disco_slam/msg/detail/cloud_info__rosidl_typesupport_introspection_c.h
[0.431s] -- Up-to-date: /home/john22/disco_origin/src/disco_slam_copy/install/disco_slam/include/disco_slam/disco_slam/msg/detail/cloud_info__type_support.c
[0.431s] -- Up-to-date: /home/john22/disco_origin/src/disco_slam_copy/install/disco_slam/include/disco_slam/disco_slam/msg/rosidl_typesupport_introspection_c__visibility_control.h
[0.431s] -- Up-to-date: /home/john22/disco_origin/src/disco_slam_copy/install/disco_slam/lib/libdisco_slam__rosidl_typesupport_introspection_c.so
[0.432s] -- Up-to-date: /home/john22/disco_origin/src/disco_slam_copy/install/disco_slam/lib/libdisco_slam__rosidl_typesupport_c.so
[0.432s] -- Up-to-date: /home/john22/disco_origin/src/disco_slam_copy/install/disco_slam/include/disco_slam/disco_slam
[0.432s] -- Up-to-date: /home/john22/disco_origin/src/disco_slam_copy/install/disco_slam/include/disco_slam/disco_slam/msg
[0.432s] -- Up-to-date: /home/john22/disco_origin/src/disco_slam_copy/install/disco_slam/include/disco_slam/disco_slam/msg/detail
[0.432s] -- Up-to-date: /home/john22/disco_origin/src/disco_slam_copy/install/disco_slam/include/disco_slam/disco_slam/msg/detail/context_info__rosidl_typesupport_introspection_cpp.hpp
[0.432s] -- Up-to-date: /home/john22/disco_origin/src/disco_slam_copy/install/disco_slam/include/disco_slam/disco_slam/msg/detail/cloud_info__rosidl_typesupport_introspection_cpp.hpp
[0.432s] -- Up-to-date: /home/john22/disco_origin/src/disco_slam_copy/install/disco_slam/include/disco_slam/disco_slam/msg/detail/cloud_info__type_support.cpp
[0.432s] -- Up-to-date: /home/john22/disco_origin/src/disco_slam_copy/install/disco_slam/include/disco_slam/disco_slam/msg/detail/context_info__type_support.cpp
[0.432s] -- Up-to-date: /home/john22/disco_origin/src/disco_slam_copy/install/disco_slam/lib/libdisco_slam__rosidl_typesupport_introspection_cpp.so
[0.432s] -- Up-to-date: /home/john22/disco_origin/src/disco_slam_copy/install/disco_slam/lib/libdisco_slam__rosidl_typesupport_cpp.so
[0.432s] -- Up-to-date: /home/john22/disco_origin/src/disco_slam_copy/install/disco_slam/share/disco_slam/environment/pythonpath.sh
[0.433s] -- Up-to-date: /home/john22/disco_origin/src/disco_slam_copy/install/disco_slam/share/disco_slam/environment/pythonpath.dsv
[0.433s] -- Up-to-date: /home/john22/disco_origin/src/disco_slam_copy/install/disco_slam/local/lib/python3.10/dist-packages/disco_slam-1.0.0-py3.10.egg-info
[0.433s] -- Installing: /home/john22/disco_origin/src/disco_slam_copy/install/disco_slam/local/lib/python3.10/dist-packages/disco_slam-1.0.0-py3.10.egg-info/dependency_links.txt
[0.433s] -- Installing: /home/john22/disco_origin/src/disco_slam_copy/install/disco_slam/local/lib/python3.10/dist-packages/disco_slam-1.0.0-py3.10.egg-info/top_level.txt
[0.433s] -- Installing: /home/john22/disco_origin/src/disco_slam_copy/install/disco_slam/local/lib/python3.10/dist-packages/disco_slam-1.0.0-py3.10.egg-info/PKG-INFO
[0.433s] -- Installing: /home/john22/disco_origin/src/disco_slam_copy/install/disco_slam/local/lib/python3.10/dist-packages/disco_slam-1.0.0-py3.10.egg-info/SOURCES.txt
[0.433s] -- Up-to-date: /home/john22/disco_origin/src/disco_slam_copy/install/disco_slam/local/lib/python3.10/dist-packages/disco_slam
[0.433s] -- Up-to-date: /home/john22/disco_origin/src/disco_slam_copy/install/disco_slam/local/lib/python3.10/dist-packages/disco_slam/_disco_slam_s.ep.rosidl_typesupport_fastrtps_c.c
[0.433s] -- Up-to-date: /home/john22/disco_origin/src/disco_slam_copy/install/disco_slam/local/lib/python3.10/dist-packages/disco_slam/disco_slam_s__rosidl_typesupport_fastrtps_c.cpython-310-x86_64-linux-gnu.so
[0.433s] -- Up-to-date: /home/john22/disco_origin/src/disco_slam_copy/install/disco_slam/local/lib/python3.10/dist-packages/disco_slam/disco_slam_s__rosidl_typesupport_introspection_c.cpython-310-x86_64-linux-gnu.so
[0.433s] -- Up-to-date: /home/john22/disco_origin/src/disco_slam_copy/install/disco_slam/local/lib/python3.10/dist-packages/disco_slam/disco_slam_s__rosidl_typesupport_c.cpython-310-x86_64-linux-gnu.so
[0.433s] -- Up-to-date: /home/john22/disco_origin/src/disco_slam_copy/install/disco_slam/local/lib/python3.10/dist-packages/disco_slam/msg
[0.433s] -- Up-to-date: /home/john22/disco_origin/src/disco_slam_copy/install/disco_slam/local/lib/python3.10/dist-packages/disco_slam/msg/_context_info.py
[0.433s] -- Up-to-date: /home/john22/disco_origin/src/disco_slam_copy/install/disco_slam/local/lib/python3.10/dist-packages/disco_slam/msg/_context_info_s.c
[0.433s] -- Up-to-date: /home/john22/disco_origin/src/disco_slam_copy/install/disco_slam/local/lib/python3.10/dist-packages/disco_slam/msg/_cloud_info.py
[0.433s] -- Up-to-date: /home/john22/disco_origin/src/disco_slam_copy/install/disco_slam/local/lib/python3.10/dist-packages/disco_slam/msg/__init__.py
[0.433s] -- Up-to-date: /home/john22/disco_origin/src/disco_slam_copy/install/disco_slam/local/lib/python3.10/dist-packages/disco_slam/msg/_cloud_info_s.c
[0.433s] -- Up-to-date: /home/john22/disco_origin/src/disco_slam_copy/install/disco_slam/local/lib/python3.10/dist-packages/disco_slam/libdisco_slam__rosidl_generator_py.so
[0.433s] -- Up-to-date: /home/john22/disco_origin/src/disco_slam_copy/install/disco_slam/local/lib/python3.10/dist-packages/disco_slam/_disco_slam_s.ep.rosidl_typesupport_c.c
[0.433s] -- Up-to-date: /home/john22/disco_origin/src/disco_slam_copy/install/disco_slam/local/lib/python3.10/dist-packages/disco_slam/__init__.py
[0.433s] -- Up-to-date: /home/john22/disco_origin/src/disco_slam_copy/install/disco_slam/local/lib/python3.10/dist-packages/disco_slam/_disco_slam_s.ep.rosidl_typesupport_introspection_c.c
[0.462s] Listing '/home/john22/disco_origin/src/disco_slam_copy/install/disco_slam/local/lib/python3.10/dist-packages/disco_slam'...
[0.462s] Listing '/home/john22/disco_origin/src/disco_slam_copy/install/disco_slam/local/lib/python3.10/dist-packages/disco_slam/msg'...
[0.466s] -- Up-to-date: /home/john22/disco_origin/src/disco_slam_copy/install/disco_slam/local/lib/python3.10/dist-packages/disco_slam/disco_slam_s__rosidl_typesupport_fastrtps_c.cpython-310-x86_64-linux-gnu.so
[0.467s] -- Up-to-date: /home/john22/disco_origin/src/disco_slam_copy/install/disco_slam/local/lib/python3.10/dist-packages/disco_slam/disco_slam_s__rosidl_typesupport_introspection_c.cpython-310-x86_64-linux-gnu.so
[0.468s] -- Up-to-date: /home/john22/disco_origin/src/disco_slam_copy/install/disco_slam/local/lib/python3.10/dist-packages/disco_slam/disco_slam_s__rosidl_typesupport_c.cpython-310-x86_64-linux-gnu.so
[0.468s] -- Up-to-date: /home/john22/disco_origin/src/disco_slam_copy/install/disco_slam/lib/libdisco_slam__rosidl_generator_py.so
[0.468s] -- Up-to-date: /home/john22/disco_origin/src/disco_slam_copy/install/disco_slam/share/disco_slam/msg/CloudInfo.idl
[0.469s] -- Up-to-date: /home/john22/disco_origin/src/disco_slam_copy/install/disco_slam/share/disco_slam/msg/ContextInfo.idl
[0.469s] -- Up-to-date: /home/john22/disco_origin/src/disco_slam_copy/install/disco_slam/share/disco_slam/msg/CloudInfo.msg
[0.469s] -- Up-to-date: /home/john22/disco_origin/src/disco_slam_copy/install/disco_slam/share/disco_slam/msg/ContextInfo.msg
[0.469s] -- Up-to-date: /home/john22/disco_origin/src/disco_slam_copy/install/disco_slam/lib/disco_slam/disco_slam_imageProjection
[0.469s] -- Up-to-date: /home/john22/disco_origin/src/disco_slam_copy/install/disco_slam/lib/disco_slam/disco_slam_featureExtraction
[0.470s] -- Up-to-date: /home/john22/disco_origin/src/disco_slam_copy/install/disco_slam/lib/disco_slam/disco_slam_mapOptmization
[0.470s] -- Up-to-date: /home/john22/disco_origin/src/disco_slam_copy/install/disco_slam/lib/disco_slam/disco_slam_imuPreintegration
[0.470s] -- Up-to-date: /home/john22/disco_origin/src/disco_slam_copy/install/disco_slam/lib/disco_slam/disco_slam_mapFusion
[0.470s] -- Up-to-date: /home/john22/disco_origin/src/disco_slam_copy/install/disco_slam/lib/disco_slam/disco_slam_path_to_tum
[0.470s] -- Up-to-date: /home/john22/disco_origin/src/disco_slam_copy/install/disco_slam/lib/disco_slam/libfast_max-clique_finder.so
[0.470s] -- Up-to-date: /home/john22/disco_origin/src/disco_slam_copy/install/disco_slam/lib/disco_slam/libscan_context.so
[0.471s] -- Up-to-date: /home/john22/disco_origin/src/disco_slam_copy/install/disco_slam/share/disco_slam/launch
[0.471s] -- Up-to-date: /home/john22/disco_origin/src/disco_slam_copy/install/disco_slam/share/disco_slam/launch/run_multi.launch
[0.471s] -- Up-to-date: /home/john22/disco_origin/src/disco_slam_copy/install/disco_slam/share/disco_slam/launch/run.launch
[0.472s] -- Installing: /home/john22/disco_origin/src/disco_slam_copy/install/disco_slam/share/disco_slam/launch/run.launch.py
[0.472s] -- Up-to-date: /home/john22/disco_origin/src/disco_slam_copy/install/disco_slam/share/disco_slam/launch/run_fusion.launch
[0.472s] -- Up-to-date: /home/john22/disco_origin/src/disco_slam_copy/install/disco_slam/share/disco_slam/launch/include
[0.473s] -- Up-to-date: /home/john22/disco_origin/src/disco_slam_copy/install/disco_slam/share/disco_slam/launch/include/module_rviz.launch
[0.473s] -- Up-to-date: /home/john22/disco_origin/src/disco_slam_copy/install/disco_slam/share/disco_slam/launch/include/config
[0.474s] -- Up-to-date: /home/john22/disco_origin/src/disco_slam_copy/install/disco_slam/share/disco_slam/launch/include/config/rviz1.rviz
[0.474s] -- Up-to-date: /home/john22/disco_origin/src/disco_slam_copy/install/disco_slam/share/disco_slam/launch/include/config/rviz.rviz
[0.474s] -- Up-to-date: /home/john22/disco_origin/src/disco_slam_copy/install/disco_slam/share/disco_slam/launch/include/config/robot.urdf.xacro
[0.475s] -- Installing: /home/john22/disco_origin/src/disco_slam_copy/install/disco_slam/share/disco_slam/launch/include/config/rviz2.rviz
[0.475s] -- Up-to-date: /home/john22/disco_origin/src/disco_slam_copy/install/disco_slam/share/disco_slam/launch/include/rosconsole
[0.475s] -- Up-to-date: /home/john22/disco_origin/src/disco_slam_copy/install/disco_slam/share/disco_slam/launch/include/rosconsole/rosconsole_error.conf
[0.476s] -- Up-to-date: /home/john22/disco_origin/src/disco_slam_copy/install/disco_slam/share/disco_slam/launch/include/rosconsole/rosconsole_warn.conf
[0.476s] -- Up-to-date: /home/john22/disco_origin/src/disco_slam_copy/install/disco_slam/share/disco_slam/launch/include/rosconsole/rosconsole_info.conf
[0.476s] -- Up-to-date: /home/john22/disco_origin/src/disco_slam_copy/install/disco_slam/share/disco_slam/launch/include/module_loam.launch
[0.476s] -- Up-to-date: /home/john22/disco_origin/src/disco_slam_copy/install/disco_slam/share/disco_slam/launch/include/module_robot_state_publisher.launch
[0.477s] -- Up-to-date: /home/john22/disco_origin/src/disco_slam_copy/install/disco_slam/share/disco_slam/launch/include/module_navsat.launch
[0.477s] -- Up-to-date: /home/john22/disco_origin/src/disco_slam_copy/install/disco_slam/share/disco_slam/launch/run_path_to_tum.launch
[0.477s] -- Up-to-date: /home/john22/disco_origin/src/disco_slam_copy/install/disco_slam/share/disco_slam/config
[0.478s] -- Up-to-date: /home/john22/disco_origin/src/disco_slam_copy/install/disco_slam/share/disco_slam/config/params_k.yaml
[0.478s] -- Up-to-date: /home/john22/disco_origin/src/disco_slam_copy/install/disco_slam/share/disco_slam/config/consistency_matrixgensui.clq.mtx
[0.478s] -- Up-to-date: /home/john22/disco_origin/src/disco_slam_copy/install/disco_slam/share/disco_slam/config/topic.png
[0.478s] -- Up-to-date: /home/john22/disco_origin/src/disco_slam_copy/install/disco_slam/share/disco_slam/config/consistency_matrixjackal2.clq.mtx
[0.479s] -- Up-to-date: /home/john22/disco_origin/src/disco_slam_copy/install/disco_slam/share/disco_slam/config/sensordata_to_rosbag_liosam.py
[0.479s] -- Up-to-date: /home/john22/disco_origin/src/disco_slam_copy/install/disco_slam/share/disco_slam/config/params_ue.yaml
[0.479s] -- Up-to-date: /home/john22/disco_origin/src/disco_slam_copy/install/disco_slam/share/disco_slam/config/params_nclt.yaml
[0.479s] -- Up-to-date: /home/john22/disco_origin/src/disco_slam_copy/install/disco_slam/share/disco_slam/config/consistency_matrixjackal1.clq.mtx
[0.480s] -- Up-to-date: /home/john22/disco_origin/src/disco_slam_copy/install/disco_slam/share/disco_slam/config/doc
[0.480s] -- Up-to-date: /home/john22/disco_origin/src/disco_slam_copy/install/disco_slam/share/disco_slam/config/doc/ouster-demo.gif
[0.480s] -- Up-to-date: /home/john22/disco_origin/src/disco_slam_copy/install/disco_slam/share/disco_slam/config/doc/imu-transform.png
[0.480s] -- Up-to-date: /home/john22/disco_origin/src/disco_slam_copy/install/disco_slam/share/disco_slam/config/doc/device-jackal.png
[0.480s] -- Up-to-date: /home/john22/disco_origin/src/disco_slam_copy/install/disco_slam/share/disco_slam/config/doc/imu-debug.gif
[0.480s] -- Up-to-date: /home/john22/disco_origin/src/disco_slam_copy/install/disco_slam/share/disco_slam/config/doc/device-hand.png
[0.480s] -- Up-to-date: /home/john22/disco_origin/src/disco_slam_copy/install/disco_slam/share/disco_slam/config/doc/kitti2bag
[0.480s] -- Up-to-date: /home/john22/disco_origin/src/disco_slam_copy/install/disco_slam/share/disco_slam/config/doc/kitti2bag/kitti2bag.py
[0.480s] -- Up-to-date: /home/john22/disco_origin/src/disco_slam_copy/install/disco_slam/share/disco_slam/config/doc/kitti2bag/README.md
[0.480s] -- Up-to-date: /home/john22/disco_origin/src/disco_slam_copy/install/disco_slam/share/disco_slam/config/doc/ouster-device.jpg
[0.480s] -- Up-to-date: /home/john22/disco_origin/src/disco_slam_copy/install/disco_slam/share/disco_slam/config/doc/device-boat.png
[0.480s] -- Up-to-date: /home/john22/disco_origin/src/disco_slam_copy/install/disco_slam/share/disco_slam/config/doc/system.png
[0.480s] -- Up-to-date: /home/john22/disco_origin/src/disco_slam_copy/install/disco_slam/share/disco_slam/config/doc/demo.gif
[0.480s] -- Up-to-date: /home/john22/disco_origin/src/disco_slam_copy/install/disco_slam/share/disco_slam/config/doc/loop-closure.gif
[0.480s] -- Up-to-date: /home/john22/disco_origin/src/disco_slam_copy/install/disco_slam/share/disco_slam/config/doc/kitti-demo.gif
[0.480s] -- Up-to-date: /home/john22/disco_origin/src/disco_slam_copy/install/disco_slam/share/disco_slam/config/doc/loop-closure-2.gif
[0.480s] -- Up-to-date: /home/john22/disco_origin/src/disco_slam_copy/install/disco_slam/share/disco_slam/config/doc/kitti-map.png
[0.480s] -- Up-to-date: /home/john22/disco_origin/src/disco_slam_copy/install/disco_slam/share/disco_slam/config/doc/gps-demo.gif
[0.480s] -- Up-to-date: /home/john22/disco_origin/src/disco_slam_copy/install/disco_slam/share/disco_slam/config/doc/paper.pdf
[0.480s] -- Up-to-date: /home/john22/disco_origin/src/disco_slam_copy/install/disco_slam/share/disco_slam/config/doc/device-hand-2.png
[0.480s] -- Up-to-date: /home/john22/disco_origin/src/disco_slam_copy/install/disco_slam/share/disco_slam/config/params.yaml
[0.480s] -- Up-to-date: /home/john22/disco_origin/src/disco_slam_copy/install/disco_slam/share/disco_slam/config/context.png
[0.480s] -- Up-to-date: /home/john22/disco_origin/src/disco_slam_copy/install/disco_slam/share/disco_slam/config
[0.480s] -- Up-to-date: /home/john22/disco_origin/src/disco_slam_copy/install/disco_slam/share/disco_slam/config/mapfusion.yaml
[0.480s] -- Up-to-date: /home/john22/disco_origin/src/disco_slam_copy/install/disco_slam/share/disco_slam/config/mapfusion_k.yaml
[0.481s] -- Up-to-date: /home/john22/disco_origin/src/disco_slam_copy/install/disco_slam/share/disco_slam/config/mapfusion_ue.yaml
[0.481s] -- Up-to-date: /home/john22/disco_origin/src/disco_slam_copy/install/disco_slam/share/ament_index/resource_index/package_run_dependencies/disco_slam
[0.481s] -- Up-to-date: /home/john22/disco_origin/src/disco_slam_copy/install/disco_slam/share/ament_index/resource_index/parent_prefix_path/disco_slam
[0.481s] -- Up-to-date: /home/john22/disco_origin/src/disco_slam_copy/install/disco_slam/share/disco_slam/environment/ament_prefix_path.sh
[0.481s] -- Up-to-date: /home/john22/disco_origin/src/disco_slam_copy/install/disco_slam/share/disco_slam/environment/ament_prefix_path.dsv
[0.481s] -- Up-to-date: /home/john22/disco_origin/src/disco_slam_copy/install/disco_slam/share/disco_slam/environment/path.sh
[0.481s] -- Up-to-date: /home/john22/disco_origin/src/disco_slam_copy/install/disco_slam/share/disco_slam/environment/path.dsv
[0.481s] -- Up-to-date: /home/john22/disco_origin/src/disco_slam_copy/install/disco_slam/share/disco_slam/local_setup.bash
[0.481s] -- Up-to-date: /home/john22/disco_origin/src/disco_slam_copy/install/disco_slam/share/disco_slam/local_setup.sh
[0.481s] -- Up-to-date: /home/john22/disco_origin/src/disco_slam_copy/install/disco_slam/share/disco_slam/local_setup.zsh
[0.481s] -- Up-to-date: /home/john22/disco_origin/src/disco_slam_copy/install/disco_slam/share/disco_slam/local_setup.dsv
[0.481s] -- Installing: /home/john22/disco_origin/src/disco_slam_copy/install/disco_slam/share/disco_slam/package.dsv
[0.481s] -- Up-to-date: /home/john22/disco_origin/src/disco_slam_copy/install/disco_slam/share/ament_index/resource_index/packages/disco_slam
[0.481s] -- Up-to-date: /home/john22/disco_origin/src/disco_slam_copy/install/disco_slam/share/disco_slam/cmake/export_disco_slam__rosidl_generator_cExport.cmake
[0.481s] -- Up-to-date: /home/john22/disco_origin/src/disco_slam_copy/install/disco_slam/share/disco_slam/cmake/export_disco_slam__rosidl_generator_cExport-noconfig.cmake
[0.481s] -- Up-to-date: /home/john22/disco_origin/src/disco_slam_copy/install/disco_slam/share/disco_slam/cmake/export_disco_slam__rosidl_typesupport_fastrtps_cExport.cmake
[0.481s] -- Up-to-date: /home/john22/disco_origin/src/disco_slam_copy/install/disco_slam/share/disco_slam/cmake/export_disco_slam__rosidl_typesupport_fastrtps_cExport-noconfig.cmake
[0.482s] -- Up-to-date: /home/john22/disco_origin/src/disco_slam_copy/install/disco_slam/share/disco_slam/cmake/export_disco_slam__rosidl_generator_cppExport.cmake
[0.482s] -- Up-to-date: /home/john22/disco_origin/src/disco_slam_copy/install/disco_slam/share/disco_slam/cmake/export_disco_slam__rosidl_typesupport_fastrtps_cppExport.cmake
[0.483s] -- Up-to-date: /home/john22/disco_origin/src/disco_slam_copy/install/disco_slam/share/disco_slam/cmake/export_disco_slam__rosidl_typesupport_fastrtps_cppExport-noconfig.cmake
[0.483s] -- Up-to-date: /home/john22/disco_origin/src/disco_slam_copy/install/disco_slam/share/disco_slam/cmake/disco_slam__rosidl_typesupport_introspection_cExport.cmake
[0.483s] -- Up-to-date: /home/john22/disco_origin/src/disco_slam_copy/install/disco_slam/share/disco_slam/cmake/disco_slam__rosidl_typesupport_introspection_cExport-noconfig.cmake
[0.484s] -- Up-to-date: /home/john22/disco_origin/src/disco_slam_copy/install/disco_slam/share/disco_slam/cmake/disco_slam__rosidl_typesupport_cExport.cmake
[0.485s] -- Up-to-date: /home/john22/disco_origin/src/disco_slam_copy/install/disco_slam/share/disco_slam/cmake/disco_slam__rosidl_typesupport_cExport-noconfig.cmake
[0.486s] -- Up-to-date: /home/john22/disco_origin/src/disco_slam_copy/install/disco_slam/share/disco_slam/cmake/disco_slam__rosidl_typesupport_introspection_cppExport.cmake
[0.487s] -- Up-to-date: /home/john22/disco_origin/src/disco_slam_copy/install/disco_slam/share/disco_slam/cmake/disco_slam__rosidl_typesupport_introspection_cppExport-noconfig.cmake
[0.487s] -- Up-to-date: /home/john22/disco_origin/src/disco_slam_copy/install/disco_slam/share/disco_slam/cmake/disco_slam__rosidl_typesupport_cppExport.cmake
[0.488s] -- Up-to-date: /home/john22/disco_origin/src/disco_slam_copy/install/disco_slam/share/disco_slam/cmake/disco_slam__rosidl_typesupport_cppExport-noconfig.cmake
[0.488s] -- Up-to-date: /home/john22/disco_origin/src/disco_slam_copy/install/disco_slam/share/disco_slam/cmake/export_disco_slam__rosidl_generator_pyExport.cmake
[0.488s] -- Up-to-date: /home/john22/disco_origin/src/disco_slam_copy/install/disco_slam/share/disco_slam/cmake/export_disco_slam__rosidl_generator_pyExport-noconfig.cmake
[0.488s] -- Up-to-date: /home/john22/disco_origin/src/disco_slam_copy/install/disco_slam/share/disco_slam/cmake/rosidl_cmake-extras.cmake
[0.489s] -- Up-to-date: /home/john22/disco_origin/src/disco_slam_copy/install/disco_slam/share/disco_slam/cmake/ament_cmake_export_dependencies-extras.cmake
[0.489s] -- Up-to-date: /home/john22/disco_origin/src/disco_slam_copy/install/disco_slam/share/disco_slam/cmake/ament_cmake_export_include_directories-extras.cmake
[0.489s] -- Up-to-date: /home/john22/disco_origin/src/disco_slam_copy/install/disco_slam/share/disco_slam/cmake/ament_cmake_export_libraries-extras.cmake
[0.490s] -- Up-to-date: /home/john22/disco_origin/src/disco_slam_copy/install/disco_slam/share/disco_slam/cmake/ament_cmake_export_targets-extras.cmake
[0.490s] -- Up-to-date: /home/john22/disco_origin/src/disco_slam_copy/install/disco_slam/share/disco_slam/cmake/rosidl_cmake_export_typesupport_targets-extras.cmake
[0.490s] -- Up-to-date: /home/john22/disco_origin/src/disco_slam_copy/install/disco_slam/share/disco_slam/cmake/rosidl_cmake_export_typesupport_libraries-extras.cmake
[0.490s] -- Up-to-date: /home/john22/disco_origin/src/disco_slam_copy/install/disco_slam/share/disco_slam/cmake/disco_slamConfig.cmake
[0.491s] -- Up-to-date: /home/john22/disco_origin/src/disco_slam_copy/install/disco_slam/share/disco_slam/cmake/disco_slamConfig-version.cmake
[0.492s] -- Up-to-date: /home/john22/disco_origin/src/disco_slam_copy/install/disco_slam/share/disco_slam/package.xml
[0.492s] Invoked command in '/home/john22/disco_origin/src/disco_slam_copy/build/disco_slam' returned '0': CMAKE_PREFIX_PATH=/opt/ros/humble PS1=\n(TraeAI-23) \w [$?] $ __trae_PS1=\n(TraeAI-23) \w [$?] $ /usr/bin/cmake --install /home/john22/disco_origin/src/disco_slam_copy/build/disco_slam
